[debug] > Exec(early(addDefaultCommands), None, None)
[debug] > Exec(addDefaultCommands, None, None)
[debug] > Exec(early(initialize), None, None)
[debug] > Exec(initialize, None, None)
[debug] > Exec(boot, None, None)
[debug] > Exec(writeSbtVersion, None, None)
[debug] > Exec(reload, None, None)
[debug] > Exec(sbtStashOnFailure, None, None)
[debug] > Exec(onFailure loadFailed, None, None)
[debug] > Exec(loadp, None, None)
[info] welcome to sbt 1.4.7 (Oracle Corporation Java 1.8.0_241)
[debug]       Load.loadUnit: plugins took 96.14316ms
[debug]       Load.loadUnit: defsScala took 0.362356ms
[debug] [Loading] Scanning directory /Users/bsnbk/.sbt/1.0/plugins
[debug] [Loading] Found non-root projects 
[debug] [Loading] Done in /Users/bsnbk/.sbt/1.0/plugins, returning: ()
[debug] deducing auto plugins based on known facts Set(Atom(sbt.plugins.CorePlugin)) and clauses Clauses(List(Clause(Atom(sbt.plugins.JvmPlugin),Set(Atom(sbt.plugins.IvyPlugin))), Clause(Atom(sbt.ScriptedPlugin),Set(Atom(sbt.plugins.JvmPlugin))), Clause(Atom(sbt.plugins.SbtPlugin),Set(Atom(sbt.ScriptedPlugin))), Clause(Atom(sbt.plugins.SemanticdbPlugin),Set(Atom(sbt.plugins.JvmPlugin))), Clause(Atom(sbt.plugins.JUnitXmlReportPlugin),Set(Atom(sbt.plugins.JvmPlugin))), Clause(Atom(sbt.plugins.MiniDependencyTreePlugin),Set(Atom(sbt.plugins.JvmPlugin))), Clause(Atom(sbt.plugins.CorePlugin),Set(Atom(sbt.plugins.IvyPlugin))), Clause(Atom(sbt.plugins.IvyPlugin),Set(Atom(sbt.plugins.JvmPlugin))), Clause(Atom(sbt.plugins.JvmPlugin),Set(Atom(sbt.plugins.SemanticdbPlugin))), Clause(Atom(sbt.plugins.JvmPlugin),Set(Atom(sbt.plugins.JUnitXmlReportPlugin))), Clause(Atom(sbt.plugins.CorePlugin),Set(Atom(sbt.plugins.Giter8TemplatePlugin))), Clause(Atom(sbt.plugins.JvmPlugin),Set(Atom(sbt.plugins.MiniDependencyTreePlugin)))))
[debug]   :: deduced result: Matched(sbt.plugins.CorePlugin,sbt.plugins.Giter8TemplatePlugin,sbt.plugins.IvyPlugin,sbt.plugins.JvmPlugin,sbt.plugins.MiniDependencyTreePlugin,sbt.plugins.JUnitXmlReportPlugin,sbt.plugins.SemanticdbPlugin)
[debug] Plugins.deducer#function took 33.94705 ms
[debug]           Load.resolveProject(global-plugins) took 63.724588ms
[debug]         Load.loadTransitive: finalizeProject(Project(id global-plugins, base: /Users/bsnbk/.sbt/1.0/plugins, plugins: List(<none>))) took 258.225682ms
[debug] [Loading] Done in /Users/bsnbk/.sbt/1.0/plugins, returning: (global-plugins)
[debug]       Load.loadUnit: loadedProjectsRaw took 289.629566ms
[debug]       Load.loadUnit: cleanEvalClasses took 0.316622ms
[debug]     Load.loadUnit(file:/Users/bsnbk/.sbt/1.0/plugins/, ...) took 396.263556ms
[debug]   Load.apply: load took 6007.293797ms
[debug]   Load.apply: resolveProjects took 8.232419ms
[debug]   Load.apply: finalTransforms took 68.33375ms
[debug]   Load.apply: config.delegates took 10.121027ms
[debug]   Load.apply: Def.make(settings)... took 432.221142ms
[debug]   Load.apply: structureIndex took 106.460332ms
[debug]   Load.apply: mkStreams took 2.237456ms
[info] loading global plugins from /Users/bsnbk/.sbt/1.0/plugins
[debug] Running task... Cancel: Signal, check cycles: false, forcegc: true
[debug] Load.defaultLoad until apply took 13101.397488ms
[debug]           Load.loadUnit: plugins took 13.52536ms
[debug]           Load.loadUnit: defsScala took 0.004232ms
[debug] [Loading] Scanning directory /Users/bsnbk/Documents/KBTU/BE/Week6/project
[debug] [Loading] Found non-root projects 
[debug] [Loading] Done in /Users/bsnbk/Documents/KBTU/BE/Week6/project, returning: ()
[debug] deducing auto plugins based on known facts Set(Atom(sbt.plugins.CorePlugin)) and clauses Clauses(List(Clause(Atom(sbt.plugins.JvmPlugin),Set(Atom(sbt.plugins.IvyPlugin))), Clause(Atom(sbt.ScriptedPlugin),Set(Atom(sbt.plugins.JvmPlugin))), Clause(Atom(sbt.plugins.SbtPlugin),Set(Atom(sbt.ScriptedPlugin))), Clause(Atom(sbt.plugins.SemanticdbPlugin),Set(Atom(sbt.plugins.JvmPlugin))), Clause(Atom(sbt.plugins.JUnitXmlReportPlugin),Set(Atom(sbt.plugins.JvmPlugin))), Clause(Atom(sbt.plugins.MiniDependencyTreePlugin),Set(Atom(sbt.plugins.JvmPlugin))), Clause(Atom(sbt.plugins.CorePlugin),Set(Atom(sbt.plugins.IvyPlugin))), Clause(Atom(sbt.plugins.IvyPlugin),Set(Atom(sbt.plugins.JvmPlugin))), Clause(Atom(sbt.plugins.JvmPlugin),Set(Atom(sbt.plugins.SemanticdbPlugin))), Clause(Atom(sbt.plugins.JvmPlugin),Set(Atom(sbt.plugins.JUnitXmlReportPlugin))), Clause(Atom(sbt.plugins.CorePlugin),Set(Atom(sbt.plugins.Giter8TemplatePlugin))), Clause(Atom(sbt.plugins.JvmPlugin),Set(Atom(sbt.plugins.MiniDependencyTreePlugin)))))
[debug]   :: deduced result: Matched(sbt.plugins.CorePlugin,sbt.plugins.Giter8TemplatePlugin,sbt.plugins.IvyPlugin,sbt.plugins.JvmPlugin,sbt.plugins.MiniDependencyTreePlugin,sbt.plugins.JUnitXmlReportPlugin,sbt.plugins.SemanticdbPlugin)
[debug] Plugins.deducer#function took 1.861931 ms
[debug]               Load.resolveProject(week6-build) took 1.05876ms
[debug]             Load.loadTransitive: finalizeProject(Project(id week6-build, base: /Users/bsnbk/Documents/KBTU/BE/Week6/project, plugins: List(<none>))) took 3.494529ms
[debug] [Loading] Done in /Users/bsnbk/Documents/KBTU/BE/Week6/project, returning: (week6-build)
[debug]           Load.loadUnit: loadedProjectsRaw took 5.19728ms
[debug]           Load.loadUnit: cleanEvalClasses took 0.009987ms
[debug]         Load.loadUnit(file:/Users/bsnbk/Documents/KBTU/BE/Week6/project/, ...) took 19.45465ms
[debug]       Load.apply: load took 20.680917ms
[debug]       Load.apply: resolveProjects took 0.107488ms
[debug]       Load.apply: finalTransforms took 8.433494ms
[debug]       Load.apply: config.delegates took 0.402624ms
[debug]       Load.apply: Def.make(settings)... took 63.178134ms
[debug]       Load.apply: structureIndex took 22.631774ms
[debug]       Load.apply: mkStreams took 0.002415ms
[info] loading project definition from /Users/bsnbk/Documents/KBTU/BE/Week6/project
[debug] Running task... Cancel: Signal, check cycles: false, forcegc: true
[debug]     Load.loadUnit: plugins took 241.254742ms
[debug]     Load.loadUnit: defsScala took 0.006783ms
[debug] [Loading] Scanning directory /Users/bsnbk/Documents/KBTU/BE/Week6
[debug]       Load.loadUnit: mkEval took 10.891741ms
[debug] [Loading] Found non-root projects 
[debug] [Loading] Done in /Users/bsnbk/Documents/KBTU/BE/Week6, returning: ()
[debug] deducing auto plugins based on known facts Set(Atom(sbt.plugins.CorePlugin)) and clauses Clauses(List(Clause(Atom(sbt.plugins.JvmPlugin),Set(Atom(sbt.plugins.IvyPlugin))), Clause(Atom(sbt.ScriptedPlugin),Set(Atom(sbt.plugins.JvmPlugin))), Clause(Atom(sbt.plugins.SbtPlugin),Set(Atom(sbt.ScriptedPlugin))), Clause(Atom(sbt.plugins.SemanticdbPlugin),Set(Atom(sbt.plugins.JvmPlugin))), Clause(Atom(sbt.plugins.JUnitXmlReportPlugin),Set(Atom(sbt.plugins.JvmPlugin))), Clause(Atom(sbt.plugins.MiniDependencyTreePlugin),Set(Atom(sbt.plugins.JvmPlugin))), Clause(Atom(sbt.plugins.CorePlugin),Set(Atom(sbt.plugins.IvyPlugin))), Clause(Atom(sbt.plugins.IvyPlugin),Set(Atom(sbt.plugins.JvmPlugin))), Clause(Atom(sbt.plugins.JvmPlugin),Set(Atom(sbt.plugins.SemanticdbPlugin))), Clause(Atom(sbt.plugins.JvmPlugin),Set(Atom(sbt.plugins.JUnitXmlReportPlugin))), Clause(Atom(sbt.plugins.CorePlugin),Set(Atom(sbt.plugins.Giter8TemplatePlugin))), Clause(Atom(sbt.plugins.JvmPlugin),Set(Atom(sbt.plugins.MiniDependencyTreePlugin)))))
[debug]   :: deduced result: Matched(sbt.plugins.CorePlugin,sbt.plugins.Giter8TemplatePlugin,sbt.plugins.IvyPlugin,sbt.plugins.JvmPlugin,sbt.plugins.MiniDependencyTreePlugin,sbt.plugins.JUnitXmlReportPlugin,sbt.plugins.SemanticdbPlugin)
[debug] Plugins.deducer#function took 2.191822 ms
[info] loading settings for project week6 from build.sbt ...
[debug]         Load.resolveProject(week6) took 2.639812ms
[debug]       Load.loadTransitive: finalizeProject(Project(id week6, base: /Users/bsnbk/Documents/KBTU/BE/Week6, plugins: List(<none>))) took 5.482089ms
[debug] [Loading] Done in /Users/bsnbk/Documents/KBTU/BE/Week6, returning: (week6)
[debug]     Load.loadUnit: loadedProjectsRaw took 165.833819ms
[debug]     Load.loadUnit: cleanEvalClasses took 5.69997ms
[debug]   Load.loadUnit(file:/Users/bsnbk/Documents/KBTU/BE/Week6/, ...) took 414.080214ms
[debug] Load.apply: load took 415.274751ms
[debug] Load.apply: resolveProjects took 0.102943ms
[debug] Load.apply: finalTransforms took 6.626827ms
[debug] Load.apply: config.delegates took 0.380543ms
[debug] Load.apply: Def.make(settings)... took 95.295499ms
[debug] Load.apply: structureIndex took 23.249307ms
[debug] Load.apply: mkStreams took 0.00256ms
[info] set current project to Week6 (in build file:/Users/bsnbk/Documents/KBTU/BE/Week6/)
[debug] > Exec(sbtPopOnFailure, None, None)
[debug] > Exec(resumeFromFailure, None, None)
[debug] > Exec(notifyUsersAboutShell, None, None)
[debug] > Exec(iflast shell, None, None)
[debug] > Exec(run, None, None)
[debug] Evaluating tasks: Compile / run
[debug] Running task... Cancel: Signal, check cycles: false, forcegc: true
[info] compiling 1 Scala source to /Users/bsnbk/Documents/KBTU/BE/Week6/target/scala-2.13/classes ...
[info] done compiling
