[debug] > Exec(early(addDefaultCommands), None, None)
[debug] > Exec(addDefaultCommands, None, None)
[debug] > Exec(early(initialize), None, None)
[debug] > Exec(initialize, None, None)
[debug] > Exec(boot, None, None)
[debug] > Exec(writeSbtVersion, None, None)
[debug] > Exec(reload, None, None)
[debug] > Exec(sbtStashOnFailure, None, None)
[debug] > Exec(onFailure loadFailed, None, None)
[debug] > Exec(loadp, None, None)
[info] welcome to sbt 1.4.7 (Oracle Corporation Java 1.8.0_241)
[debug]       Load.loadUnit: plugins took 94.604754ms
[debug]       Load.loadUnit: defsScala took 0.487012ms
[debug] [Loading] Scanning directory /Users/bsnbk/.sbt/1.0/plugins
[debug] [Loading] Found non-root projects 
[debug] [Loading] Done in /Users/bsnbk/.sbt/1.0/plugins, returning: ()
[debug] deducing auto plugins based on known facts Set(Atom(sbt.plugins.CorePlugin)) and clauses Clauses(List(Clause(Atom(sbt.plugins.JvmPlugin),Set(Atom(sbt.plugins.IvyPlugin))), Clause(Atom(sbt.ScriptedPlugin),Set(Atom(sbt.plugins.JvmPlugin))), Clause(Atom(sbt.plugins.SbtPlugin),Set(Atom(sbt.ScriptedPlugin))), Clause(Atom(sbt.plugins.SemanticdbPlugin),Set(Atom(sbt.plugins.JvmPlugin))), Clause(Atom(sbt.plugins.JUnitXmlReportPlugin),Set(Atom(sbt.plugins.JvmPlugin))), Clause(Atom(sbt.plugins.MiniDependencyTreePlugin),Set(Atom(sbt.plugins.JvmPlugin))), Clause(Atom(sbt.plugins.CorePlugin),Set(Atom(sbt.plugins.IvyPlugin))), Clause(Atom(sbt.plugins.IvyPlugin),Set(Atom(sbt.plugins.JvmPlugin))), Clause(Atom(sbt.plugins.JvmPlugin),Set(Atom(sbt.plugins.SemanticdbPlugin))), Clause(Atom(sbt.plugins.JvmPlugin),Set(Atom(sbt.plugins.JUnitXmlReportPlugin))), Clause(Atom(sbt.plugins.CorePlugin),Set(Atom(sbt.plugins.Giter8TemplatePlugin))), Clause(Atom(sbt.plugins.JvmPlugin),Set(Atom(sbt.plugins.MiniDependencyTreePlugin)))))
[debug]   :: deduced result: Matched(sbt.plugins.CorePlugin,sbt.plugins.Giter8TemplatePlugin,sbt.plugins.IvyPlugin,sbt.plugins.JvmPlugin,sbt.plugins.MiniDependencyTreePlugin,sbt.plugins.JUnitXmlReportPlugin,sbt.plugins.SemanticdbPlugin)
[debug] Plugins.deducer#function took 26.072632 ms
[debug]           Load.resolveProject(global-plugins) took 55.180533ms
[debug]         Load.loadTransitive: finalizeProject(Project(id global-plugins, base: /Users/bsnbk/.sbt/1.0/plugins, plugins: List(<none>))) took 223.0546ms
[debug] [Loading] Done in /Users/bsnbk/.sbt/1.0/plugins, returning: (global-plugins)
[debug]       Load.loadUnit: loadedProjectsRaw took 252.974357ms
[debug]       Load.loadUnit: cleanEvalClasses took 0.380432ms
[debug]     Load.loadUnit(file:/Users/bsnbk/.sbt/1.0/plugins/, ...) took 358.83106ms
[debug]   Load.apply: load took 6195.541962ms
[debug]   Load.apply: resolveProjects took 6.896058ms
[debug]   Load.apply: finalTransforms took 61.183648ms
[debug]   Load.apply: config.delegates took 8.007712ms
[debug]   Load.apply: Def.make(settings)... took 379.46589ms
[debug]   Load.apply: structureIndex took 102.412576ms
[debug]   Load.apply: mkStreams took 1.844242ms
[info] loading global plugins from /Users/bsnbk/.sbt/1.0/plugins
[debug] Running task... Cancel: Signal, check cycles: false, forcegc: true
[debug] Load.defaultLoad until apply took 13116.500391ms
[debug]           Load.loadUnit: plugins took 15.319989ms
[debug]           Load.loadUnit: defsScala took 0.003836ms
[debug] [Loading] Scanning directory /Users/bsnbk/Documents/KBTU/BE/Week5/project
[debug] [Loading] Found non-root projects 
[debug] [Loading] Done in /Users/bsnbk/Documents/KBTU/BE/Week5/project, returning: ()
[debug] deducing auto plugins based on known facts Set(Atom(sbt.plugins.CorePlugin)) and clauses Clauses(List(Clause(Atom(sbt.plugins.JvmPlugin),Set(Atom(sbt.plugins.IvyPlugin))), Clause(Atom(sbt.ScriptedPlugin),Set(Atom(sbt.plugins.JvmPlugin))), Clause(Atom(sbt.plugins.SbtPlugin),Set(Atom(sbt.ScriptedPlugin))), Clause(Atom(sbt.plugins.SemanticdbPlugin),Set(Atom(sbt.plugins.JvmPlugin))), Clause(Atom(sbt.plugins.JUnitXmlReportPlugin),Set(Atom(sbt.plugins.JvmPlugin))), Clause(Atom(sbt.plugins.MiniDependencyTreePlugin),Set(Atom(sbt.plugins.JvmPlugin))), Clause(Atom(sbt.plugins.CorePlugin),Set(Atom(sbt.plugins.IvyPlugin))), Clause(Atom(sbt.plugins.IvyPlugin),Set(Atom(sbt.plugins.JvmPlugin))), Clause(Atom(sbt.plugins.JvmPlugin),Set(Atom(sbt.plugins.SemanticdbPlugin))), Clause(Atom(sbt.plugins.JvmPlugin),Set(Atom(sbt.plugins.JUnitXmlReportPlugin))), Clause(Atom(sbt.plugins.CorePlugin),Set(Atom(sbt.plugins.Giter8TemplatePlugin))), Clause(Atom(sbt.plugins.JvmPlugin),Set(Atom(sbt.plugins.MiniDependencyTreePlugin)))))
[debug]   :: deduced result: Matched(sbt.plugins.CorePlugin,sbt.plugins.Giter8TemplatePlugin,sbt.plugins.IvyPlugin,sbt.plugins.JvmPlugin,sbt.plugins.MiniDependencyTreePlugin,sbt.plugins.JUnitXmlReportPlugin,sbt.plugins.SemanticdbPlugin)
[debug] Plugins.deducer#function took 2.239983 ms
[debug]               Load.resolveProject(week5-build) took 1.176096ms
[debug]             Load.loadTransitive: finalizeProject(Project(id week5-build, base: /Users/bsnbk/Documents/KBTU/BE/Week5/project, plugins: List(<none>))) took 4.030018ms
[debug] [Loading] Done in /Users/bsnbk/Documents/KBTU/BE/Week5/project, returning: (week5-build)
[debug]           Load.loadUnit: loadedProjectsRaw took 5.861142ms
[debug]           Load.loadUnit: cleanEvalClasses took 0.009281ms
[debug]         Load.loadUnit(file:/Users/bsnbk/Documents/KBTU/BE/Week5/project/, ...) took 21.924816ms
[debug]       Load.apply: load took 23.018246ms
[debug]       Load.apply: resolveProjects took 0.097291ms
[debug]       Load.apply: finalTransforms took 8.818835ms
[debug]       Load.apply: config.delegates took 0.393965ms
[debug]       Load.apply: Def.make(settings)... took 65.494165ms
[debug]       Load.apply: structureIndex took 23.542493ms
[debug]       Load.apply: mkStreams took 0.002286ms
[info] loading project definition from /Users/bsnbk/Documents/KBTU/BE/Week5/project
[debug] Running task... Cancel: Signal, check cycles: false, forcegc: true
[debug]     Load.loadUnit: plugins took 243.462525ms
[debug]     Load.loadUnit: defsScala took 0.00495ms
[debug] [Loading] Scanning directory /Users/bsnbk/Documents/KBTU/BE/Week5
[debug]       Load.loadUnit: mkEval took 8.192466ms
[debug] [Loading] Found non-root projects 
[debug] [Loading] Done in /Users/bsnbk/Documents/KBTU/BE/Week5, returning: ()
[debug] deducing auto plugins based on known facts Set(Atom(sbt.plugins.CorePlugin)) and clauses Clauses(List(Clause(Atom(sbt.plugins.JvmPlugin),Set(Atom(sbt.plugins.IvyPlugin))), Clause(Atom(sbt.ScriptedPlugin),Set(Atom(sbt.plugins.JvmPlugin))), Clause(Atom(sbt.plugins.SbtPlugin),Set(Atom(sbt.ScriptedPlugin))), Clause(Atom(sbt.plugins.SemanticdbPlugin),Set(Atom(sbt.plugins.JvmPlugin))), Clause(Atom(sbt.plugins.JUnitXmlReportPlugin),Set(Atom(sbt.plugins.JvmPlugin))), Clause(Atom(sbt.plugins.MiniDependencyTreePlugin),Set(Atom(sbt.plugins.JvmPlugin))), Clause(Atom(sbt.plugins.CorePlugin),Set(Atom(sbt.plugins.IvyPlugin))), Clause(Atom(sbt.plugins.IvyPlugin),Set(Atom(sbt.plugins.JvmPlugin))), Clause(Atom(sbt.plugins.JvmPlugin),Set(Atom(sbt.plugins.SemanticdbPlugin))), Clause(Atom(sbt.plugins.JvmPlugin),Set(Atom(sbt.plugins.JUnitXmlReportPlugin))), Clause(Atom(sbt.plugins.CorePlugin),Set(Atom(sbt.plugins.Giter8TemplatePlugin))), Clause(Atom(sbt.plugins.JvmPlugin),Set(Atom(sbt.plugins.MiniDependencyTreePlugin)))))
[debug]   :: deduced result: Matched(sbt.plugins.CorePlugin,sbt.plugins.Giter8TemplatePlugin,sbt.plugins.IvyPlugin,sbt.plugins.JvmPlugin,sbt.plugins.MiniDependencyTreePlugin,sbt.plugins.JUnitXmlReportPlugin,sbt.plugins.SemanticdbPlugin)
[debug] Plugins.deducer#function took 1.865521 ms
[info] loading settings for project week5 from build.sbt ...
[debug]         Load.resolveProject(week5) took 2.695815ms
[debug]       Load.loadTransitive: finalizeProject(Project(id week5, base: /Users/bsnbk/Documents/KBTU/BE/Week5, plugins: List(<none>))) took 5.106087ms
[debug] [Loading] Done in /Users/bsnbk/Documents/KBTU/BE/Week5, returning: (week5)
[debug]     Load.loadUnit: loadedProjectsRaw took 146.959032ms
[debug]     Load.loadUnit: cleanEvalClasses took 4.886626ms
[debug]   Load.loadUnit(file:/Users/bsnbk/Documents/KBTU/BE/Week5/, ...) took 396.139979ms
[debug] Load.apply: load took 397.505672ms
[debug] Load.apply: resolveProjects took 0.105864ms
[debug] Load.apply: finalTransforms took 7.289147ms
[debug] Load.apply: config.delegates took 0.430904ms
[debug] Load.apply: Def.make(settings)... took 102.249246ms
[debug] Load.apply: structureIndex took 20.057801ms
[debug] Load.apply: mkStreams took 0.002157ms
[info] set current project to Week5 (in build file:/Users/bsnbk/Documents/KBTU/BE/Week5/)
[debug] > Exec(sbtPopOnFailure, None, None)
[debug] > Exec(resumeFromFailure, None, None)
[debug] > Exec(notifyUsersAboutShell, None, None)
[debug] > Exec(iflast shell, None, None)
[debug] > Exec(run, None, None)
[debug] Evaluating tasks: Compile / run
[debug] Running task... Cancel: Signal, check cycles: false, forcegc: true
[info] compiling 1 Scala source to /Users/bsnbk/Documents/KBTU/BE/Week5/target/scala-2.13/classes ...
[info] done compiling
