[debug] > Exec(early(addDefaultCommands), None, None)
[debug] > Exec(addDefaultCommands, None, None)
[debug] > Exec(early(initialize), None, None)
[debug] > Exec(initialize, None, None)
[debug] > Exec(boot, None, None)
[debug] > Exec(writeSbtVersion, None, None)
[debug] > Exec(reload, None, None)
[debug] > Exec(sbtStashOnFailure, None, None)
[debug] > Exec(onFailure loadFailed, None, None)
[debug] > Exec(loadp, None, None)
[info] welcome to sbt 1.4.7 (Oracle Corporation Java 1.8.0_241)
[debug]       Load.loadUnit: plugins took 96.38133ms
[debug]       Load.loadUnit: defsScala took 0.390427ms
[debug] [Loading] Scanning directory /Users/bsnbk/.sbt/1.0/plugins
[debug] [Loading] Found non-root projects 
[debug] [Loading] Done in /Users/bsnbk/.sbt/1.0/plugins, returning: ()
[debug] deducing auto plugins based on known facts Set(Atom(sbt.plugins.CorePlugin)) and clauses Clauses(List(Clause(Atom(sbt.plugins.JvmPlugin),Set(Atom(sbt.plugins.IvyPlugin))), Clause(Atom(sbt.ScriptedPlugin),Set(Atom(sbt.plugins.JvmPlugin))), Clause(Atom(sbt.plugins.SbtPlugin),Set(Atom(sbt.ScriptedPlugin))), Clause(Atom(sbt.plugins.SemanticdbPlugin),Set(Atom(sbt.plugins.JvmPlugin))), Clause(Atom(sbt.plugins.JUnitXmlReportPlugin),Set(Atom(sbt.plugins.JvmPlugin))), Clause(Atom(sbt.plugins.MiniDependencyTreePlugin),Set(Atom(sbt.plugins.JvmPlugin))), Clause(Atom(sbt.plugins.CorePlugin),Set(Atom(sbt.plugins.IvyPlugin))), Clause(Atom(sbt.plugins.IvyPlugin),Set(Atom(sbt.plugins.JvmPlugin))), Clause(Atom(sbt.plugins.JvmPlugin),Set(Atom(sbt.plugins.SemanticdbPlugin))), Clause(Atom(sbt.plugins.JvmPlugin),Set(Atom(sbt.plugins.JUnitXmlReportPlugin))), Clause(Atom(sbt.plugins.CorePlugin),Set(Atom(sbt.plugins.Giter8TemplatePlugin))), Clause(Atom(sbt.plugins.JvmPlugin),Set(Atom(sbt.plugins.MiniDependencyTreePlugin)))))
[debug]   :: deduced result: Matched(sbt.plugins.CorePlugin,sbt.plugins.Giter8TemplatePlugin,sbt.plugins.IvyPlugin,sbt.plugins.JvmPlugin,sbt.plugins.MiniDependencyTreePlugin,sbt.plugins.JUnitXmlReportPlugin,sbt.plugins.SemanticdbPlugin)
[debug] Plugins.deducer#function took 25.179035 ms
[debug]           Load.resolveProject(global-plugins) took 56.598763ms
[debug]         Load.loadTransitive: finalizeProject(Project(id global-plugins, base: /Users/bsnbk/.sbt/1.0/plugins, plugins: List(<none>))) took 218.670344ms
[debug] [Loading] Done in /Users/bsnbk/.sbt/1.0/plugins, returning: (global-plugins)
[debug]       Load.loadUnit: loadedProjectsRaw took 248.9441ms
[debug]       Load.loadUnit: cleanEvalClasses took 0.299266ms
[debug]     Load.loadUnit(file:/Users/bsnbk/.sbt/1.0/plugins/, ...) took 355.006669ms
[debug]   Load.apply: load took 6005.649538ms
[debug]   Load.apply: resolveProjects took 7.192757ms
[debug]   Load.apply: finalTransforms took 69.730054ms
[debug]   Load.apply: config.delegates took 13.458936ms
[debug]   Load.apply: Def.make(settings)... took 504.250612ms
[debug]   Load.apply: structureIndex took 109.162944ms
[debug]   Load.apply: mkStreams took 1.861576ms
[info] loading global plugins from /Users/bsnbk/.sbt/1.0/plugins
[debug] Running task... Cancel: Signal, check cycles: false, forcegc: true
[debug] Load.defaultLoad until apply took 13325.908473ms
[debug]           Load.loadUnit: plugins took 16.799643ms
[debug]           Load.loadUnit: defsScala took 0.005172ms
[debug] [Loading] Scanning directory /Users/bsnbk/Documents/KBTU/BE/Week5/project
[debug] [Loading] Found non-root projects 
[debug] [Loading] Done in /Users/bsnbk/Documents/KBTU/BE/Week5/project, returning: ()
[debug] deducing auto plugins based on known facts Set(Atom(sbt.plugins.CorePlugin)) and clauses Clauses(List(Clause(Atom(sbt.plugins.JvmPlugin),Set(Atom(sbt.plugins.IvyPlugin))), Clause(Atom(sbt.ScriptedPlugin),Set(Atom(sbt.plugins.JvmPlugin))), Clause(Atom(sbt.plugins.SbtPlugin),Set(Atom(sbt.ScriptedPlugin))), Clause(Atom(sbt.plugins.SemanticdbPlugin),Set(Atom(sbt.plugins.JvmPlugin))), Clause(Atom(sbt.plugins.JUnitXmlReportPlugin),Set(Atom(sbt.plugins.JvmPlugin))), Clause(Atom(sbt.plugins.MiniDependencyTreePlugin),Set(Atom(sbt.plugins.JvmPlugin))), Clause(Atom(sbt.plugins.CorePlugin),Set(Atom(sbt.plugins.IvyPlugin))), Clause(Atom(sbt.plugins.IvyPlugin),Set(Atom(sbt.plugins.JvmPlugin))), Clause(Atom(sbt.plugins.JvmPlugin),Set(Atom(sbt.plugins.SemanticdbPlugin))), Clause(Atom(sbt.plugins.JvmPlugin),Set(Atom(sbt.plugins.JUnitXmlReportPlugin))), Clause(Atom(sbt.plugins.CorePlugin),Set(Atom(sbt.plugins.Giter8TemplatePlugin))), Clause(Atom(sbt.plugins.JvmPlugin),Set(Atom(sbt.plugins.MiniDependencyTreePlugin)))))
[debug]   :: deduced result: Matched(sbt.plugins.CorePlugin,sbt.plugins.Giter8TemplatePlugin,sbt.plugins.IvyPlugin,sbt.plugins.JvmPlugin,sbt.plugins.MiniDependencyTreePlugin,sbt.plugins.JUnitXmlReportPlugin,sbt.plugins.SemanticdbPlugin)
[debug] Plugins.deducer#function took 2.373392 ms
[debug]               Load.resolveProject(week5-build) took 1.295674ms
[debug]             Load.loadTransitive: finalizeProject(Project(id week5-build, base: /Users/bsnbk/Documents/KBTU/BE/Week5/project, plugins: List(<none>))) took 4.246599ms
[debug] [Loading] Done in /Users/bsnbk/Documents/KBTU/BE/Week5/project, returning: (week5-build)
[debug]           Load.loadUnit: loadedProjectsRaw took 6.392565ms
[debug]           Load.loadUnit: cleanEvalClasses took 0.011141ms
[debug]         Load.loadUnit(file:/Users/bsnbk/Documents/KBTU/BE/Week5/project/, ...) took 24.045329ms
[debug]       Load.apply: load took 25.318387ms
[debug]       Load.apply: resolveProjects took 0.137048ms
[debug]       Load.apply: finalTransforms took 9.330455ms
[debug]       Load.apply: config.delegates took 0.396155ms
[debug]       Load.apply: Def.make(settings)... took 77.243301ms
[debug]       Load.apply: structureIndex took 38.618489ms
[debug]       Load.apply: mkStreams took 0.003144ms
[info] loading project definition from /Users/bsnbk/Documents/KBTU/BE/Week5/project
[debug] Running task... Cancel: Signal, check cycles: false, forcegc: true
[debug]     Load.loadUnit: plugins took 306.387097ms
[debug]     Load.loadUnit: defsScala took 0.003407ms
[debug] [Loading] Scanning directory /Users/bsnbk/Documents/KBTU/BE/Week5
[debug]       Load.loadUnit: mkEval took 8.004327ms
[debug] [Loading] Found non-root projects 
[debug] [Loading] Done in /Users/bsnbk/Documents/KBTU/BE/Week5, returning: ()
[debug] deducing auto plugins based on known facts Set(Atom(sbt.plugins.CorePlugin)) and clauses Clauses(List(Clause(Atom(sbt.plugins.JvmPlugin),Set(Atom(sbt.plugins.IvyPlugin))), Clause(Atom(sbt.ScriptedPlugin),Set(Atom(sbt.plugins.JvmPlugin))), Clause(Atom(sbt.plugins.SbtPlugin),Set(Atom(sbt.ScriptedPlugin))), Clause(Atom(sbt.plugins.SemanticdbPlugin),Set(Atom(sbt.plugins.JvmPlugin))), Clause(Atom(sbt.plugins.JUnitXmlReportPlugin),Set(Atom(sbt.plugins.JvmPlugin))), Clause(Atom(sbt.plugins.MiniDependencyTreePlugin),Set(Atom(sbt.plugins.JvmPlugin))), Clause(Atom(sbt.plugins.CorePlugin),Set(Atom(sbt.plugins.IvyPlugin))), Clause(Atom(sbt.plugins.IvyPlugin),Set(Atom(sbt.plugins.JvmPlugin))), Clause(Atom(sbt.plugins.JvmPlugin),Set(Atom(sbt.plugins.SemanticdbPlugin))), Clause(Atom(sbt.plugins.JvmPlugin),Set(Atom(sbt.plugins.JUnitXmlReportPlugin))), Clause(Atom(sbt.plugins.CorePlugin),Set(Atom(sbt.plugins.Giter8TemplatePlugin))), Clause(Atom(sbt.plugins.JvmPlugin),Set(Atom(sbt.plugins.MiniDependencyTreePlugin)))))
[debug]   :: deduced result: Matched(sbt.plugins.CorePlugin,sbt.plugins.Giter8TemplatePlugin,sbt.plugins.IvyPlugin,sbt.plugins.JvmPlugin,sbt.plugins.MiniDependencyTreePlugin,sbt.plugins.JUnitXmlReportPlugin,sbt.plugins.SemanticdbPlugin)
[debug] Plugins.deducer#function took 1.638664 ms
[info] loading settings for project week5 from build.sbt ...
[debug]         Load.resolveProject(week5) took 3.248197ms
[debug]       Load.loadTransitive: finalizeProject(Project(id week5, base: /Users/bsnbk/Documents/KBTU/BE/Week5, plugins: List(<none>))) took 5.540809ms
[debug] [Loading] Done in /Users/bsnbk/Documents/KBTU/BE/Week5, returning: (week5)
[debug]     Load.loadUnit: loadedProjectsRaw took 145.076498ms
[debug]     Load.loadUnit: cleanEvalClasses took 6.59546ms
[debug]   Load.loadUnit(file:/Users/bsnbk/Documents/KBTU/BE/Week5/, ...) took 458.887842ms
[debug] Load.apply: load took 460.086216ms
[debug] Load.apply: resolveProjects took 0.10436ms
[debug] Load.apply: finalTransforms took 7.270141ms
[debug] Load.apply: config.delegates took 0.340117ms
[debug] Load.apply: Def.make(settings)... took 107.253684ms
[debug] Load.apply: structureIndex took 24.218483ms
[debug] Load.apply: mkStreams took 0.002482ms
[info] set current project to Week5 (in build file:/Users/bsnbk/Documents/KBTU/BE/Week5/)
[debug] > Exec(sbtPopOnFailure, None, None)
[debug] > Exec(resumeFromFailure, None, None)
[debug] > Exec(notifyUsersAboutShell, None, None)
[debug] > Exec(iflast shell, None, None)
[debug] > Exec(run, None, None)
[debug] Evaluating tasks: Compile / run
[debug] Running task... Cancel: Signal, check cycles: false, forcegc: true
[info] compiling 1 Scala source to /Users/bsnbk/Documents/KBTU/BE/Week5/target/scala-2.13/classes ...
[info] done compiling
