[debug] > Exec(early(addDefaultCommands), None, None)
[debug] > Exec(addDefaultCommands, None, None)
[debug] > Exec(early(initialize), None, None)
[debug] > Exec(initialize, None, None)
[debug] > Exec(boot, None, None)
[debug] > Exec(writeSbtVersion, None, None)
[debug] > Exec(reload, None, None)
[debug] > Exec(sbtStashOnFailure, None, None)
[debug] > Exec(onFailure loadFailed, None, None)
[debug] > Exec(loadp, None, None)
[info] welcome to sbt 1.4.7 (Oracle Corporation Java 1.8.0_241)
[debug]       Load.loadUnit: plugins took 67.020406ms
[debug]       Load.loadUnit: defsScala took 0.313664ms
[debug] [Loading] Scanning directory /Users/bsnbk/.sbt/1.0/plugins
[debug] [Loading] Found non-root projects 
[debug] [Loading] Done in /Users/bsnbk/.sbt/1.0/plugins, returning: ()
[debug] deducing auto plugins based on known facts Set(Atom(sbt.plugins.CorePlugin)) and clauses Clauses(List(Clause(Atom(sbt.plugins.JvmPlugin),Set(Atom(sbt.plugins.IvyPlugin))), Clause(Atom(sbt.ScriptedPlugin),Set(Atom(sbt.plugins.JvmPlugin))), Clause(Atom(sbt.plugins.SbtPlugin),Set(Atom(sbt.ScriptedPlugin))), Clause(Atom(sbt.plugins.SemanticdbPlugin),Set(Atom(sbt.plugins.JvmPlugin))), Clause(Atom(sbt.plugins.JUnitXmlReportPlugin),Set(Atom(sbt.plugins.JvmPlugin))), Clause(Atom(sbt.plugins.MiniDependencyTreePlugin),Set(Atom(sbt.plugins.JvmPlugin))), Clause(Atom(sbt.plugins.CorePlugin),Set(Atom(sbt.plugins.IvyPlugin))), Clause(Atom(sbt.plugins.IvyPlugin),Set(Atom(sbt.plugins.JvmPlugin))), Clause(Atom(sbt.plugins.JvmPlugin),Set(Atom(sbt.plugins.SemanticdbPlugin))), Clause(Atom(sbt.plugins.JvmPlugin),Set(Atom(sbt.plugins.JUnitXmlReportPlugin))), Clause(Atom(sbt.plugins.CorePlugin),Set(Atom(sbt.plugins.Giter8TemplatePlugin))), Clause(Atom(sbt.plugins.JvmPlugin),Set(Atom(sbt.plugins.MiniDependencyTreePlugin)))))
[debug]   :: deduced result: Matched(sbt.plugins.CorePlugin,sbt.plugins.Giter8TemplatePlugin,sbt.plugins.IvyPlugin,sbt.plugins.JvmPlugin,sbt.plugins.MiniDependencyTreePlugin,sbt.plugins.JUnitXmlReportPlugin,sbt.plugins.SemanticdbPlugin)
[debug] Plugins.deducer#function took 20.342703 ms
[debug]           Load.resolveProject(global-plugins) took 44.647402ms
[debug]         Load.loadTransitive: finalizeProject(Project(id global-plugins, base: /Users/bsnbk/.sbt/1.0/plugins, plugins: List(<none>))) took 180.845365ms
[debug] [Loading] Done in /Users/bsnbk/.sbt/1.0/plugins, returning: (global-plugins)
[debug]       Load.loadUnit: loadedProjectsRaw took 201.991495ms
[debug]       Load.loadUnit: cleanEvalClasses took 0.249424ms
[debug]     Load.loadUnit(file:/Users/bsnbk/.sbt/1.0/plugins/, ...) took 276.348345ms
[debug]   Load.apply: load took 5848.561141ms
[debug]   Load.apply: resolveProjects took 6.474453ms
[debug]   Load.apply: finalTransforms took 53.490522ms
[debug]   Load.apply: config.delegates took 7.077377ms
[debug]   Load.apply: Def.make(settings)... took 317.63156ms
[debug]   Load.apply: structureIndex took 76.953126ms
[debug]   Load.apply: mkStreams took 1.419342ms
[info] loading global plugins from /Users/bsnbk/.sbt/1.0/plugins
[debug] Running task... Cancel: Signal, check cycles: false, forcegc: true
[debug] Load.defaultLoad until apply took 12552.102171ms
[debug]           Load.loadUnit: plugins took 13.623903ms
[debug]           Load.loadUnit: defsScala took 0.003557ms
[debug] [Loading] Scanning directory /Users/bsnbk/Documents/KBTU/BE/Week5/project
[debug] [Loading] Found non-root projects 
[debug] [Loading] Done in /Users/bsnbk/Documents/KBTU/BE/Week5/project, returning: ()
[debug] deducing auto plugins based on known facts Set(Atom(sbt.plugins.CorePlugin)) and clauses Clauses(List(Clause(Atom(sbt.plugins.JvmPlugin),Set(Atom(sbt.plugins.IvyPlugin))), Clause(Atom(sbt.ScriptedPlugin),Set(Atom(sbt.plugins.JvmPlugin))), Clause(Atom(sbt.plugins.SbtPlugin),Set(Atom(sbt.ScriptedPlugin))), Clause(Atom(sbt.plugins.SemanticdbPlugin),Set(Atom(sbt.plugins.JvmPlugin))), Clause(Atom(sbt.plugins.JUnitXmlReportPlugin),Set(Atom(sbt.plugins.JvmPlugin))), Clause(Atom(sbt.plugins.MiniDependencyTreePlugin),Set(Atom(sbt.plugins.JvmPlugin))), Clause(Atom(sbt.plugins.CorePlugin),Set(Atom(sbt.plugins.IvyPlugin))), Clause(Atom(sbt.plugins.IvyPlugin),Set(Atom(sbt.plugins.JvmPlugin))), Clause(Atom(sbt.plugins.JvmPlugin),Set(Atom(sbt.plugins.SemanticdbPlugin))), Clause(Atom(sbt.plugins.JvmPlugin),Set(Atom(sbt.plugins.JUnitXmlReportPlugin))), Clause(Atom(sbt.plugins.CorePlugin),Set(Atom(sbt.plugins.Giter8TemplatePlugin))), Clause(Atom(sbt.plugins.JvmPlugin),Set(Atom(sbt.plugins.MiniDependencyTreePlugin)))))
[debug]   :: deduced result: Matched(sbt.plugins.CorePlugin,sbt.plugins.Giter8TemplatePlugin,sbt.plugins.IvyPlugin,sbt.plugins.JvmPlugin,sbt.plugins.MiniDependencyTreePlugin,sbt.plugins.JUnitXmlReportPlugin,sbt.plugins.SemanticdbPlugin)
[debug] Plugins.deducer#function took 1.803922 ms
[debug]               Load.resolveProject(week5-build) took 1.068098ms
[debug]             Load.loadTransitive: finalizeProject(Project(id week5-build, base: /Users/bsnbk/Documents/KBTU/BE/Week5/project, plugins: List(<none>))) took 3.370331ms
[debug] [Loading] Done in /Users/bsnbk/Documents/KBTU/BE/Week5/project, returning: (week5-build)
[debug]           Load.loadUnit: loadedProjectsRaw took 5.118754ms
[debug]           Load.loadUnit: cleanEvalClasses took 0.00879ms
[debug]         Load.loadUnit(file:/Users/bsnbk/Documents/KBTU/BE/Week5/project/, ...) took 19.477659ms
[debug]       Load.apply: load took 20.594763ms
[debug]       Load.apply: resolveProjects took 0.115316ms
[debug]       Load.apply: finalTransforms took 8.170691ms
[debug]       Load.apply: config.delegates took 0.359494ms
[debug]       Load.apply: Def.make(settings)... took 58.273667ms
[debug]       Load.apply: structureIndex took 17.741784ms
[debug]       Load.apply: mkStreams took 0.002022ms
[info] loading project definition from /Users/bsnbk/Documents/KBTU/BE/Week5/project
[debug] Running task... Cancel: Signal, check cycles: false, forcegc: true
[debug]     Load.loadUnit: plugins took 211.717816ms
[debug]     Load.loadUnit: defsScala took 0.00312ms
[debug] [Loading] Scanning directory /Users/bsnbk/Documents/KBTU/BE/Week5
[debug]       Load.loadUnit: mkEval took 7.457161ms
[debug] [Loading] Found non-root projects 
[debug] [Loading] Done in /Users/bsnbk/Documents/KBTU/BE/Week5, returning: ()
[debug] deducing auto plugins based on known facts Set(Atom(sbt.plugins.CorePlugin)) and clauses Clauses(List(Clause(Atom(sbt.plugins.JvmPlugin),Set(Atom(sbt.plugins.IvyPlugin))), Clause(Atom(sbt.ScriptedPlugin),Set(Atom(sbt.plugins.JvmPlugin))), Clause(Atom(sbt.plugins.SbtPlugin),Set(Atom(sbt.ScriptedPlugin))), Clause(Atom(sbt.plugins.SemanticdbPlugin),Set(Atom(sbt.plugins.JvmPlugin))), Clause(Atom(sbt.plugins.JUnitXmlReportPlugin),Set(Atom(sbt.plugins.JvmPlugin))), Clause(Atom(sbt.plugins.MiniDependencyTreePlugin),Set(Atom(sbt.plugins.JvmPlugin))), Clause(Atom(sbt.plugins.CorePlugin),Set(Atom(sbt.plugins.IvyPlugin))), Clause(Atom(sbt.plugins.IvyPlugin),Set(Atom(sbt.plugins.JvmPlugin))), Clause(Atom(sbt.plugins.JvmPlugin),Set(Atom(sbt.plugins.SemanticdbPlugin))), Clause(Atom(sbt.plugins.JvmPlugin),Set(Atom(sbt.plugins.JUnitXmlReportPlugin))), Clause(Atom(sbt.plugins.CorePlugin),Set(Atom(sbt.plugins.Giter8TemplatePlugin))), Clause(Atom(sbt.plugins.JvmPlugin),Set(Atom(sbt.plugins.MiniDependencyTreePlugin)))))
[debug]   :: deduced result: Matched(sbt.plugins.CorePlugin,sbt.plugins.Giter8TemplatePlugin,sbt.plugins.IvyPlugin,sbt.plugins.JvmPlugin,sbt.plugins.MiniDependencyTreePlugin,sbt.plugins.JUnitXmlReportPlugin,sbt.plugins.SemanticdbPlugin)
[debug] Plugins.deducer#function took 1.380704 ms
[info] loading settings for project week5 from build.sbt ...
[debug]         Load.resolveProject(week5) took 2.492169ms
[debug]       Load.loadTransitive: finalizeProject(Project(id week5, base: /Users/bsnbk/Documents/KBTU/BE/Week5, plugins: List(<none>))) took 4.35413ms
[debug] [Loading] Done in /Users/bsnbk/Documents/KBTU/BE/Week5, returning: (week5)
[debug]     Load.loadUnit: loadedProjectsRaw took 1586.293836ms
[debug]     Load.loadUnit: cleanEvalClasses took 5.663849ms
[debug]   Load.loadUnit(file:/Users/bsnbk/Documents/KBTU/BE/Week5/, ...) took 1804.347651ms
[debug] Load.apply: load took 1805.489374ms
[debug] Load.apply: resolveProjects took 0.097306ms
[debug] Load.apply: finalTransforms took 6.147286ms
[debug] Load.apply: config.delegates took 0.30764ms
[debug] Load.apply: Def.make(settings)... took 102.73287ms
[debug] Load.apply: structureIndex took 15.74789ms
[debug] Load.apply: mkStreams took 0.001962ms
[info] set current project to Week5 (in build file:/Users/bsnbk/Documents/KBTU/BE/Week5/)
[debug] > Exec(sbtPopOnFailure, None, None)
[debug] > Exec(resumeFromFailure, None, None)
[debug] > Exec(notifyUsersAboutShell, None, None)
[debug] > Exec(iflast shell, None, None)
[debug] > Exec(run, None, None)
[debug] Evaluating tasks: Compile / run
[debug] Running task... Cancel: Signal, check cycles: false, forcegc: true
[info] compiling 1 Scala source to /Users/bsnbk/Documents/KBTU/BE/Week5/target/scala-2.13/classes ...
[info] done compiling
