[debug] > Exec(early(addDefaultCommands), None, None)
[debug] > Exec(addDefaultCommands, None, None)
[debug] > Exec(early(initialize), None, None)
[debug] > Exec(initialize, None, None)
[debug] > Exec(boot, None, None)
[debug] > Exec(writeSbtVersion, None, None)
[debug] > Exec(reload, None, None)
[debug] > Exec(sbtStashOnFailure, None, None)
[debug] > Exec(onFailure loadFailed, None, None)
[debug] > Exec(loadp, None, None)
[info] welcome to sbt 1.4.7 (Oracle Corporation Java 1.8.0_241)
[debug]       Load.loadUnit: plugins took 98.427828ms
[debug]       Load.loadUnit: defsScala took 0.480202ms
[debug] [Loading] Scanning directory /Users/bsnbk/.sbt/1.0/plugins
[debug] [Loading] Found non-root projects 
[debug] [Loading] Done in /Users/bsnbk/.sbt/1.0/plugins, returning: ()
[debug] deducing auto plugins based on known facts Set(Atom(sbt.plugins.CorePlugin)) and clauses Clauses(List(Clause(Atom(sbt.plugins.JvmPlugin),Set(Atom(sbt.plugins.IvyPlugin))), Clause(Atom(sbt.ScriptedPlugin),Set(Atom(sbt.plugins.JvmPlugin))), Clause(Atom(sbt.plugins.SbtPlugin),Set(Atom(sbt.ScriptedPlugin))), Clause(Atom(sbt.plugins.SemanticdbPlugin),Set(Atom(sbt.plugins.JvmPlugin))), Clause(Atom(sbt.plugins.JUnitXmlReportPlugin),Set(Atom(sbt.plugins.JvmPlugin))), Clause(Atom(sbt.plugins.MiniDependencyTreePlugin),Set(Atom(sbt.plugins.JvmPlugin))), Clause(Atom(sbt.plugins.CorePlugin),Set(Atom(sbt.plugins.IvyPlugin))), Clause(Atom(sbt.plugins.IvyPlugin),Set(Atom(sbt.plugins.JvmPlugin))), Clause(Atom(sbt.plugins.JvmPlugin),Set(Atom(sbt.plugins.SemanticdbPlugin))), Clause(Atom(sbt.plugins.JvmPlugin),Set(Atom(sbt.plugins.JUnitXmlReportPlugin))), Clause(Atom(sbt.plugins.CorePlugin),Set(Atom(sbt.plugins.Giter8TemplatePlugin))), Clause(Atom(sbt.plugins.JvmPlugin),Set(Atom(sbt.plugins.MiniDependencyTreePlugin)))))
[debug]   :: deduced result: Matched(sbt.plugins.CorePlugin,sbt.plugins.Giter8TemplatePlugin,sbt.plugins.IvyPlugin,sbt.plugins.JvmPlugin,sbt.plugins.MiniDependencyTreePlugin,sbt.plugins.JUnitXmlReportPlugin,sbt.plugins.SemanticdbPlugin)
[debug] Plugins.deducer#function took 25.818101 ms
[debug]           Load.resolveProject(global-plugins) took 49.969976ms
[debug]         Load.loadTransitive: finalizeProject(Project(id global-plugins, base: /Users/bsnbk/.sbt/1.0/plugins, plugins: List(<none>))) took 206.087646ms
[debug] [Loading] Done in /Users/bsnbk/.sbt/1.0/plugins, returning: (global-plugins)
[debug]       Load.loadUnit: loadedProjectsRaw took 229.912998ms
[debug]       Load.loadUnit: cleanEvalClasses took 0.283005ms
[debug]     Load.loadUnit(file:/Users/bsnbk/.sbt/1.0/plugins/, ...) took 337.070783ms
[debug]   Load.apply: load took 5921.278294ms
[debug]   Load.apply: resolveProjects took 6.847522ms
[debug]   Load.apply: finalTransforms took 61.731967ms
[debug]   Load.apply: config.delegates took 8.308265ms
[debug]   Load.apply: Def.make(settings)... took 364.730504ms
[debug]   Load.apply: structureIndex took 99.763995ms
[debug]   Load.apply: mkStreams took 1.843268ms
[info] loading global plugins from /Users/bsnbk/.sbt/1.0/plugins
[debug] Running task... Cancel: Signal, check cycles: false, forcegc: true
[debug] Load.defaultLoad until apply took 12906.52993ms
[debug]           Load.loadUnit: plugins took 17.988176ms
[debug]           Load.loadUnit: defsScala took 0.005809ms
[debug] [Loading] Scanning directory /Users/bsnbk/Documents/KBTU/BE/Week5/project
[debug] [Loading] Found non-root projects 
[debug] [Loading] Done in /Users/bsnbk/Documents/KBTU/BE/Week5/project, returning: ()
[debug] deducing auto plugins based on known facts Set(Atom(sbt.plugins.CorePlugin)) and clauses Clauses(List(Clause(Atom(sbt.plugins.JvmPlugin),Set(Atom(sbt.plugins.IvyPlugin))), Clause(Atom(sbt.ScriptedPlugin),Set(Atom(sbt.plugins.JvmPlugin))), Clause(Atom(sbt.plugins.SbtPlugin),Set(Atom(sbt.ScriptedPlugin))), Clause(Atom(sbt.plugins.SemanticdbPlugin),Set(Atom(sbt.plugins.JvmPlugin))), Clause(Atom(sbt.plugins.JUnitXmlReportPlugin),Set(Atom(sbt.plugins.JvmPlugin))), Clause(Atom(sbt.plugins.MiniDependencyTreePlugin),Set(Atom(sbt.plugins.JvmPlugin))), Clause(Atom(sbt.plugins.CorePlugin),Set(Atom(sbt.plugins.IvyPlugin))), Clause(Atom(sbt.plugins.IvyPlugin),Set(Atom(sbt.plugins.JvmPlugin))), Clause(Atom(sbt.plugins.JvmPlugin),Set(Atom(sbt.plugins.SemanticdbPlugin))), Clause(Atom(sbt.plugins.JvmPlugin),Set(Atom(sbt.plugins.JUnitXmlReportPlugin))), Clause(Atom(sbt.plugins.CorePlugin),Set(Atom(sbt.plugins.Giter8TemplatePlugin))), Clause(Atom(sbt.plugins.JvmPlugin),Set(Atom(sbt.plugins.MiniDependencyTreePlugin)))))
[debug]   :: deduced result: Matched(sbt.plugins.CorePlugin,sbt.plugins.Giter8TemplatePlugin,sbt.plugins.IvyPlugin,sbt.plugins.JvmPlugin,sbt.plugins.MiniDependencyTreePlugin,sbt.plugins.JUnitXmlReportPlugin,sbt.plugins.SemanticdbPlugin)
[debug] Plugins.deducer#function took 1.885947 ms
[debug]               Load.resolveProject(week5-build) took 1.20817ms
[debug]             Load.loadTransitive: finalizeProject(Project(id week5-build, base: /Users/bsnbk/Documents/KBTU/BE/Week5/project, plugins: List(<none>))) took 3.648787ms
[debug] [Loading] Done in /Users/bsnbk/Documents/KBTU/BE/Week5/project, returning: (week5-build)
[debug]           Load.loadUnit: loadedProjectsRaw took 5.409079ms
[debug]           Load.loadUnit: cleanEvalClasses took 0.02051ms
[debug]         Load.loadUnit(file:/Users/bsnbk/Documents/KBTU/BE/Week5/project/, ...) took 24.25969ms
[debug]       Load.apply: load took 25.61085ms
[debug]       Load.apply: resolveProjects took 0.111457ms
[debug]       Load.apply: finalTransforms took 8.985267ms
[debug]       Load.apply: config.delegates took 0.433613ms
[debug]       Load.apply: Def.make(settings)... took 68.035684ms
[debug]       Load.apply: structureIndex took 27.701195ms
[debug]       Load.apply: mkStreams took 0.002397ms
[info] loading project definition from /Users/bsnbk/Documents/KBTU/BE/Week5/project
[debug] Running task... Cancel: Signal, check cycles: false, forcegc: true
[debug]     Load.loadUnit: plugins took 265.294912ms
[debug]     Load.loadUnit: defsScala took 0.00346ms
[debug] [Loading] Scanning directory /Users/bsnbk/Documents/KBTU/BE/Week5
[debug]       Load.loadUnit: mkEval took 7.924598ms
[debug] [Loading] Found non-root projects 
[debug] [Loading] Done in /Users/bsnbk/Documents/KBTU/BE/Week5, returning: ()
[debug] deducing auto plugins based on known facts Set(Atom(sbt.plugins.CorePlugin)) and clauses Clauses(List(Clause(Atom(sbt.plugins.JvmPlugin),Set(Atom(sbt.plugins.IvyPlugin))), Clause(Atom(sbt.ScriptedPlugin),Set(Atom(sbt.plugins.JvmPlugin))), Clause(Atom(sbt.plugins.SbtPlugin),Set(Atom(sbt.ScriptedPlugin))), Clause(Atom(sbt.plugins.SemanticdbPlugin),Set(Atom(sbt.plugins.JvmPlugin))), Clause(Atom(sbt.plugins.JUnitXmlReportPlugin),Set(Atom(sbt.plugins.JvmPlugin))), Clause(Atom(sbt.plugins.MiniDependencyTreePlugin),Set(Atom(sbt.plugins.JvmPlugin))), Clause(Atom(sbt.plugins.CorePlugin),Set(Atom(sbt.plugins.IvyPlugin))), Clause(Atom(sbt.plugins.IvyPlugin),Set(Atom(sbt.plugins.JvmPlugin))), Clause(Atom(sbt.plugins.JvmPlugin),Set(Atom(sbt.plugins.SemanticdbPlugin))), Clause(Atom(sbt.plugins.JvmPlugin),Set(Atom(sbt.plugins.JUnitXmlReportPlugin))), Clause(Atom(sbt.plugins.CorePlugin),Set(Atom(sbt.plugins.Giter8TemplatePlugin))), Clause(Atom(sbt.plugins.JvmPlugin),Set(Atom(sbt.plugins.MiniDependencyTreePlugin)))))
[debug]   :: deduced result: Matched(sbt.plugins.CorePlugin,sbt.plugins.Giter8TemplatePlugin,sbt.plugins.IvyPlugin,sbt.plugins.JvmPlugin,sbt.plugins.MiniDependencyTreePlugin,sbt.plugins.JUnitXmlReportPlugin,sbt.plugins.SemanticdbPlugin)
[debug] Plugins.deducer#function took 2.087321 ms
[info] loading settings for project week5 from build.sbt ...
[debug]         Load.resolveProject(week5) took 2.955142ms
[debug]       Load.loadTransitive: finalizeProject(Project(id week5, base: /Users/bsnbk/Documents/KBTU/BE/Week5, plugins: List(<none>))) took 5.610615ms
[debug] [Loading] Done in /Users/bsnbk/Documents/KBTU/BE/Week5, returning: (week5)
[debug]     Load.loadUnit: loadedProjectsRaw took 139.250941ms
[debug]     Load.loadUnit: cleanEvalClasses took 5.804861ms
[debug]   Load.loadUnit(file:/Users/bsnbk/Documents/KBTU/BE/Week5/, ...) took 411.249804ms
[debug] Load.apply: load took 412.559868ms
[debug] Load.apply: resolveProjects took 0.103282ms
[debug] Load.apply: finalTransforms took 6.062034ms
[debug] Load.apply: config.delegates took 0.349962ms
[debug] Load.apply: Def.make(settings)... took 100.743103ms
[debug] Load.apply: structureIndex took 23.190582ms
[debug] Load.apply: mkStreams took 0.002351ms
[info] set current project to Week5 (in build file:/Users/bsnbk/Documents/KBTU/BE/Week5/)
[debug] > Exec(sbtPopOnFailure, None, None)
[debug] > Exec(resumeFromFailure, None, None)
[debug] > Exec(notifyUsersAboutShell, None, None)
[debug] > Exec(iflast shell, None, None)
[debug] > Exec(run, None, None)
[debug] Evaluating tasks: Compile / run
[debug] Running task... Cancel: Signal, check cycles: false, forcegc: true
[info] compiling 1 Scala source to /Users/bsnbk/Documents/KBTU/BE/Week5/target/scala-2.13/classes ...
[info] done compiling
