[debug] > Exec(early(addDefaultCommands), None, None)
[debug] > Exec(addDefaultCommands, None, None)
[debug] > Exec(early(initialize), None, None)
[debug] > Exec(initialize, None, None)
[debug] > Exec(boot, None, None)
[debug] > Exec(writeSbtVersion, None, None)
[debug] > Exec(reload, None, None)
[debug] > Exec(sbtStashOnFailure, None, None)
[debug] > Exec(onFailure loadFailed, None, None)
[debug] > Exec(loadp, None, None)
[info] welcome to sbt 1.4.7 (Oracle Corporation Java 1.8.0_241)
[debug]       Load.loadUnit: plugins took 94.294834ms
[debug]       Load.loadUnit: defsScala took 0.499003ms
[debug] [Loading] Scanning directory /Users/bsnbk/.sbt/1.0/plugins
[debug] [Loading] Found non-root projects 
[debug] [Loading] Done in /Users/bsnbk/.sbt/1.0/plugins, returning: ()
[debug] deducing auto plugins based on known facts Set(Atom(sbt.plugins.CorePlugin)) and clauses Clauses(List(Clause(Atom(sbt.plugins.JvmPlugin),Set(Atom(sbt.plugins.IvyPlugin))), Clause(Atom(sbt.ScriptedPlugin),Set(Atom(sbt.plugins.JvmPlugin))), Clause(Atom(sbt.plugins.SbtPlugin),Set(Atom(sbt.ScriptedPlugin))), Clause(Atom(sbt.plugins.SemanticdbPlugin),Set(Atom(sbt.plugins.JvmPlugin))), Clause(Atom(sbt.plugins.JUnitXmlReportPlugin),Set(Atom(sbt.plugins.JvmPlugin))), Clause(Atom(sbt.plugins.MiniDependencyTreePlugin),Set(Atom(sbt.plugins.JvmPlugin))), Clause(Atom(sbt.plugins.CorePlugin),Set(Atom(sbt.plugins.IvyPlugin))), Clause(Atom(sbt.plugins.IvyPlugin),Set(Atom(sbt.plugins.JvmPlugin))), Clause(Atom(sbt.plugins.JvmPlugin),Set(Atom(sbt.plugins.SemanticdbPlugin))), Clause(Atom(sbt.plugins.JvmPlugin),Set(Atom(sbt.plugins.JUnitXmlReportPlugin))), Clause(Atom(sbt.plugins.CorePlugin),Set(Atom(sbt.plugins.Giter8TemplatePlugin))), Clause(Atom(sbt.plugins.JvmPlugin),Set(Atom(sbt.plugins.MiniDependencyTreePlugin)))))
[debug]   :: deduced result: Matched(sbt.plugins.CorePlugin,sbt.plugins.Giter8TemplatePlugin,sbt.plugins.IvyPlugin,sbt.plugins.JvmPlugin,sbt.plugins.MiniDependencyTreePlugin,sbt.plugins.JUnitXmlReportPlugin,sbt.plugins.SemanticdbPlugin)
[debug] Plugins.deducer#function took 24.627399 ms
[debug]           Load.resolveProject(global-plugins) took 54.579988ms
[debug]         Load.loadTransitive: finalizeProject(Project(id global-plugins, base: /Users/bsnbk/.sbt/1.0/plugins, plugins: List(<none>))) took 215.5706ms
[debug] [Loading] Done in /Users/bsnbk/.sbt/1.0/plugins, returning: (global-plugins)
[debug]       Load.loadUnit: loadedProjectsRaw took 242.097361ms
[debug]       Load.loadUnit: cleanEvalClasses took 0.308983ms
[debug]     Load.loadUnit(file:/Users/bsnbk/.sbt/1.0/plugins/, ...) took 346.258162ms
[debug]   Load.apply: load took 5701.385525ms
[debug]   Load.apply: resolveProjects took 8.307553ms
[debug]   Load.apply: finalTransforms took 67.547623ms
[debug]   Load.apply: config.delegates took 8.151032ms
[debug]   Load.apply: Def.make(settings)... took 427.465806ms
[debug]   Load.apply: structureIndex took 117.069358ms
[debug]   Load.apply: mkStreams took 1.705318ms
[info] loading global plugins from /Users/bsnbk/.sbt/1.0/plugins
[debug] Running task... Cancel: Signal, check cycles: false, forcegc: true
[debug] Load.defaultLoad until apply took 12848.303139ms
[debug]           Load.loadUnit: plugins took 17.047402ms
[debug]           Load.loadUnit: defsScala took 0.007705ms
[debug] [Loading] Scanning directory /Users/bsnbk/Documents/KBTU/BE/Week10/project
[debug] [Loading] Found non-root projects 
[debug] [Loading] Done in /Users/bsnbk/Documents/KBTU/BE/Week10/project, returning: ()
[debug] deducing auto plugins based on known facts Set(Atom(sbt.plugins.CorePlugin)) and clauses Clauses(List(Clause(Atom(sbt.plugins.JvmPlugin),Set(Atom(sbt.plugins.IvyPlugin))), Clause(Atom(sbt.ScriptedPlugin),Set(Atom(sbt.plugins.JvmPlugin))), Clause(Atom(sbt.plugins.SbtPlugin),Set(Atom(sbt.ScriptedPlugin))), Clause(Atom(sbt.plugins.SemanticdbPlugin),Set(Atom(sbt.plugins.JvmPlugin))), Clause(Atom(sbt.plugins.JUnitXmlReportPlugin),Set(Atom(sbt.plugins.JvmPlugin))), Clause(Atom(sbt.plugins.MiniDependencyTreePlugin),Set(Atom(sbt.plugins.JvmPlugin))), Clause(Atom(sbt.plugins.CorePlugin),Set(Atom(sbt.plugins.IvyPlugin))), Clause(Atom(sbt.plugins.IvyPlugin),Set(Atom(sbt.plugins.JvmPlugin))), Clause(Atom(sbt.plugins.JvmPlugin),Set(Atom(sbt.plugins.SemanticdbPlugin))), Clause(Atom(sbt.plugins.JvmPlugin),Set(Atom(sbt.plugins.JUnitXmlReportPlugin))), Clause(Atom(sbt.plugins.CorePlugin),Set(Atom(sbt.plugins.Giter8TemplatePlugin))), Clause(Atom(sbt.plugins.JvmPlugin),Set(Atom(sbt.plugins.MiniDependencyTreePlugin)))))
[debug]   :: deduced result: Matched(sbt.plugins.CorePlugin,sbt.plugins.Giter8TemplatePlugin,sbt.plugins.IvyPlugin,sbt.plugins.JvmPlugin,sbt.plugins.MiniDependencyTreePlugin,sbt.plugins.JUnitXmlReportPlugin,sbt.plugins.SemanticdbPlugin)
[debug] Plugins.deducer#function took 2.792095 ms
[debug]               Load.resolveProject(week10-build) took 1.458328ms
[debug]             Load.loadTransitive: finalizeProject(Project(id week10-build, base: /Users/bsnbk/Documents/KBTU/BE/Week10/project, plugins: List(<none>))) took 5.052359ms
[debug] [Loading] Done in /Users/bsnbk/Documents/KBTU/BE/Week10/project, returning: (week10-build)
[debug]           Load.loadUnit: loadedProjectsRaw took 7.894542ms
[debug]           Load.loadUnit: cleanEvalClasses took 0.017737ms
[debug]         Load.loadUnit(file:/Users/bsnbk/Documents/KBTU/BE/Week10/project/, ...) took 26.08552ms
[debug]       Load.apply: load took 27.819924ms
[debug]       Load.apply: resolveProjects took 0.149752ms
[debug]       Load.apply: finalTransforms took 11.535865ms
[debug]       Load.apply: config.delegates took 0.433138ms
[debug]       Load.apply: Def.make(settings)... took 80.515871ms
[debug]       Load.apply: structureIndex took 29.306876ms
[debug]       Load.apply: mkStreams took 0.003049ms
[info] loading project definition from /Users/bsnbk/Documents/KBTU/BE/Week10/project
[debug] Running task... Cancel: Signal, check cycles: false, forcegc: true
[debug]     Load.loadUnit: plugins took 298.726727ms
[debug]     Load.loadUnit: defsScala took 0.004895ms
[debug] [Loading] Scanning directory /Users/bsnbk/Documents/KBTU/BE/Week10
[debug]       Load.loadUnit: mkEval took 9.174879ms
[debug] [Loading] Found non-root projects 
[debug] [Loading] Done in /Users/bsnbk/Documents/KBTU/BE/Week10, returning: ()
[debug] deducing auto plugins based on known facts Set(Atom(sbt.plugins.CorePlugin)) and clauses Clauses(List(Clause(Atom(sbt.plugins.JvmPlugin),Set(Atom(sbt.plugins.IvyPlugin))), Clause(Atom(sbt.ScriptedPlugin),Set(Atom(sbt.plugins.JvmPlugin))), Clause(Atom(sbt.plugins.SbtPlugin),Set(Atom(sbt.ScriptedPlugin))), Clause(Atom(sbt.plugins.SemanticdbPlugin),Set(Atom(sbt.plugins.JvmPlugin))), Clause(Atom(sbt.plugins.JUnitXmlReportPlugin),Set(Atom(sbt.plugins.JvmPlugin))), Clause(Atom(sbt.plugins.MiniDependencyTreePlugin),Set(Atom(sbt.plugins.JvmPlugin))), Clause(Atom(sbt.plugins.CorePlugin),Set(Atom(sbt.plugins.IvyPlugin))), Clause(Atom(sbt.plugins.IvyPlugin),Set(Atom(sbt.plugins.JvmPlugin))), Clause(Atom(sbt.plugins.JvmPlugin),Set(Atom(sbt.plugins.SemanticdbPlugin))), Clause(Atom(sbt.plugins.JvmPlugin),Set(Atom(sbt.plugins.JUnitXmlReportPlugin))), Clause(Atom(sbt.plugins.CorePlugin),Set(Atom(sbt.plugins.Giter8TemplatePlugin))), Clause(Atom(sbt.plugins.JvmPlugin),Set(Atom(sbt.plugins.MiniDependencyTreePlugin)))))
[debug]   :: deduced result: Matched(sbt.plugins.CorePlugin,sbt.plugins.Giter8TemplatePlugin,sbt.plugins.IvyPlugin,sbt.plugins.JvmPlugin,sbt.plugins.MiniDependencyTreePlugin,sbt.plugins.JUnitXmlReportPlugin,sbt.plugins.SemanticdbPlugin)
[debug] Plugins.deducer#function took 2.664108 ms
[info] loading settings for project week10 from build.sbt ...
[debug]         Load.resolveProject(week10) took 3.169159ms
[debug]       Load.loadTransitive: finalizeProject(Project(id week10, base: /Users/bsnbk/Documents/KBTU/BE/Week10, plugins: List(<none>))) took 6.642425ms
[debug] [Loading] Done in /Users/bsnbk/Documents/KBTU/BE/Week10, returning: (week10)
[debug]     Load.loadUnit: loadedProjectsRaw took 176.646319ms
[debug]     Load.loadUnit: cleanEvalClasses took 6.92346ms
[debug]   Load.loadUnit(file:/Users/bsnbk/Documents/KBTU/BE/Week10/, ...) took 483.233446ms
[debug] Load.apply: load took 484.578749ms
[debug] Load.apply: resolveProjects took 0.158957ms
[debug] Load.apply: finalTransforms took 7.50459ms
[debug] Load.apply: config.delegates took 0.348323ms
[debug] Load.apply: Def.make(settings)... took 106.38405ms
[debug] Load.apply: structureIndex took 22.522444ms
[debug] Load.apply: mkStreams took 0.004207ms
[info] set current project to Week10 (in build file:/Users/bsnbk/Documents/KBTU/BE/Week10/)
[debug] > Exec(sbtPopOnFailure, None, None)
[debug] > Exec(resumeFromFailure, None, None)
[debug] > Exec(notifyUsersAboutShell, None, None)
[debug] > Exec(iflast shell, None, None)
[debug] > Exec(run, None, None)
[debug] Evaluating tasks: Compile / run
[debug] Running task... Cancel: Signal, check cycles: false, forcegc: true
