[0m[[0m[0mdebug[0m] [0m[0m> Exec(early(addDefaultCommands), None, None)[0m
[0m[[0m[0mdebug[0m] [0m[0m> Exec(addDefaultCommands, None, None)[0m
[0m[[0m[0mdebug[0m] [0m[0m> Exec(early(initialize), None, None)[0m
[0m[[0m[0mdebug[0m] [0m[0m> Exec(initialize, None, None)[0m
[0m[[0m[0mdebug[0m] [0m[0m> Exec(boot, None, None)[0m
[0m[[0m[0mdebug[0m] [0m[0m> Exec(writeSbtVersion, None, None)[0m
[0m[[0m[0mdebug[0m] [0m[0m> Exec(reload, None, None)[0m
[0m[[0m[0mdebug[0m] [0m[0m> Exec(sbtStashOnFailure, None, None)[0m
[0m[[0m[0mdebug[0m] [0m[0m> Exec(onFailure loadFailed, None, None)[0m
[0m[[0m[0mdebug[0m] [0m[0m> Exec(loadp, None, None)[0m
[0m[[0m[0minfo[0m] [0m[0mwelcome to sbt 1.4.7 (N/A Java 15.0.1)[0m
[0m[[0m[0mdebug[0m] [0m[0m      Load.loadUnit: plugins took 81.410055ms[0m
[0m[[0m[0mdebug[0m] [0m[0m      Load.loadUnit: defsScala took 0.262443ms[0m
[0m[[0m[0mdebug[0m] [0m[0m[Loading] Scanning directory /Users/bsnbk/.sbt/1.0/plugins[0m
[0m[[0m[0mdebug[0m] [0m[0m[Loading] Found non-root projects [0m
[0m[[0m[0mdebug[0m] [0m[0m[Loading] Done in /Users/bsnbk/.sbt/1.0/plugins, returning: ()[0m
[0m[[0m[0mdebug[0m] [0m[0mdeducing auto plugins based on known facts Set(Atom(sbt.plugins.CorePlugin)) and clauses Clauses(List(Clause(Atom(sbt.plugins.JvmPlugin),Set(Atom(sbt.plugins.IvyPlugin))), Clause(Atom(sbt.ScriptedPlugin),Set(Atom(sbt.plugins.JvmPlugin))), Clause(Atom(sbt.plugins.SbtPlugin),Set(Atom(sbt.ScriptedPlugin))), Clause(Atom(sbt.plugins.SemanticdbPlugin),Set(Atom(sbt.plugins.JvmPlugin))), Clause(Atom(sbt.plugins.JUnitXmlReportPlugin),Set(Atom(sbt.plugins.JvmPlugin))), Clause(Atom(sbt.plugins.MiniDependencyTreePlugin),Set(Atom(sbt.plugins.JvmPlugin))), Clause(Atom(sbt.plugins.CorePlugin),Set(Atom(sbt.plugins.IvyPlugin))), Clause(Atom(sbt.plugins.IvyPlugin),Set(Atom(sbt.plugins.JvmPlugin))), Clause(Atom(sbt.plugins.JvmPlugin),Set(Atom(sbt.plugins.SemanticdbPlugin))), Clause(Atom(sbt.plugins.JvmPlugin),Set(Atom(sbt.plugins.JUnitXmlReportPlugin))), Clause(Atom(sbt.plugins.CorePlugin),Set(Atom(sbt.plugins.Giter8TemplatePlugin))), Clause(Atom(sbt.plugins.JvmPlugin),Set(Atom(sbt.plugins.MiniDependencyTreePlugin)))))[0m
[0m[[0m[0mdebug[0m] [0m[0m  :: deduced result: Matched(sbt.plugins.CorePlugin,sbt.plugins.Giter8TemplatePlugin,sbt.plugins.IvyPlugin,sbt.plugins.JvmPlugin,sbt.plugins.MiniDependencyTreePlugin,sbt.plugins.JUnitXmlReportPlugin,sbt.plugins.SemanticdbPlugin)[0m
[0m[[0m[0mdebug[0m] [0m[0mPlugins.deducer#function took 19.827112 ms[0m
[0m[[0m[0mdebug[0m] [0m[0m          Load.resolveProject(global-plugins) took 39.300409ms[0m
[0m[[0m[0mdebug[0m] [0m[0m        Load.loadTransitive: finalizeProject(Project(id global-plugins, base: /Users/bsnbk/.sbt/1.0/plugins, plugins: List(<none>))) took 78.994499ms[0m
[0m[[0m[0mdebug[0m] [0m[0m[Loading] Done in /Users/bsnbk/.sbt/1.0/plugins, returning: (global-plugins)[0m
[0m[[0m[0mdebug[0m] [0m[0m      Load.loadUnit: loadedProjectsRaw took 103.412498ms[0m
[0m[[0m[0mdebug[0m] [0m[0m      Load.loadUnit: cleanEvalClasses took 0.206825ms[0m
[0m[[0m[0mdebug[0m] [0m[0m    Load.loadUnit(file:/Users/bsnbk/.sbt/1.0/plugins/, ...) took 193.470503ms[0m
[0m[[0m[0mdebug[0m] [0m[0m  Load.apply: load took 5478.820011ms[0m
[0m[[0m[0mdebug[0m] [0m[0m  Load.apply: resolveProjects took 6.703964ms[0m
[0m[[0m[0mdebug[0m] [0m[0m  Load.apply: finalTransforms took 65.82621ms[0m
[0m[[0m[0mdebug[0m] [0m[0m  Load.apply: config.delegates took 6.312728ms[0m
[0m[[0m[0mdebug[0m] [0m[0m  Load.apply: Def.make(settings)... took 367.300593ms[0m
[0m[[0m[0mdebug[0m] [0m[0m  Load.apply: structureIndex took 93.719527ms[0m
[0m[[0m[0mdebug[0m] [0m[0m  Load.apply: mkStreams took 1.542419ms[0m
[0m[[0m[0minfo[0m] [0m[0mloading global plugins from /Users/bsnbk/.sbt/1.0/plugins[0m
[0m[[0m[0mdebug[0m] [0m[0mRunning task... Cancel: Signal, check cycles: false, forcegc: true[0m
[0m[[0m[0mdebug[0m] [0m[0mLoad.defaultLoad until apply took 7256.811684ms[0m
[0m[[0m[0mdebug[0m] [0m[0m          Load.loadUnit: plugins took 17.843993ms[0m
[0m[[0m[0mdebug[0m] [0m[0m          Load.loadUnit: defsScala took 0.004584ms[0m
[0m[[0m[0mdebug[0m] [0m[0m[Loading] Scanning directory /Users/bsnbk/Documents/KBTU/BE/Week10/project[0m
[0m[[0m[0mdebug[0m] [0m[0m            Load.loadUnit: mkEval took 5.176943ms[0m
[0m[[0m[0mdebug[0m] [0m[0m[Loading] Found non-root projects [0m
[0m[[0m[0mdebug[0m] [0m[0m[Loading] Done in /Users/bsnbk/Documents/KBTU/BE/Week10/project, returning: ()[0m
[0m[[0m[0mdebug[0m] [0m[0mdeducing auto plugins based on known facts Set(Atom(sbt.plugins.CorePlugin)) and clauses Clauses(List(Clause(Atom(sbt.plugins.JvmPlugin),Set(Atom(sbt.plugins.IvyPlugin))), Clause(Atom(sbt.ScriptedPlugin),Set(Atom(sbt.plugins.JvmPlugin))), Clause(Atom(sbt.plugins.SbtPlugin),Set(Atom(sbt.ScriptedPlugin))), Clause(Atom(sbt.plugins.SemanticdbPlugin),Set(Atom(sbt.plugins.JvmPlugin))), Clause(Atom(sbt.plugins.JUnitXmlReportPlugin),Set(Atom(sbt.plugins.JvmPlugin))), Clause(Atom(sbt.plugins.MiniDependencyTreePlugin),Set(Atom(sbt.plugins.JvmPlugin))), Clause(Atom(sbt.plugins.CorePlugin),Set(Atom(sbt.plugins.IvyPlugin))), Clause(Atom(sbt.plugins.IvyPlugin),Set(Atom(sbt.plugins.JvmPlugin))), Clause(Atom(sbt.plugins.JvmPlugin),Set(Atom(sbt.plugins.SemanticdbPlugin))), Clause(Atom(sbt.plugins.JvmPlugin),Set(Atom(sbt.plugins.JUnitXmlReportPlugin))), Clause(Atom(sbt.plugins.CorePlugin),Set(Atom(sbt.plugins.Giter8TemplatePlugin))), Clause(Atom(sbt.plugins.JvmPlugin),Set(Atom(sbt.plugins.MiniDependencyTreePlugin)))))[0m
[0m[[0m[0mdebug[0m] [0m[0m  :: deduced result: Matched(sbt.plugins.CorePlugin,sbt.plugins.Giter8TemplatePlugin,sbt.plugins.IvyPlugin,sbt.plugins.JvmPlugin,sbt.plugins.MiniDependencyTreePlugin,sbt.plugins.JUnitXmlReportPlugin,sbt.plugins.SemanticdbPlugin)[0m
[0m[[0m[0mdebug[0m] [0m[0mPlugins.deducer#function took 1.767861 ms[0m
[0m[[0m[0minfo[0m] [0m[0mloading settings for project week10-build from plugins.sbt ...[0m
[0m[[0m[0mdebug[0m] [0m[0m              Load.resolveProject(week10-build) took 3.255193ms[0m
[0m[[0m[0mdebug[0m] [0m[0m            Load.loadTransitive: finalizeProject(Project(id week10-build, base: /Users/bsnbk/Documents/KBTU/BE/Week10/project, plugins: List(<none>))) took 5.539977ms[0m
[0m[[0m[0mdebug[0m] [0m[0m[Loading] Done in /Users/bsnbk/Documents/KBTU/BE/Week10/project, returning: (week10-build)[0m
[0m[[0m[0mdebug[0m] [0m[0m          Load.loadUnit: loadedProjectsRaw took 126.783473ms[0m
[0m[[0m[0mdebug[0m] [0m[0m          Load.loadUnit: cleanEvalClasses took 3.654208ms[0m
[0m[[0m[0mdebug[0m] [0m[0m        Load.loadUnit(file:/Users/bsnbk/Documents/KBTU/BE/Week10/project/, ...) took 149.015141ms[0m
[0m[[0m[0mdebug[0m] [0m[0m      Load.apply: load took 150.39689ms[0m
[0m[[0m[0mdebug[0m] [0m[0m      Load.apply: resolveProjects took 0.093538ms[0m
[0m[[0m[0mdebug[0m] [0m[0m      Load.apply: finalTransforms took 12.442135ms[0m
[0m[[0m[0mdebug[0m] [0m[0m      Load.apply: config.delegates took 0.390511ms[0m
[0m[[0m[0mdebug[0m] [0m[0m      Load.apply: Def.make(settings)... took 87.745077ms[0m
[0m[[0m[0mdebug[0m] [0m[0m      Load.apply: structureIndex took 31.805272ms[0m
[0m[[0m[0mdebug[0m] [0m[0m      Load.apply: mkStreams took 0.003396ms[0m
[0m[[0m[0minfo[0m] [0m[0mloading project definition from /Users/bsnbk/Documents/KBTU/BE/Week10/project[0m
[0m[[0m[0mdebug[0m] [0m[0mRunning task... Cancel: Signal, check cycles: false, forcegc: true[0m
[0m[[0m[0mdebug[0m] [0m[0m    Load.loadUnit: plugins took 874.377214ms[0m
[0m[[0m[0mdebug[0m] [0m[0m    Load.loadUnit: defsScala took 0.003593ms[0m
[0m[[0m[0mdebug[0m] [0m[0m[Loading] Scanning directory /Users/bsnbk/Documents/KBTU/BE/Week10[0m
[0m[[0m[0mdebug[0m] [0m[0m      Load.loadUnit: mkEval took 0.211669ms[0m
[0m[[0m[0mdebug[0m] [0m[0m[Loading] Found non-root projects [0m
[0m[[0m[0mdebug[0m] [0m[0m[Loading] Done in /Users/bsnbk/Documents/KBTU/BE/Week10, returning: ()[0m
[0m[[0m[0mdebug[0m] [0m[0mdeducing auto plugins based on known facts Set(Atom(com.typesafe.sbt.packager.archetypes.JavaAppPackaging), Atom(com.typesafe.sbt.packager.archetypes.scripts.AshScriptPlugin), Atom(sbt.plugins.CorePlugin)) and clauses Clauses(List(Clause(Atom(sbt.plugins.JvmPlugin),Set(Atom(sbt.plugins.IvyPlugin))), Clause(Atom(sbt.ScriptedPlugin),Set(Atom(sbt.plugins.JvmPlugin))), Clause(Atom(sbt.plugins.SbtPlugin),Set(Atom(sbt.ScriptedPlugin))), Clause(Atom(sbt.plugins.SemanticdbPlugin),Set(Atom(sbt.plugins.JvmPlugin))), Clause(Atom(sbt.plugins.JUnitXmlReportPlugin),Set(Atom(sbt.plugins.JvmPlugin))), Clause(Atom(sbt.plugins.MiniDependencyTreePlugin),Set(Atom(sbt.plugins.JvmPlugin))), Clause(Atom(com.typesafe.sbt.SbtNativePackager),Set(Atom(sbt.plugins.JvmPlugin))), Clause(Atom(com.typesafe.sbt.packager.archetypes.JavaAppPackaging),Set(Atom(com.typesafe.sbt.packager.windows.WindowsPlugin))), Clause(Atom(com.typesafe.sbt.packager.archetypes.JavaAppPackaging),Set(Atom(com.typesafe.sbt.packager.docker.DockerPlugin))), Clause(Atom(com.typesafe.sbt.packager.archetypes.JavaAppPackaging),Set(Atom(com.typesafe.sbt.packager.debian.DebianPlugin))), Clause(Atom(com.typesafe.sbt.packager.archetypes.JavaAppPackaging),Set(Atom(com.typesafe.sbt.packager.rpm.RpmPlugin))), Clause(Atom(com.typesafe.sbt.packager.archetypes.scripts.AshScriptPlugin),Set(Atom(com.typesafe.sbt.packager.archetypes.scripts.BashStartScriptPlugin))), Clause(Atom(com.typesafe.sbt.packager.archetypes.systemloader.SystemVPlugin),Set(Atom(com.typesafe.sbt.packager.archetypes.systemloader.SystemloaderPlugin))), Clause(Atom(com.typesafe.sbt.packager.archetypes.systemloader.SystemdPlugin),Set(Atom(com.typesafe.sbt.packager.archetypes.systemloader.SystemloaderPlugin))), Clause(Atom(com.typesafe.sbt.packager.archetypes.systemloader.SystemloaderPlugin),Set(Atom(com.typesafe.sbt.packager.debian.DebianPlugin))), Clause(Atom(com.typesafe.sbt.packager.archetypes.systemloader.SystemloaderPlugin),Set(Atom(com.typesafe.sbt.packager.rpm.RpmPlugin))), Clause(Atom(com.typesafe.sbt.packager.archetypes.systemloader.UpstartPlugin),Set(Atom(com.typesafe.sbt.packager.archetypes.systemloader.SystemloaderPlugin))), Clause(Atom(com.typesafe.sbt.packager.debian.DebianDeployPlugin),Set(Atom(com.typesafe.sbt.packager.debian.DebianPlugin))), Clause(Atom(com.typesafe.sbt.packager.debian.DebianPlugin),Set(Atom(com.typesafe.sbt.packager.linux.LinuxPlugin))), Clause(Atom(com.typesafe.sbt.packager.debian.JDebPackaging),Set(Atom(com.typesafe.sbt.packager.debian.DebianPlugin))), Clause(Atom(com.typesafe.sbt.packager.docker.DockerPlugin),Set(Atom(com.typesafe.sbt.packager.universal.UniversalPlugin))), Clause(Atom(com.typesafe.sbt.packager.docker.DockerSpotifyClientPlugin),Set(Atom(com.typesafe.sbt.packager.docker.DockerPlugin))), Clause(Atom(com.typesafe.sbt.packager.jdkpackager.JDKPackagerDeployPlugin),Set(Atom(com.typesafe.sbt.packager.jdkpackager.JDKPackagerPlugin))), Clause(Atom(com.typesafe.sbt.packager.jdkpackager.JDKPackagerPlugin),Set(Atom(com.typesafe.sbt.packager.archetypes.jar.LauncherJarPlugin))), Clause(Atom(com.typesafe.sbt.packager.linux.LinuxPlugin),Set(Atom(com.typesafe.sbt.packager.universal.UniversalPlugin))), Clause(Atom(com.typesafe.sbt.packager.rpm.RpmDeployPlugin),Set(Atom(com.typesafe.sbt.packager.rpm.RpmPlugin))), Clause(Atom(com.typesafe.sbt.packager.rpm.RpmPlugin),Set(Atom(com.typesafe.sbt.packager.linux.LinuxPlugin))), Clause(Atom(com.typesafe.sbt.packager.universal.UniversalDeployPlugin),Set(Atom(com.typesafe.sbt.packager.universal.UniversalPlugin))), Clause(Atom(com.typesafe.sbt.packager.universal.UniversalPlugin),Set(Atom(com.typesafe.sbt.SbtNativePackager))), Clause(Atom(com.typesafe.sbt.packager.windows.WindowsDeployPlugin),Set(Atom(com.typesafe.sbt.packager.windows.WindowsPlugin))), Clause(Atom(com.typesafe.sbt.packager.windows.WindowsPlugin),Set(Atom(com.typesafe.sbt.packager.universal.UniversalPlugin))), Clause(Atom(sbt.plugins.CorePlugin),Set(Atom(sbt.plugins.IvyPlugin))), Clause(Atom(sbt.plugins.IvyPlugin),Set(Atom(sbt.plugins.JvmPlugin))), Clause(Atom(sbt.plugins.JvmPlugin),Set(Atom(sbt.plugins.SemanticdbPlugin))), Clause(Atom(sbt.plugins.JvmPlugin),Set(Atom(sbt.plugins.JUnitXmlReportPlugin))), Clause(Atom(sbt.plugins.CorePlugin),Set(Atom(sbt.plugins.Giter8TemplatePlugin))), Clause(Atom(sbt.plugins.JvmPlugin),Set(Atom(sbt.plugins.MiniDependencyTreePlugin))), Clause(Atom(com.typesafe.sbt.packager.archetypes.JavaAppPackaging),Set(Atom(com.typesafe.sbt.packager.archetypes.scripts.BashStartScriptPlugin))), Clause(Atom(com.typesafe.sbt.packager.archetypes.JavaAppPackaging),Set(Atom(com.typesafe.sbt.packager.archetypes.scripts.BatStartScriptPlugin)))))[0m
[0m[[0m[0mdebug[0m] [0m[0m  :: deduced result: Matched(sbt.plugins.CorePlugin,com.typesafe.sbt.packager.archetypes.scripts.AshScriptPlugin,com.typesafe.sbt.packager.archetypes.JavaAppPackaging,com.typesafe.sbt.packager.rpm.RpmPlugin,com.typesafe.sbt.packager.archetypes.scripts.BashStartScriptPlugin,com.typesafe.sbt.packager.windows.WindowsPlugin,com.typesafe.sbt.packager.archetypes.scripts.BatStartScriptPlugin,com.typesafe.sbt.packager.docker.DockerPlugin,sbt.plugins.IvyPlugin,sbt.plugins.Giter8TemplatePlugin,com.typesafe.sbt.packager.debian.DebianPlugin,sbt.plugins.JvmPlugin,com.typesafe.sbt.packager.universal.UniversalPlugin,com.typesafe.sbt.packager.linux.LinuxPlugin,sbt.plugins.MiniDependencyTreePlugin,sbt.plugins.JUnitXmlReportPlugin,sbt.plugins.SemanticdbPlugin,com.typesafe.sbt.SbtNativePackager)[0m
[0m[[0m[0mdebug[0m] [0m[0mPlugins.deducer#function took 5.956981 ms[0m
[0m[[0m[0minfo[0m] [0m[0mloading settings for project week10 from build.sbt ...[0m
[0m[[0m[0mdebug[0m] [0m[0m        Load.resolveProject(week10) took 51.759289ms[0m
[0m[[0m[0mdebug[0m] [0m[0m      Load.loadTransitive: finalizeProject(Project(id week10, base: /Users/bsnbk/Documents/KBTU/BE/Week10, plugins: List(<none>))) took 59.127037ms[0m
[0m[[0m[0mdebug[0m] [0m[0m[Loading] Done in /Users/bsnbk/Documents/KBTU/BE/Week10, returning: (week10)[0m
[0m[[0m[0mdebug[0m] [0m[0m    Load.loadUnit: loadedProjectsRaw took 183.047337ms[0m
[0m[[0m[0mdebug[0m] [0m[0m    Load.loadUnit: cleanEvalClasses took 5.219095ms[0m
[0m[[0m[0mdebug[0m] [0m[0m  Load.loadUnit(file:/Users/bsnbk/Documents/KBTU/BE/Week10/, ...) took 1063.336621ms[0m
[0m[[0m[0mdebug[0m] [0m[0mLoad.apply: load took 1065.292843ms[0m
[0m[[0m[0mdebug[0m] [0m[0mLoad.apply: resolveProjects took 0.158907ms[0m
[0m[[0m[0mdebug[0m] [0m[0mLoad.apply: finalTransforms took 9.441987ms[0m
[0m[[0m[0mdebug[0m] [0m[0mLoad.apply: config.delegates took 0.807519ms[0m
[0m[[0m[0mdebug[0m] [0m[0mLoad.apply: Def.make(settings)... took 80.939333ms[0m
[0m[[0m[0mdebug[0m] [0m[0mLoad.apply: structureIndex took 40.734745ms[0m
[0m[[0m[0mdebug[0m] [0m[0mLoad.apply: mkStreams took 0.002914ms[0m
[0m[[0m[0minfo[0m] [0m[0mset current project to Week10 (in build file:/Users/bsnbk/Documents/KBTU/BE/Week10/)[0m
[0m[[0m[0mdebug[0m] [0m[0m> Exec(sbtPopOnFailure, None, None)[0m
[0m[[0m[0mdebug[0m] [0m[0m> Exec(resumeFromFailure, None, None)[0m
[0m[[0m[0mdebug[0m] [0m[0m> Exec(notifyUsersAboutShell, None, None)[0m
[0m[[0m[0minfo[0m] [0m[0mExecuting in batch mode. For better performance use sbt's shell[0m
[0m[[0m[0mdebug[0m] [0m[0m> Exec(iflast shell, None, None)[0m
[0m[[0m[0mdebug[0m] [0m[0m> Exec(clean, None, None)[0m
[0m[[0m[0mdebug[0m] [0m[0mEvaluating tasks: clean[0m
[0m[[0m[0mdebug[0m] [0m[0mRunning task... Cancel: Signal, check cycles: false, forcegc: true[0m
[0m[[0m[32msuccess[0m] [0m[0mTotal time: 0 s, completed Apr 2, 2021, 6:40:20 PM[0m
[0m[[0m[0mdebug[0m] [0m[0m> Exec(compile, None, None)[0m
[0m[[0m[0mdebug[0m] [0m[0mEvaluating tasks: Compile / compile[0m
[0m[[0m[0mdebug[0m] [0m[0mRunning task... Cancel: Signal, check cycles: false, forcegc: true[0m
[0m[[0m[33mwarn[0m] [0m[0mThere may be incompatibilities among your library dependencies; run 'evicted' to see detailed eviction warnings.[0m
[0m[[0m[0minfo[0m] [0m[0mcompiling 10 Scala sources to /Users/bsnbk/Documents/KBTU/BE/Week10/target/scala-2.12/classes ...[0m
[0m[[0m[31merror[0m] [0m[0m## Exception when compiling 10 sources to /Users/bsnbk/Documents/KBTU/BE/Week10/target/scala-2.12/classes[0m
[0m[[0m[31merror[0m] [0m[0mjava.io.IOError: java.lang.RuntimeException: /packages cannot be represented as URI[0m
[0m[[0m[31merror[0m] [0m[0mjava.base/jdk.internal.jrtfs.JrtPath.toUri(JrtPath.java:176)[0m
[0m[[0m[31merror[0m] [0m[0mscala.tools.nsc.classpath.JrtClassPath.asURLs(DirectoryClassPath.scala:204)[0m
[0m[[0m[31merror[0m] [0m[0mscala.tools.nsc.classpath.AggregateClassPath.$anonfun$asURLs$1(AggregateClassPath.scala:55)[0m
[0m[[0m[31merror[0m] [0m[0mscala.collection.TraversableLike.$anonfun$flatMap$1(TraversableLike.scala:241)[0m
[0m[[0m[31merror[0m] [0m[0mscala.collection.Iterator.foreach(Iterator.scala:944)[0m
[0m[[0m[31merror[0m] [0m[0mscala.collection.Iterator.foreach$(Iterator.scala:944)[0m
[0m[[0m[31merror[0m] [0m[0mscala.collection.AbstractIterator.foreach(Iterator.scala:1432)[0m
[0m[[0m[31merror[0m] [0m[0mscala.collection.IterableLike.foreach(IterableLike.scala:71)[0m
[0m[[0m[31merror[0m] [0m[0mscala.collection.IterableLike.foreach$(IterableLike.scala:70)[0m
[0m[[0m[31merror[0m] [0m[0mscala.collection.AbstractIterable.foreach(Iterable.scala:54)[0m
[0m[[0m[31merror[0m] [0m[0mscala.collection.TraversableLike.flatMap(TraversableLike.scala:241)[0m
[0m[[0m[31merror[0m] [0m[0mscala.collection.TraversableLike.flatMap$(TraversableLike.scala:238)[0m
[0m[[0m[31merror[0m] [0m[0mscala.collection.AbstractTraversable.flatMap(Traversable.scala:104)[0m
[0m[[0m[31merror[0m] [0m[0mscala.tools.nsc.classpath.AggregateClassPath.asURLs(AggregateClassPath.scala:55)[0m
[0m[[0m[31merror[0m] [0m[0mscala.tools.nsc.typechecker.Macros.findMacroClassLoader(Macros.scala:66)[0m
[0m[[0m[31merror[0m] [0m[0mscala.tools.nsc.typechecker.Macros.findMacroClassLoader$(Macros.scala:65)[0m
[0m[[0m[31merror[0m] [0m[0mscala.tools.nsc.Global$$anon$1.findMacroClassLoader(Global.scala:448)[0m
[0m[[0m[31merror[0m] [0m[0mscala.reflect.macros.runtime.MacroRuntimes.$anonfun$defaultMacroClassloaderCache$2(MacroRuntimes.scala:56)[0m
[0m[[0m[31merror[0m] [0m[0mscala.reflect.internal.SymbolTable$perRunCaches$$anon$1.apply(SymbolTable.scala:459)[0m
[0m[[0m[31merror[0m] [0m[0mscala.reflect.macros.runtime.MacroRuntimes.defaultMacroClassloader(MacroRuntimes.scala:58)[0m
[0m[[0m[31merror[0m] [0m[0mscala.reflect.macros.runtime.MacroRuntimes.defaultMacroClassloader$(MacroRuntimes.scala:58)[0m
[0m[[0m[31merror[0m] [0m[0mscala.tools.nsc.Global$$anon$1.defaultMacroClassloader(Global.scala:448)[0m
[0m[[0m[31merror[0m] [0m[0mscala.reflect.macros.runtime.MacroRuntimes$MacroRuntimeResolver.resolveRuntime(MacroRuntimes.scala:76)[0m
[0m[[0m[31merror[0m] [0m[0mscala.reflect.macros.runtime.MacroRuntimes.$anonfun$standardMacroRuntime$3(MacroRuntimes.scala:38)[0m
[0m[[0m[31merror[0m] [0m[0mscala.collection.mutable.MapLike.getOrElseUpdate(MapLike.scala:206)[0m
[0m[[0m[31merror[0m] [0m[0mscala.collection.mutable.MapLike.getOrElseUpdate$(MapLike.scala:203)[0m
[0m[[0m[31merror[0m] [0m[0mscala.collection.mutable.AbstractMap.getOrElseUpdate(Map.scala:80)[0m
[0m[[0m[31merror[0m] [0m[0mscala.reflect.macros.runtime.MacroRuntimes.standardMacroRuntime(MacroRuntimes.scala:38)[0m
[0m[[0m[31merror[0m] [0m[0mscala.reflect.macros.runtime.MacroRuntimes.standardMacroRuntime$(MacroRuntimes.scala:31)[0m
[0m[[0m[31merror[0m] [0m[0mscala.tools.nsc.Global$$anon$1.standardMacroRuntime(Global.scala:448)[0m
[0m[[0m[31merror[0m] [0m[0mscala.tools.nsc.typechecker.AnalyzerPlugins$$anon$14.default(AnalyzerPlugins.scala:448)[0m
[0m[[0m[31merror[0m] [0m[0mscala.tools.nsc.typechecker.AnalyzerPlugins$$anon$14.default(AnalyzerPlugins.scala:445)[0m
[0m[[0m[31merror[0m] [0m[0mscala.tools.nsc.typechecker.AnalyzerPlugins.invoke(AnalyzerPlugins.scala:401)[0m
[0m[[0m[31merror[0m] [0m[0mscala.tools.nsc.typechecker.AnalyzerPlugins.pluginsMacroRuntime(AnalyzerPlugins.scala:445)[0m
[0m[[0m[31merror[0m] [0m[0mscala.tools.nsc.typechecker.AnalyzerPlugins.pluginsMacroRuntime$(AnalyzerPlugins.scala:445)[0m
[0m[[0m[31merror[0m] [0m[0mscala.tools.nsc.Global$$anon$1.pluginsMacroRuntime(Global.scala:448)[0m
[0m[[0m[31merror[0m] [0m[0mscala.reflect.macros.runtime.MacroRuntimes.macroRuntime(MacroRuntimes.scala:25)[0m
[0m[[0m[31merror[0m] [0m[0mscala.reflect.macros.runtime.MacroRuntimes.macroRuntime$(MacroRuntimes.scala:25)[0m
[0m[[0m[31merror[0m] [0m[0mscala.tools.nsc.Global$$anon$1.macroRuntime(Global.scala:448)[0m
[0m[[0m[31merror[0m] [0m[0mscala.tools.nsc.typechecker.Macros$MacroExpander.$anonfun$expand$1(Macros.scala:619)[0m
[0m[[0m[31merror[0m] [0m[0mscala.tools.nsc.Global.withInfoLevel(Global.scala:219)[0m
[0m[[0m[31merror[0m] [0m[0mscala.tools.nsc.typechecker.Macros$MacroExpander.expand(Macros.scala:613)[0m
[0m[[0m[31merror[0m] [0m[0mscala.tools.nsc.typechecker.Macros$MacroExpander.apply(Macros.scala:600)[0m
[0m[[0m[31merror[0m] [0m[0mscala.tools.nsc.typechecker.Macros.standardMacroExpand(Macros.scala:764)[0m
[0m[[0m[31merror[0m] [0m[0mscala.tools.nsc.typechecker.Macros.standardMacroExpand$(Macros.scala:762)[0m
[0m[[0m[31merror[0m] [0m[0mscala.tools.nsc.Global$$anon$1.standardMacroExpand(Global.scala:448)[0m
[0m[[0m[31merror[0m] [0m[0mscala.tools.nsc.typechecker.AnalyzerPlugins$$anon$12.default(AnalyzerPlugins.scala:432)[0m
[0m[[0m[31merror[0m] [0m[0mscala.tools.nsc.typechecker.AnalyzerPlugins$$anon$12.default(AnalyzerPlugins.scala:429)[0m
[0m[[0m[31merror[0m] [0m[0mscala.tools.nsc.typechecker.AnalyzerPlugins.invoke(AnalyzerPlugins.scala:401)[0m
[0m[[0m[31merror[0m] [0m[0mscala.tools.nsc.typechecker.AnalyzerPlugins.pluginsMacroExpand(AnalyzerPlugins.scala:429)[0m
[0m[[0m[31merror[0m] [0m[0mscala.tools.nsc.typechecker.AnalyzerPlugins.pluginsMacroExpand$(AnalyzerPlugins.scala:429)[0m
[0m[[0m[31merror[0m] [0m[0mscala.tools.nsc.Global$$anon$1.pluginsMacroExpand(Global.scala:448)[0m
[0m[[0m[31merror[0m] [0m[0mscala.tools.nsc.typechecker.Macros.macroExpand(Macros.scala:757)[0m
[0m[[0m[31merror[0m] [0m[0mscala.tools.nsc.typechecker.Macros.macroExpand$(Macros.scala:757)[0m
[0m[[0m[31merror[0m] [0m[0mscala.tools.nsc.Global$$anon$1.macroExpand(Global.scala:448)[0m
[0m[[0m[31merror[0m] [0m[0mscala.tools.nsc.typechecker.Typers$Typer.vanillaAdapt$1(Typers.scala:1171)[0m
[0m[[0m[31merror[0m] [0m[0mscala.tools.nsc.typechecker.Typers$Typer.adapt(Typers.scala:1231)[0m
[0m[[0m[31merror[0m] [0m[0mscala.tools.nsc.typechecker.Typers$Typer.adapt(Typers.scala:1204)[0m
[0m[[0m[31merror[0m] [0m[0mscala.tools.nsc.typechecker.Typers$Typer.runTyper$1(Typers.scala:5654)[0m
[0m[[0m[31merror[0m] [0m[0mscala.tools.nsc.typechecker.Typers$Typer.typedInternal(Typers.scala:5672)[0m
[0m[[0m[31merror[0m] [0m[0mscala.tools.nsc.typechecker.Typers$Typer.body$2(Typers.scala:5613)[0m
[0m[[0m[31merror[0m] [0m[0mscala.tools.nsc.typechecker.Typers$Typer.typed(Typers.scala:5618)[0m
[0m[[0m[31merror[0m] [0m[0mscala.tools.nsc.typechecker.Typers$Typer.$anonfun$typedArg$1(Typers.scala:3290)[0m
[0m[[0m[31merror[0m] [0m[0mscala.tools.nsc.typechecker.Typers$Typer.typedArg(Typers.scala:477)[0m
[0m[[0m[31merror[0m] [0m[0mscala.tools.nsc.typechecker.PatternTypers$PatternTyper.typedArgWithFormal$1(PatternTypers.scala:108)[0m
[0m[[0m[31merror[0m] [0m[0mscala.tools.nsc.typechecker.PatternTypers$PatternTyper.$anonfun$typedArgsForFormals$4(PatternTypers.scala:122)[0m
[0m[[0m[31merror[0m] [0m[0mscala.tools.nsc.typechecker.PatternTypers$PatternTyper.typedArgsForFormals(PatternTypers.scala:122)[0m
[0m[[0m[31merror[0m] [0m[0mscala.tools.nsc.typechecker.PatternTypers$PatternTyper.typedArgsForFormals$(PatternTypers.scala:103)[0m
[0m[[0m[31merror[0m] [0m[0mscala.tools.nsc.typechecker.Typers$Typer.typedArgsForFormals(Typers.scala:111)[0m
[0m[[0m[31merror[0m] [0m[0mscala.tools.nsc.typechecker.Typers$Typer.handleMonomorphicCall$1(Typers.scala:3635)[0m
[0m[[0m[31merror[0m] [0m[0mscala.tools.nsc.typechecker.Typers$Typer.$anonfun$doTypedApply$31(Typers.scala:3661)[0m
[0m[[0m[31merror[0m] [0m[0mscala.tools.nsc.typechecker.Typers$Typer.doTypedApply(Typers.scala:3661)[0m
[0m[[0m[31merror[0m] [0m[0mscala.tools.nsc.typechecker.Typers$Typer.normalTypedApply$1(Typers.scala:4773)[0m
[0m[[0m[31merror[0m] [0m[0mscala.tools.nsc.typechecker.Typers$Typer.typedApply$1(Typers.scala:4801)[0m
[0m[[0m[31merror[0m] [0m[0mscala.tools.nsc.typechecker.Typers$Typer.typedInAnyMode$1(Typers.scala:5586)[0m
[0m[[0m[31merror[0m] [0m[0mscala.tools.nsc.typechecker.Typers$Typer.typed1(Typers.scala:5603)[0m
[0m[[0m[31merror[0m] [0m[0mscala.tools.nsc.typechecker.Typers$Typer.runTyper$1(Typers.scala:5640)[0m
[0m[[0m[31merror[0m] [0m[0mscala.tools.nsc.typechecker.Typers$Typer.typedInternal(Typers.scala:5672)[0m
[0m[[0m[31merror[0m] [0m[0mscala.tools.nsc.typechecker.Typers$Typer.body$2(Typers.scala:5613)[0m
[0m[[0m[31merror[0m] [0m[0mscala.tools.nsc.typechecker.Typers$Typer.typed(Typers.scala:5618)[0m
[0m[[0m[31merror[0m] [0m[0mscala.tools.nsc.typechecker.Typers$Typer.$anonfun$adapt$1(Typers.scala:889)[0m
[0m[[0m[31merror[0m] [0m[0mscala.tools.nsc.typechecker.Typers$Typer.adaptToImplicitMethod$1(Typers.scala:477)[0m
[0m[[0m[31merror[0m] [0m[0mscala.tools.nsc.typechecker.Typers$Typer.adapt(Typers.scala:1227)[0m
[0m[[0m[31merror[0m] [0m[0mscala.tools.nsc.typechecker.Typers$Typer.adapt(Typers.scala:1224)[0m
[0m[[0m[31merror[0m] [0m[0mscala.tools.nsc.typechecker.Implicits$ImplicitSearch.typedImplicit1(Implicits.scala:706)[0m
[0m[[0m[31merror[0m] [0m[0mscala.tools.nsc.typechecker.Implicits$ImplicitSearch.typedImplicit0(Implicits.scala:643)[0m
[0m[[0m[31merror[0m] [0m[0mscala.tools.nsc.typechecker.Implicits$ImplicitSearch.scala$tools$nsc$typechecker$Implicits$ImplicitSearch$$typedImplicit(Implicits.scala:511)[0m
[0m[[0m[31merror[0m] [0m[0mscala.tools.nsc.typechecker.Implicits$ImplicitSearch$ImplicitComputation.rankImplicits(Implicits.scala:964)[0m
[0m[[0m[31merror[0m] [0m[0mscala.tools.nsc.typechecker.Implicits$ImplicitSearch$ImplicitComputation.findBest(Implicits.scala:992)[0m
[0m[[0m[31merror[0m] [0m[0mscala.tools.nsc.typechecker.Implicits$ImplicitSearch.searchImplicit(Implicits.scala:1049)[0m
[0m[[0m[31merror[0m] [0m[0mscala.tools.nsc.typechecker.Implicits$ImplicitSearch.bestImplicit(Implicits.scala:1445)[0m
[0m[[0m[31merror[0m] [0m[0mscala.tools.nsc.typechecker.Implicits.inferImplicit(Implicits.scala:95)[0m
[0m[[0m[31merror[0m] [0m[0mscala.tools.nsc.typechecker.Implicits.inferImplicit$(Implicits.scala:82)[0m
[0m[[0m[31merror[0m] [0m[0mscala.tools.nsc.Global$$anon$1.inferImplicit(Global.scala:448)[0m
[0m[[0m[31merror[0m] [0m[0mscala.tools.nsc.typechecker.Implicits.inferImplicitFor(Implicits.scala:40)[0m
[0m[[0m[31merror[0m] [0m[0mscala.tools.nsc.typechecker.Implicits.inferImplicitFor$(Implicits.scala:39)[0m
[0m[[0m[31merror[0m] [0m[0mscala.tools.nsc.Global$$anon$1.inferImplicitFor(Global.scala:448)[0m
[0m[[0m[31merror[0m] [0m[0mscala.tools.nsc.typechecker.Typers$Typer.$anonfun$applyImplicitArgs$2(Typers.scala:172)[0m
[0m[[0m[31merror[0m] [0m[0mscala.tools.nsc.typechecker.Typers$Typer.applyImplicitArgs(Typers.scala:165)[0m
[0m[[0m[31merror[0m] [0m[0mscala.tools.nsc.typechecker.Typers$Typer.$anonfun$adapt$1(Typers.scala:889)[0m
[0m[[0m[31merror[0m] [0m[0mscala.tools.nsc.typechecker.Typers$Typer.adaptToImplicitMethod$1(Typers.scala:477)[0m
[0m[[0m[31merror[0m] [0m[0mscala.tools.nsc.typechecker.Typers$Typer.adapt(Typers.scala:1227)[0m
[0m[[0m[31merror[0m] [0m[0mscala.tools.nsc.typechecker.Typers$Typer.adapt(Typers.scala:1224)[0m
[0m[[0m[31merror[0m] [0m[0mscala.tools.nsc.typechecker.Implicits$ImplicitSearch.typedImplicit1(Implicits.scala:706)[0m
[0m[[0m[31merror[0m] [0m[0mscala.tools.nsc.typechecker.Implicits$ImplicitSearch.typedImplicit0(Implicits.scala:643)[0m
[0m[[0m[31merror[0m] [0m[0mscala.tools.nsc.typechecker.Implicits$ImplicitSearch.scala$tools$nsc$typechecker$Implicits$ImplicitSearch$$typedImplicit(Implicits.scala:511)[0m
[0m[[0m[31merror[0m] [0m[0mscala.tools.nsc.typechecker.Implicits$ImplicitSearch$ImplicitComputation.rankImplicits(Implicits.scala:964)[0m
[0m[[0m[31merror[0m] [0m[0mscala.tools.nsc.typechecker.Implicits$ImplicitSearch$ImplicitComputation.findBest(Implicits.scala:992)[0m
[0m[[0m[31merror[0m] [0m[0mscala.tools.nsc.typechecker.Implicits$ImplicitSearch.searchImplicit(Implicits.scala:1049)[0m
[0m[[0m[31merror[0m] [0m[0mscala.tools.nsc.typechecker.Implicits$ImplicitSearch.bestImplicit(Implicits.scala:1419)[0m
[0m[[0m[31merror[0m] [0m[0mscala.tools.nsc.typechecker.Implicits.inferImplicit(Implicits.scala:95)[0m
[0m[[0m[31merror[0m] [0m[0mscala.tools.nsc.typechecker.Implicits.inferImplicit$(Implicits.scala:82)[0m
[0m[[0m[31merror[0m] [0m[0mscala.tools.nsc.Global$$anon$1.inferImplicit(Global.scala:448)[0m
[0m[[0m[31merror[0m] [0m[0mscala.tools.nsc.typechecker.Implicits.inferImplicitFor(Implicits.scala:40)[0m
[0m[[0m[31merror[0m] [0m[0mscala.tools.nsc.typechecker.Implicits.inferImplicitFor$(Implicits.scala:39)[0m
[0m[[0m[31merror[0m] [0m[0mscala.tools.nsc.Global$$anon$1.inferImplicitFor(Global.scala:448)[0m
[0m[[0m[31merror[0m] [0m[0mscala.tools.nsc.typechecker.Typers$Typer.$anonfun$applyImplicitArgs$2(Typers.scala:172)[0m
[0m[[0m[31merror[0m] [0m[0mscala.tools.nsc.typechecker.Typers$Typer.applyImplicitArgs(Typers.scala:165)[0m
[0m[[0m[31merror[0m] [0m[0mscala.tools.nsc.typechecker.Typers$Typer.$anonfun$adapt$1(Typers.scala:889)[0m
[0m[[0m[31merror[0m] [0m[0mscala.tools.nsc.typechecker.Typers$Typer.adaptToImplicitMethod$1(Typers.scala:477)[0m
[0m[[0m[31merror[0m] [0m[0mscala.tools.nsc.typechecker.Typers$Typer.adapt(Typers.scala:1227)[0m
[0m[[0m[31merror[0m] [0m[0mscala.tools.nsc.typechecker.Typers$Typer.adapt(Typers.scala:1224)[0m
[0m[[0m[31merror[0m] [0m[0mscala.tools.nsc.typechecker.Implicits$ImplicitSearch.typedImplicit1(Implicits.scala:706)[0m
[0m[[0m[31merror[0m] [0m[0mscala.tools.nsc.typechecker.Implicits$ImplicitSearch.typedImplicit0(Implicits.scala:643)[0m
[0m[[0m[31merror[0m] [0m[0mscala.tools.nsc.typechecker.Implicits$ImplicitSearch.scala$tools$nsc$typechecker$Implicits$ImplicitSearch$$typedImplicit(Implicits.scala:511)[0m
[0m[[0m[31merror[0m] [0m[0mscala.tools.nsc.typechecker.Implicits$ImplicitSearch$ImplicitComputation.rankImplicits(Implicits.scala:964)[0m
[0m[[0m[31merror[0m] [0m[0mscala.tools.nsc.typechecker.Implicits$ImplicitSearch$ImplicitComputation.findBest(Implicits.scala:992)[0m
[0m[[0m[31merror[0m] [0m[0mscala.tools.nsc.typechecker.Implicits$ImplicitSearch.searchImplicit(Implicits.scala:1049)[0m
[0m[[0m[31merror[0m] [0m[0mscala.tools.nsc.typechecker.Implicits$ImplicitSearch.bestImplicit(Implicits.scala:1445)[0m
[0m[[0m[31merror[0m] [0m[0mscala.tools.nsc.typechecker.Implicits.inferImplicit(Implicits.scala:95)[0m
[0m[[0m[31merror[0m] [0m[0mscala.tools.nsc.typechecker.Implicits.inferImplicit$(Implicits.scala:82)[0m
[0m[[0m[31merror[0m] [0m[0mscala.tools.nsc.Global$$anon$1.inferImplicit(Global.scala:448)[0m
[0m[[0m[31merror[0m] [0m[0mscala.tools.nsc.typechecker.Implicits.inferImplicitFor(Implicits.scala:40)[0m
[0m[[0m[31merror[0m] [0m[0mscala.tools.nsc.typechecker.Implicits.inferImplicitFor$(Implicits.scala:39)[0m
[0m[[0m[31merror[0m] [0m[0mscala.tools.nsc.Global$$anon$1.inferImplicitFor(Global.scala:448)[0m
[0m[[0m[31merror[0m] [0m[0mscala.tools.nsc.typechecker.Typers$Typer.$anonfun$applyImplicitArgs$2(Typers.scala:172)[0m
[0m[[0m[31merror[0m] [0m[0mscala.tools.nsc.typechecker.Typers$Typer.applyImplicitArgs(Typers.scala:165)[0m
[0m[[0m[31merror[0m] [0m[0mscala.tools.nsc.typechecker.Implicits$ImplicitSearch.typedImplicit1(Implicits.scala:691)[0m
[0m[[0m[31merror[0m] [0m[0mscala.tools.nsc.typechecker.Implicits$ImplicitSearch.typedImplicit0(Implicits.scala:643)[0m
[0m[[0m[31merror[0m] [0m[0mscala.tools.nsc.typechecker.Implicits$ImplicitSearch.scala$tools$nsc$typechecker$Implicits$ImplicitSearch$$typedImplicit(Implicits.scala:511)[0m
[0m[[0m[31merror[0m] [0m[0mscala.tools.nsc.typechecker.Implicits$ImplicitSearch$ImplicitComputation.rankImplicits(Implicits.scala:964)[0m
[0m[[0m[31merror[0m] [0m[0mscala.tools.nsc.typechecker.Implicits$ImplicitSearch$ImplicitComputation.findBest(Implicits.scala:992)[0m
[0m[[0m[31merror[0m] [0m[0mscala.tools.nsc.typechecker.Implicits$ImplicitSearch.searchImplicit(Implicits.scala:1049)[0m
[0m[[0m[31merror[0m] [0m[0mscala.tools.nsc.typechecker.Implicits$ImplicitSearch.bestImplicit(Implicits.scala:1445)[0m
[0m[[0m[31merror[0m] [0m[0mscala.tools.nsc.typechecker.Implicits.inferImplicit(Implicits.scala:95)[0m
[0m[[0m[31merror[0m] [0m[0mscala.tools.nsc.typechecker.Implicits.inferImplicit$(Implicits.scala:82)[0m
[0m[[0m[31merror[0m] [0m[0mscala.tools.nsc.Global$$anon$1.inferImplicit(Global.scala:448)[0m
[0m[[0m[31merror[0m] [0m[0mscala.tools.nsc.typechecker.Implicits.inferImplicitView(Implicits.scala:44)[0m
[0m[[0m[31merror[0m] [0m[0mscala.tools.nsc.typechecker.Implicits.inferImplicitView$(Implicits.scala:43)[0m
[0m[[0m[31merror[0m] [0m[0mscala.tools.nsc.Global$$anon$1.inferImplicitView(Global.scala:448)[0m
[0m[[0m[31merror[0m] [0m[0mscala.tools.nsc.typechecker.Typers$Typer.inferView(Typers.scala:232)[0m
[0m[[0m[31merror[0m] [0m[0mscala.tools.nsc.typechecker.Typers$Typer.viewExists(Typers.scala:208)[0m
[0m[[0m[31merror[0m] [0m[0mscala.tools.nsc.typechecker.Typers$Typer$$anon$2.$anonfun$isCoercible$1(Typers.scala:123)[0m
[0m[[0m[31merror[0m] [0m[0mscala.runtime.java8.JFunction0$mcZ$sp.apply(JFunction0$mcZ$sp.java:12)[0m
[0m[[0m[31merror[0m] [0m[0mscala.reflect.internal.tpe.TypeConstraints$UndoLog.undo(TypeConstraints.scala:56)[0m
[0m[[0m[31merror[0m] [0m[0mscala.tools.nsc.typechecker.Typers$Typer$$anon$2.isCoercible(Typers.scala:123)[0m
[0m[[0m[31merror[0m] [0m[0mscala.tools.nsc.typechecker.Infer$Inferencer.isCompatible(Infer.scala:308)[0m
[0m[[0m[31merror[0m] [0m[0mscala.tools.nsc.typechecker.Infer$Inferencer.isWeaklyCompatible(Infer.scala:321)[0m
[0m[[0m[31merror[0m] [0m[0mscala.tools.nsc.typechecker.Infer$Inferencer.typesCompatible$1(Infer.scala:739)[0m
[0m[[0m[31merror[0m] [0m[0mscala.tools.nsc.typechecker.Infer$Inferencer.isApplicableToMethod(Infer.scala:751)[0m
[0m[[0m[31merror[0m] [0m[0mscala.tools.nsc.typechecker.Infer$Inferencer.scala$tools$nsc$typechecker$Infer$Inferencer$$isApplicable(Infer.scala:770)[0m
[0m[[0m[31merror[0m] [0m[0mscala.tools.nsc.typechecker.Infer$Inferencer.applicableExpectingPt$1(Infer.scala:787)[0m
[0m[[0m[31merror[0m] [0m[0mscala.tools.nsc.typechecker.Infer$Inferencer.isApplicableSafe(Infer.scala:793)[0m
[0m[[0m[31merror[0m] [0m[0mscala.tools.nsc.typechecker.Typers$Typer.$anonfun$doTypedApply$3(Typers.scala:3370)[0m
[0m[[0m[31merror[0m] [0m[0mscala.tools.nsc.typechecker.Typers$Typer.$anonfun$doTypedApply$3$adapted(Typers.scala:3359)[0m
[0m[[0m[31merror[0m] [0m[0mscala.reflect.internal.Symbols$Symbol.filter(Symbols.scala:1956)[0m
[0m[[0m[31merror[0m] [0m[0mscala.tools.nsc.typechecker.Typers$Typer.preSelectOverloaded$1(Typers.scala:3359)[0m
[0m[[0m[31merror[0m] [0m[0mscala.tools.nsc.typechecker.Typers$Typer.doTypedApply(Typers.scala:3386)[0m
[0m[[0m[31merror[0m] [0m[0mscala.tools.nsc.typechecker.Typers$Typer.$anonfun$typed1$25(Typers.scala:4687)[0m
[0m[[0m[31merror[0m] [0m[0mscala.tools.nsc.typechecker.Typers$Typer.$anonfun$silent$2(Typers.scala:714)[0m
[0m[[0m[31merror[0m] [0m[0mscala.tools.nsc.typechecker.Typers$Typer.silent(Typers.scala:714)[0m
[0m[[0m[31merror[0m] [0m[0mscala.tools.nsc.typechecker.Typers$Typer.tryTypedApply$1(Typers.scala:4687)[0m
[0m[[0m[31merror[0m] [0m[0mscala.tools.nsc.typechecker.Typers$Typer.normalTypedApply$1(Typers.scala:4771)[0m
[0m[[0m[31merror[0m] [0m[0mscala.tools.nsc.typechecker.Typers$Typer.typedApply$1(Typers.scala:4801)[0m
[0m[[0m[31merror[0m] [0m[0mscala.tools.nsc.typechecker.Typers$Typer.typedInAnyMode$1(Typers.scala:5586)[0m
[0m[[0m[31merror[0m] [0m[0mscala.tools.nsc.typechecker.Typers$Typer.typed1(Typers.scala:5603)[0m
[0m[[0m[31merror[0m] [0m[0mscala.tools.nsc.typechecker.Typers$Typer.runTyper$1(Typers.scala:5640)[0m
[0m[[0m[31merror[0m] [0m[0mscala.tools.nsc.typechecker.Typers$Typer.typedInternal(Typers.scala:5672)[0m
[0m[[0m[31merror[0m] [0m[0mscala.tools.nsc.typechecker.Typers$Typer.body$2(Typers.scala:5613)[0m
[0m[[0m[31merror[0m] [0m[0mscala.tools.nsc.typechecker.Typers$Typer.typed(Typers.scala:5618)[0m
[0m[[0m[31merror[0m] [0m[0mscala.tools.nsc.typechecker.Typers$Typer.$anonfun$typedArg$1(Typers.scala:3290)[0m
[0m[[0m[31merror[0m] [0m[0mscala.tools.nsc.typechecker.Typers$Typer.typedArg(Typers.scala:477)[0m
[0m[[0m[31merror[0m] [0m[0mscala.tools.nsc.typechecker.PatternTypers$PatternTyper.typedArgWithFormal$1(PatternTypers.scala:106)[0m
[0m[[0m[31merror[0m] [0m[0mscala.tools.nsc.typechecker.PatternTypers$PatternTyper.$anonfun$typedArgsForFormals$4(PatternTypers.scala:122)[0m
[0m[[0m[31merror[0m] [0m[0mscala.tools.nsc.typechecker.PatternTypers$PatternTyper.typedArgsForFormals(PatternTypers.scala:122)[0m
[0m[[0m[31merror[0m] [0m[0mscala.tools.nsc.typechecker.PatternTypers$PatternTyper.typedArgsForFormals$(PatternTypers.scala:103)[0m
[0m[[0m[31merror[0m] [0m[0mscala.tools.nsc.typechecker.Typers$Typer.typedArgsForFormals(Typers.scala:111)[0m
[0m[[0m[31merror[0m] [0m[0mscala.tools.nsc.typechecker.Typers$Typer.handleMonomorphicCall$1(Typers.scala:3635)[0m
[0m[[0m[31merror[0m] [0m[0mscala.tools.nsc.typechecker.Typers$Typer.$anonfun$doTypedApply$31(Typers.scala:3661)[0m
[0m[[0m[31merror[0m] [0m[0mscala.tools.nsc.typechecker.Typers$Typer.doTypedApply(Typers.scala:3661)[0m
[0m[[0m[31merror[0m] [0m[0mscala.tools.nsc.typechecker.Typers$Typer.$anonfun$typed1$25(Typers.scala:4687)[0m
[0m[[0m[31merror[0m] [0m[0mscala.tools.nsc.typechecker.Typers$Typer.$anonfun$silent$2(Typers.scala:714)[0m
[0m[[0m[31merror[0m] [0m[0mscala.tools.nsc.typechecker.Typers$Typer.silent(Typers.scala:714)[0m
[0m[[0m[31merror[0m] [0m[0mscala.tools.nsc.typechecker.Typers$Typer.tryTypedApply$1(Typers.scala:4687)[0m
[0m[[0m[31merror[0m] [0m[0mscala.tools.nsc.typechecker.Typers$Typer.normalTypedApply$1(Typers.scala:4771)[0m
[0m[[0m[31merror[0m] [0m[0mscala.tools.nsc.typechecker.Typers$Typer.typedApply$1(Typers.scala:4801)[0m
[0m[[0m[31merror[0m] [0m[0mscala.tools.nsc.typechecker.Typers$Typer.typedInAnyMode$1(Typers.scala:5586)[0m
[0m[[0m[31merror[0m] [0m[0mscala.tools.nsc.typechecker.Typers$Typer.typed1(Typers.scala:5603)[0m
[0m[[0m[31merror[0m] [0m[0mscala.tools.nsc.typechecker.Typers$Typer.runTyper$1(Typers.scala:5640)[0m
[0m[[0m[31merror[0m] [0m[0mscala.tools.nsc.typechecker.Typers$Typer.typedInternal(Typers.scala:5672)[0m
[0m[[0m[31merror[0m] [0m[0mscala.tools.nsc.typechecker.Typers$Typer.body$2(Typers.scala:5613)[0m
[0m[[0m[31merror[0m] [0m[0mscala.tools.nsc.typechecker.Typers$Typer.typed(Typers.scala:5618)[0m
[0m[[0m[31merror[0m] [0m[0mscala.tools.nsc.typechecker.Typers$Typer.$anonfun$typedArg$1(Typers.scala:3290)[0m
[0m[[0m[31merror[0m] [0m[0mscala.tools.nsc.typechecker.Typers$Typer.typedArg(Typers.scala:477)[0m
[0m[[0m[31merror[0m] [0m[0mscala.tools.nsc.typechecker.PatternTypers$PatternTyper.typedArgWithFormal$1(PatternTypers.scala:106)[0m
[0m[[0m[31merror[0m] [0m[0mscala.tools.nsc.typechecker.PatternTypers$PatternTyper.$anonfun$typedArgsForFormals$4(PatternTypers.scala:122)[0m
[0m[[0m[31merror[0m] [0m[0mscala.tools.nsc.typechecker.PatternTypers$PatternTyper.typedArgsForFormals(PatternTypers.scala:122)[0m
[0m[[0m[31merror[0m] [0m[0mscala.tools.nsc.typechecker.PatternTypers$PatternTyper.typedArgsForFormals$(PatternTypers.scala:103)[0m
[0m[[0m[31merror[0m] [0m[0mscala.tools.nsc.typechecker.Typers$Typer.typedArgsForFormals(Typers.scala:111)[0m
[0m[[0m[31merror[0m] [0m[0mscala.tools.nsc.typechecker.Typers$Typer.handleMonomorphicCall$1(Typers.scala:3635)[0m
[0m[[0m[31merror[0m] [0m[0mscala.tools.nsc.typechecker.Typers$Typer.$anonfun$doTypedApply$31(Typers.scala:3661)[0m
[0m[[0m[31merror[0m] [0m[0mscala.tools.nsc.typechecker.Typers$Typer.doTypedApply(Typers.scala:3661)[0m
[0m[[0m[31merror[0m] [0m[0mscala.tools.nsc.typechecker.Typers$Typer.$anonfun$typed1$25(Typers.scala:4687)[0m
[0m[[0m[31merror[0m] [0m[0mscala.tools.nsc.typechecker.Typers$Typer.$anonfun$silent$2(Typers.scala:714)[0m
[0m[[0m[31merror[0m] [0m[0mscala.tools.nsc.typechecker.Typers$Typer.silent(Typers.scala:714)[0m
[0m[[0m[31merror[0m] [0m[0mscala.tools.nsc.typechecker.Typers$Typer.tryTypedApply$1(Typers.scala:4687)[0m
[0m[[0m[31merror[0m] [0m[0mscala.tools.nsc.typechecker.Typers$Typer.normalTypedApply$1(Typers.scala:4771)[0m
[0m[[0m[31merror[0m] [0m[0mscala.tools.nsc.typechecker.Typers$Typer.typedApply$1(Typers.scala:4801)[0m
[0m[[0m[31merror[0m] [0m[0mscala.tools.nsc.typechecker.Typers$Typer.typedInAnyMode$1(Typers.scala:5586)[0m
[0m[[0m[31merror[0m] [0m[0mscala.tools.nsc.typechecker.Typers$Typer.typed1(Typers.scala:5603)[0m
[0m[[0m[31merror[0m] [0m[0mscala.tools.nsc.typechecker.Typers$Typer.runTyper$1(Typers.scala:5640)[0m
[0m[[0m[31merror[0m] [0m[0mscala.tools.nsc.typechecker.Typers$Typer.typedInternal(Typers.scala:5672)[0m
[0m[[0m[31merror[0m] [0m[0mscala.tools.nsc.typechecker.Typers$Typer.body$2(Typers.scala:5613)[0m
[0m[[0m[31merror[0m] [0m[0mscala.tools.nsc.typechecker.Typers$Typer.typed(Typers.scala:5618)[0m
[0m[[0m[31merror[0m] [0m[0mscala.tools.nsc.typechecker.Typers$Typer.$anonfun$typedArg$1(Typers.scala:3290)[0m
[0m[[0m[31merror[0m] [0m[0mscala.tools.nsc.typechecker.Typers$Typer.typedArg(Typers.scala:477)[0m
[0m[[0m[31merror[0m] [0m[0mscala.tools.nsc.typechecker.PatternTypers$PatternTyper.typedArgWithFormal$1(PatternTypers.scala:106)[0m
[0m[[0m[31merror[0m] [0m[0mscala.tools.nsc.typechecker.PatternTypers$PatternTyper.$anonfun$typedArgsForFormals$4(PatternTypers.scala:122)[0m
[0m[[0m[31merror[0m] [0m[0mscala.tools.nsc.typechecker.PatternTypers$PatternTyper.typedArgsForFormals(PatternTypers.scala:122)[0m
[0m[[0m[31merror[0m] [0m[0mscala.tools.nsc.typechecker.PatternTypers$PatternTyper.typedArgsForFormals$(PatternTypers.scala:103)[0m
[0m[[0m[31merror[0m] [0m[0mscala.tools.nsc.typechecker.Typers$Typer.typedArgsForFormals(Typers.scala:111)[0m
[0m[[0m[31merror[0m] [0m[0mscala.tools.nsc.typechecker.Typers$Typer.handleMonomorphicCall$1(Typers.scala:3635)[0m
[0m[[0m[31merror[0m] [0m[0mscala.tools.nsc.typechecker.Typers$Typer.$anonfun$doTypedApply$31(Typers.scala:3661)[0m
[0m[[0m[31merror[0m] [0m[0mscala.tools.nsc.typechecker.Typers$Typer.doTypedApply(Typers.scala:3661)[0m
[0m[[0m[31merror[0m] [0m[0mscala.tools.nsc.typechecker.Typers$Typer.$anonfun$typed1$25(Typers.scala:4687)[0m
[0m[[0m[31merror[0m] [0m[0mscala.tools.nsc.typechecker.Typers$Typer.$anonfun$silent$2(Typers.scala:714)[0m
[0m[[0m[31merror[0m] [0m[0mscala.tools.nsc.typechecker.Typers$Typer.silent(Typers.scala:714)[0m
[0m[[0m[31merror[0m] [0m[0mscala.tools.nsc.typechecker.Typers$Typer.tryTypedApply$1(Typers.scala:4687)[0m
[0m[[0m[31merror[0m] [0m[0mscala.tools.nsc.typechecker.Typers$Typer.normalTypedApply$1(Typers.scala:4771)[0m
[0m[[0m[31merror[0m] [0m[0mscala.tools.nsc.typechecker.Typers$Typer.typedApply$1(Typers.scala:4801)[0m
[0m[[0m[31merror[0m] [0m[0mscala.tools.nsc.typechecker.Typers$Typer.typedInAnyMode$1(Typers.scala:5586)[0m
[0m[[0m[31merror[0m] [0m[0mscala.tools.nsc.typechecker.Typers$Typer.typed1(Typers.scala:5603)[0m
[0m[[0m[31merror[0m] [0m[0mscala.tools.nsc.typechecker.Typers$Typer.runTyper$1(Typers.scala:5640)[0m
[0m[[0m[31merror[0m] [0m[0mscala.tools.nsc.typechecker.Typers$Typer.typedInternal(Typers.scala:5672)[0m
[0m[[0m[31merror[0m] [0m[0mscala.tools.nsc.typechecker.Typers$Typer.body$2(Typers.scala:5613)[0m
[0m[[0m[31merror[0m] [0m[0mscala.tools.nsc.typechecker.Typers$Typer.typed(Typers.scala:5618)[0m
[0m[[0m[31merror[0m] [0m[0mscala.tools.nsc.typechecker.Typers$Typer.$anonfun$typedArg$1(Typers.scala:3290)[0m
[0m[[0m[31merror[0m] [0m[0mscala.tools.nsc.typechecker.Typers$Typer.typedArg(Typers.scala:477)[0m
[0m[[0m[31merror[0m] [0m[0mscala.tools.nsc.typechecker.PatternTypers$PatternTyper.typedArgWithFormal$1(PatternTypers.scala:108)[0m
[0m[[0m[31merror[0m] [0m[0mscala.tools.nsc.typechecker.PatternTypers$PatternTyper.$anonfun$typedArgsForFormals$3(PatternTypers.scala:118)[0m
[0m[[0m[31merror[0m] [0m[0mscala.tools.nsc.typechecker.PatternTypers$PatternTyper.$anonfun$typedArgsForFormals$2(PatternTypers.scala:118)[0m
[0m[[0m[31merror[0m] [0m[0mscala.tools.nsc.typechecker.PatternTypers$PatternTyper.typedArgsForFormals(PatternTypers.scala:118)[0m
[0m[[0m[31merror[0m] [0m[0mscala.tools.nsc.typechecker.PatternTypers$PatternTyper.typedArgsForFormals$(PatternTypers.scala:103)[0m
[0m[[0m[31merror[0m] [0m[0mscala.tools.nsc.typechecker.Typers$Typer.typedArgsForFormals(Typers.scala:111)[0m
[0m[[0m[31merror[0m] [0m[0mscala.tools.nsc.typechecker.Typers$Typer.handleMonomorphicCall$1(Typers.scala:3635)[0m
[0m[[0m[31merror[0m] [0m[0mscala.tools.nsc.typechecker.Typers$Typer.$anonfun$doTypedApply$31(Typers.scala:3661)[0m
[0m[[0m[31merror[0m] [0m[0mscala.tools.nsc.typechecker.Typers$Typer.doTypedApply(Typers.scala:3661)[0m
[0m[[0m[31merror[0m] [0m[0mscala.tools.nsc.typechecker.Typers$Typer.$anonfun$typed1$25(Typers.scala:4687)[0m
[0m[[0m[31merror[0m] [0m[0mscala.tools.nsc.typechecker.Typers$Typer.silent(Typers.scala:700)[0m
[0m[[0m[31merror[0m] [0m[0mscala.tools.nsc.typechecker.Typers$Typer.tryTypedApply$1(Typers.scala:4687)[0m
[0m[[0m[31merror[0m] [0m[0mscala.tools.nsc.typechecker.Typers$Typer.normalTypedApply$1(Typers.scala:4771)[0m
[0m[[0m[31merror[0m] [0m[0mscala.tools.nsc.typechecker.Typers$Typer.typedApply$1(Typers.scala:4801)[0m
[0m[[0m[31merror[0m] [0m[0mscala.tools.nsc.typechecker.Typers$Typer.typedInAnyMode$1(Typers.scala:5586)[0m
[0m[[0m[31merror[0m] [0m[0mscala.tools.nsc.typechecker.Typers$Typer.typed1(Typers.scala:5603)[0m
[0m[[0m[31merror[0m] [0m[0mscala.tools.nsc.typechecker.Typers$Typer.runTyper$1(Typers.scala:5640)[0m
[0m[[0m[31merror[0m] [0m[0mscala.tools.nsc.typechecker.Typers$Typer.typedInternal(Typers.scala:5672)[0m
[0m[[0m[31merror[0m] [0m[0mscala.tools.nsc.typechecker.Typers$Typer.body$2(Typers.scala:5613)[0m
[0m[[0m[31merror[0m] [0m[0mscala.tools.nsc.typechecker.Typers$Typer.typed(Typers.scala:5618)[0m
[0m[[0m[31merror[0m] [0m[0mscala.tools.nsc.typechecker.Typers$Typer.typed(Typers.scala:5714)[0m
[0m[[0m[31merror[0m] [0m[0mscala.tools.nsc.typechecker.Typers$Typer.computeType(Typers.scala:5802)[0m
[0m[[0m[31merror[0m] [0m[0mscala.tools.nsc.typechecker.Namers$Namer.assignTypeToTree(Namers.scala:1079)[0m
[0m[[0m[31merror[0m] [0m[0mscala.tools.nsc.typechecker.Namers$Namer.methodSig(Namers.scala:1414)[0m
[0m[[0m[31merror[0m] [0m[0mscala.tools.nsc.typechecker.Namers$Namer.memberSig(Namers.scala:1797)[0m
[0m[[0m[31merror[0m] [0m[0mscala.tools.nsc.typechecker.Namers$Namer.typeSig(Namers.scala:1763)[0m
[0m[[0m[31merror[0m] [0m[0mscala.tools.nsc.typechecker.Namers$Namer$MonoTypeCompleter.completeImpl(Namers.scala:842)[0m
[0m[[0m[31merror[0m] [0m[0mscala.tools.nsc.typechecker.Namers$LockingTypeCompleter.complete(Namers.scala:1960)[0m
[0m[[0m[31merror[0m] [0m[0mscala.tools.nsc.typechecker.Namers$LockingTypeCompleter.complete$(Namers.scala:1958)[0m
[0m[[0m[31merror[0m] [0m[0mscala.tools.nsc.typechecker.Namers$TypeCompleterBase.complete(Namers.scala:1953)[0m
[0m[[0m[31merror[0m] [0m[0mscala.reflect.internal.Symbols$Symbol.info(Symbols.scala:1535)[0m
[0m[[0m[31merror[0m] [0m[0mscala.reflect.internal.Symbols$Symbol.tpeHK(Symbols.scala:1470)[0m
[0m[[0m[31merror[0m] [0m[0mscala.reflect.internal.Types$Type.computeMemberType(Types.scala:724)[0m
[0m[[0m[31merror[0m] [0m[0mscala.reflect.internal.Symbols$MethodSymbol.typeAsMemberOf(Symbols.scala:2986)[0m
[0m[[0m[31merror[0m] [0m[0mscala.reflect.internal.Types$Type.memberType(Types.scala:719)[0m
[0m[[0m[31merror[0m] [0m[0mscala.reflect.internal.tpe.FindMembers$FindMember.member0Tpe(FindMembers.scala:269)[0m
[0m[[0m[31merror[0m] [0m[0mscala.reflect.internal.tpe.FindMembers$FindMember.memberTypeLow(FindMembers.scala:274)[0m
[0m[[0m[31merror[0m] [0m[0mscala.reflect.internal.tpe.FindMembers$FindMemberBase.isNewMember(FindMembers.scala:158)[0m
[0m[[0m[31merror[0m] [0m[0mscala.reflect.internal.tpe.FindMembers$FindMember.addMemberIfNew(FindMembers.scala:242)[0m
[0m[[0m[31merror[0m] [0m[0mscala.reflect.internal.tpe.FindMembers$FindMemberBase.walkBaseClasses(FindMembers.scala:98)[0m
[0m[[0m[31merror[0m] [0m[0mscala.reflect.internal.tpe.FindMembers$FindMemberBase.searchConcreteThenDeferred(FindMembers.scala:58)[0m
[0m[[0m[31merror[0m] [0m[0mscala.reflect.internal.tpe.FindMembers$FindMemberBase.apply(FindMembers.scala:48)[0m
[0m[[0m[31merror[0m] [0m[0mscala.reflect.internal.Types$Type.findMemberInternal$1(Types.scala:1033)[0m
[0m[[0m[31merror[0m] [0m[0mscala.reflect.internal.Types$Type.findMember(Types.scala:1035)[0m
[0m[[0m[31merror[0m] [0m[0mscala.reflect.internal.Types$Type.memberBasedOnName(Types.scala:661)[0m
[0m[[0m[31merror[0m] [0m[0mscala.reflect.internal.Types$Type.nonLocalMember(Types.scala:652)[0m
[0m[[0m[31merror[0m] [0m[0mscala.tools.nsc.typechecker.Typers$Typer.member(Typers.scala:669)[0m
[0m[[0m[31merror[0m] [0m[0mscala.tools.nsc.typechecker.Typers$Typer.$anonfun$typed1$51(Typers.scala:4941)[0m
[0m[[0m[31merror[0m] [0m[0mscala.tools.nsc.typechecker.Typers$Typer.typedSelect$1(Typers.scala:4941)[0m
[0m[[0m[31merror[0m] [0m[0mscala.tools.nsc.typechecker.Typers$Typer.typedSelectOrSuperCall$1(Typers.scala:5064)[0m
[0m[[0m[31merror[0m] [0m[0mscala.tools.nsc.typechecker.Typers$Typer.typedInAnyMode$1(Typers.scala:5587)[0m
[0m[[0m[31merror[0m] [0m[0mscala.tools.nsc.typechecker.Typers$Typer.typed1(Typers.scala:5603)[0m
[0m[[0m[31merror[0m] [0m[0mscala.tools.nsc.typechecker.Typers$Typer.runTyper$1(Typers.scala:5640)[0m
[0m[[0m[31merror[0m] [0m[0mscala.tools.nsc.typechecker.Typers$Typer.typedInternal(Typers.scala:5672)[0m
[0m[[0m[31merror[0m] [0m[0mscala.tools.nsc.typechecker.Typers$Typer.body$2(Typers.scala:5613)[0m
[0m[[0m[31merror[0m] [0m[0mscala.tools.nsc.typechecker.Typers$Typer.typed(Typers.scala:5618)[0m
[0m[[0m[31merror[0m] [0m[0mscala.tools.nsc.typechecker.Typers$Typer.$anonfun$typedArg$1(Typers.scala:3290)[0m
[0m[[0m[31merror[0m] [0m[0mscala.tools.nsc.typechecker.Typers$Typer.typedArg(Typers.scala:477)[0m
[0m[[0m[31merror[0m] [0m[0mscala.tools.nsc.typechecker.PatternTypers$PatternTyper.typedArgWithFormal$1(PatternTypers.scala:108)[0m
[0m[[0m[31merror[0m] [0m[0mscala.tools.nsc.typechecker.PatternTypers$PatternTyper.$anonfun$typedArgsForFormals$4(PatternTypers.scala:122)[0m
[0m[[0m[31merror[0m] [0m[0mscala.tools.nsc.typechecker.PatternTypers$PatternTyper.typedArgsForFormals(PatternTypers.scala:122)[0m
[0m[[0m[31merror[0m] [0m[0mscala.tools.nsc.typechecker.PatternTypers$PatternTyper.typedArgsForFormals$(PatternTypers.scala:103)[0m
[0m[[0m[31merror[0m] [0m[0mscala.tools.nsc.typechecker.Typers$Typer.typedArgsForFormals(Typers.scala:111)[0m
[0m[[0m[31merror[0m] [0m[0mscala.tools.nsc.typechecker.Typers$Typer.handleMonomorphicCall$1(Typers.scala:3635)[0m
[0m[[0m[31merror[0m] [0m[0mscala.tools.nsc.typechecker.Typers$Typer.$anonfun$doTypedApply$31(Typers.scala:3661)[0m
[0m[[0m[31merror[0m] [0m[0mscala.tools.nsc.typechecker.Typers$Typer.doTypedApply(Typers.scala:3661)[0m
[0m[[0m[31merror[0m] [0m[0mscala.tools.nsc.typechecker.Typers$Typer.$anonfun$typed1$25(Typers.scala:4687)[0m
[0m[[0m[31merror[0m] [0m[0mscala.tools.nsc.typechecker.Typers$Typer.silent(Typers.scala:700)[0m
[0m[[0m[31merror[0m] [0m[0mscala.tools.nsc.typechecker.Typers$Typer.tryTypedApply$1(Typers.scala:4687)[0m
[0m[[0m[31merror[0m] [0m[0mscala.tools.nsc.typechecker.Typers$Typer.normalTypedApply$1(Typers.scala:4771)[0m
[0m[[0m[31merror[0m] [0m[0mscala.tools.nsc.typechecker.Typers$Typer.typedApply$1(Typers.scala:4801)[0m
[0m[[0m[31merror[0m] [0m[0mscala.tools.nsc.typechecker.Typers$Typer.typedInAnyMode$1(Typers.scala:5586)[0m
[0m[[0m[31merror[0m] [0m[0mscala.tools.nsc.typechecker.Typers$Typer.typed1(Typers.scala:5603)[0m
[0m[[0m[31merror[0m] [0m[0mscala.tools.nsc.typechecker.Typers$Typer.runTyper$1(Typers.scala:5640)[0m
[0m[[0m[31merror[0m] [0m[0mscala.tools.nsc.typechecker.Typers$Typer.typedInternal(Typers.scala:5672)[0m
[0m[[0m[31merror[0m] [0m[0mscala.tools.nsc.typechecker.Typers$Typer.body$2(Typers.scala:5613)[0m
[0m[[0m[31merror[0m] [0m[0mscala.tools.nsc.typechecker.Typers$Typer.typed(Typers.scala:5618)[0m
[0m[[0m[31merror[0m] [0m[0mscala.tools.nsc.typechecker.Typers$Typer.typedByValueExpr(Typers.scala:5703)[0m
[0m[[0m[31merror[0m] [0m[0mscala.tools.nsc.typechecker.Typers$Typer.typedStat$1(Typers.scala:3129)[0m
[0m[[0m[31merror[0m] [0m[0mscala.tools.nsc.typechecker.Typers$Typer.$anonfun$typedStats$10(Typers.scala:3274)[0m
[0m[[0m[31merror[0m] [0m[0mscala.tools.nsc.typechecker.Typers$Typer.typedStats(Typers.scala:3274)[0m
[0m[[0m[31merror[0m] [0m[0mscala.tools.nsc.typechecker.Typers$Typer.typedBlock(Typers.scala:2475)[0m
[0m[[0m[31merror[0m] [0m[0mscala.tools.nsc.typechecker.Typers$Typer.$anonfun$typed1$97(Typers.scala:5561)[0m
[0m[[0m[31merror[0m] [0m[0mscala.tools.nsc.typechecker.Typers$Typer.typedOutsidePatternMode$1(Typers.scala:486)[0m
[0m[[0m[31merror[0m] [0m[0mscala.tools.nsc.typechecker.Typers$Typer.typedInAnyMode$1(Typers.scala:5596)[0m
[0m[[0m[31merror[0m] [0m[0mscala.tools.nsc.typechecker.Typers$Typer.typed1(Typers.scala:5603)[0m
[0m[[0m[31merror[0m] [0m[0mscala.tools.nsc.typechecker.Typers$Typer.runTyper$1(Typers.scala:5640)[0m
[0m[[0m[31merror[0m] [0m[0mscala.tools.nsc.typechecker.Typers$Typer.typedInternal(Typers.scala:5672)[0m
[0m[[0m[31merror[0m] [0m[0mscala.tools.nsc.typechecker.Typers$Typer.body$2(Typers.scala:5613)[0m
[0m[[0m[31merror[0m] [0m[0mscala.tools.nsc.typechecker.Typers$Typer.typed(Typers.scala:5618)[0m
[0m[[0m[31merror[0m] [0m[0mscala.tools.nsc.typechecker.Typers$Typer.typed(Typers.scala:5714)[0m
[0m[[0m[31merror[0m] [0m[0mscala.tools.nsc.typechecker.Typers$Typer.typedFunction(Typers.scala:3076)[0m
[0m[[0m[31merror[0m] [0m[0mscala.tools.nsc.typechecker.Typers$Typer.$anonfun$typed1$96(Typers.scala:5527)[0m
[0m[[0m[31merror[0m] [0m[0mscala.tools.nsc.typechecker.Typers$Typer.typedFunction$1(Typers.scala:486)[0m
[0m[[0m[31merror[0m] [0m[0mscala.tools.nsc.typechecker.Typers$Typer.typedOutsidePatternMode$1(Typers.scala:5564)[0m
[0m[[0m[31merror[0m] [0m[0mscala.tools.nsc.typechecker.Typers$Typer.typedInAnyMode$1(Typers.scala:5596)[0m
[0m[[0m[31merror[0m] [0m[0mscala.tools.nsc.typechecker.Typers$Typer.typed1(Typers.scala:5603)[0m
[0m[[0m[31merror[0m] [0m[0mscala.tools.nsc.typechecker.Typers$Typer.runTyper$1(Typers.scala:5640)[0m
[0m[[0m[31merror[0m] [0m[0mscala.tools.nsc.typechecker.Typers$Typer.typedInternal(Typers.scala:5672)[0m
[0m[[0m[31merror[0m] [0m[0mscala.tools.nsc.typechecker.Typers$Typer.body$2(Typers.scala:5613)[0m
[0m[[0m[31merror[0m] [0m[0mscala.tools.nsc.typechecker.Typers$Typer.typed(Typers.scala:5618)[0m
[0m[[0m[31merror[0m] [0m[0mscala.tools.nsc.typechecker.Typers$Typer.$anonfun$typedArg$1(Typers.scala:3290)[0m
[0m[[0m[31merror[0m] [0m[0mscala.tools.nsc.typechecker.Typers$Typer.typedArg(Typers.scala:477)[0m
[0m[[0m[31merror[0m] [0m[0mscala.tools.nsc.typechecker.PatternTypers$PatternTyper.typedArgWithFormal$1(PatternTypers.scala:108)[0m
[0m[[0m[31merror[0m] [0m[0mscala.tools.nsc.typechecker.PatternTypers$PatternTyper.$anonfun$typedArgsForFormals$4(PatternTypers.scala:122)[0m
[0m[[0m[31merror[0m] [0m[0mscala.tools.nsc.typechecker.PatternTypers$PatternTyper.typedArgsForFormals(PatternTypers.scala:122)[0m
[0m[[0m[31merror[0m] [0m[0mscala.tools.nsc.typechecker.PatternTypers$PatternTyper.typedArgsForFormals$(PatternTypers.scala:103)[0m
[0m[[0m[31merror[0m] [0m[0mscala.tools.nsc.typechecker.Typers$Typer.typedArgsForFormals(Typers.scala:111)[0m
[0m[[0m[31merror[0m] [0m[0mscala.tools.nsc.typechecker.Typers$Typer.handleMonomorphicCall$1(Typers.scala:3635)[0m
[0m[[0m[31merror[0m] [0m[0mscala.tools.nsc.typechecker.Typers$Typer.$anonfun$doTypedApply$31(Typers.scala:3661)[0m
[0m[[0m[31merror[0m] [0m[0mscala.tools.nsc.typechecker.Typers$Typer.doTypedApply(Typers.scala:3661)[0m
[0m[[0m[31merror[0m] [0m[0mscala.tools.nsc.typechecker.Typers$Typer.normalTypedApply$1(Typers.scala:4773)[0m
[0m[[0m[31merror[0m] [0m[0mscala.tools.nsc.typechecker.Typers$Typer.typedApply$1(Typers.scala:4801)[0m
[0m[[0m[31merror[0m] [0m[0mscala.tools.nsc.typechecker.Typers$Typer.typedInAnyMode$1(Typers.scala:5586)[0m
[0m[[0m[31merror[0m] [0m[0mscala.tools.nsc.typechecker.Typers$Typer.typed1(Typers.scala:5603)[0m
[0m[[0m[31merror[0m] [0m[0mscala.tools.nsc.typechecker.Typers$Typer.runTyper$1(Typers.scala:5640)[0m
[0m[[0m[31merror[0m] [0m[0mscala.tools.nsc.typechecker.Typers$Typer.typedInternal(Typers.scala:5672)[0m
[0m[[0m[31merror[0m] [0m[0mscala.tools.nsc.typechecker.Typers$Typer.body$2(Typers.scala:5613)[0m
[0m[[0m[31merror[0m] [0m[0mscala.tools.nsc.typechecker.Typers$Typer.typed(Typers.scala:5618)[0m
[0m[[0m[31merror[0m] [0m[0mscala.tools.nsc.typechecker.Typers$Typer.typed(Typers.scala:5714)[0m
[0m[[0m[31merror[0m] [0m[0mscala.tools.nsc.typechecker.Typers$Typer.computeType(Typers.scala:5802)[0m
[0m[[0m[31merror[0m] [0m[0mscala.tools.nsc.typechecker.Namers$Namer.assignTypeToTree(Namers.scala:1079)[0m
[0m[[0m[31merror[0m] [0m[0mscala.tools.nsc.typechecker.Namers$Namer.valDefSig(Namers.scala:1629)[0m
[0m[[0m[31merror[0m] [0m[0mscala.tools.nsc.typechecker.Namers$Namer.memberSig(Namers.scala:1798)[0m
[0m[[0m[31merror[0m] [0m[0mscala.tools.nsc.typechecker.Namers$Namer.typeSig(Namers.scala:1763)[0m
[0m[[0m[31merror[0m] [0m[0mscala.tools.nsc.typechecker.Namers$Namer$ValTypeCompleter.completeImpl(Namers.scala:910)[0m
[0m[[0m[31merror[0m] [0m[0mscala.tools.nsc.typechecker.Namers$LockingTypeCompleter.complete(Namers.scala:1960)[0m
[0m[[0m[31merror[0m] [0m[0mscala.tools.nsc.typechecker.Namers$LockingTypeCompleter.complete$(Namers.scala:1958)[0m
[0m[[0m[31merror[0m] [0m[0mscala.tools.nsc.typechecker.Namers$TypeCompleterBase.complete(Namers.scala:1953)[0m
[0m[[0m[31merror[0m] [0m[0mscala.reflect.internal.Symbols$Symbol.info(Symbols.scala:1535)[0m
[0m[[0m[31merror[0m] [0m[0mscala.reflect.internal.Symbols$Symbol.initialize(Symbols.scala:1683)[0m
[0m[[0m[31merror[0m] [0m[0mscala.tools.nsc.typechecker.Typers$Typer.typed1(Typers.scala:5255)[0m
[0m[[0m[31merror[0m] [0m[0mscala.tools.nsc.typechecker.Typers$Typer.runTyper$1(Typers.scala:5640)[0m
[0m[[0m[31merror[0m] [0m[0mscala.tools.nsc.typechecker.Typers$Typer.typedInternal(Typers.scala:5672)[0m
[0m[[0m[31merror[0m] [0m[0mscala.tools.nsc.typechecker.Typers$Typer.body$2(Typers.scala:5613)[0m
[0m[[0m[31merror[0m] [0m[0mscala.tools.nsc.typechecker.Typers$Typer.typed(Typers.scala:5618)[0m
[0m[[0m[31merror[0m] [0m[0mscala.tools.nsc.typechecker.Typers$Typer.typedByValueExpr(Typers.scala:5703)[0m
[0m[[0m[31merror[0m] [0m[0mscala.tools.nsc.typechecker.Typers$Typer.typedStat$1(Typers.scala:3129)[0m
[0m[[0m[31merror[0m] [0m[0mscala.tools.nsc.typechecker.Typers$Typer.$anonfun$typedStats$10(Typers.scala:3274)[0m
[0m[[0m[31merror[0m] [0m[0mscala.tools.nsc.typechecker.Typers$Typer.typedStats(Typers.scala:3274)[0m
[0m[[0m[31merror[0m] [0m[0mscala.tools.nsc.typechecker.Typers$Typer.typedTemplate(Typers.scala:2006)[0m
[0m[[0m[31merror[0m] [0m[0mscala.tools.nsc.typechecker.Typers$Typer.typedModuleDef(Typers.scala:1876)[0m
[0m[[0m[31merror[0m] [0m[0mscala.tools.nsc.typechecker.Typers$Typer.typedMemberDef$1(Typers.scala:5553)[0m
[0m[[0m[31merror[0m] [0m[0mscala.tools.nsc.typechecker.Typers$Typer.typed1(Typers.scala:5602)[0m
[0m[[0m[31merror[0m] [0m[0mscala.tools.nsc.typechecker.Typers$Typer.runTyper$1(Typers.scala:5640)[0m
[0m[[0m[31merror[0m] [0m[0mscala.tools.nsc.typechecker.Typers$Typer.typedInternal(Typers.scala:5672)[0m
[0m[[0m[31merror[0m] [0m[0mscala.tools.nsc.typechecker.Typers$Typer.body$2(Typers.scala:5613)[0m
[0m[[0m[31merror[0m] [0m[0mscala.tools.nsc.typechecker.Typers$Typer.typed(Typers.scala:5618)[0m
[0m[[0m[31merror[0m] [0m[0mscala.tools.nsc.typechecker.Typers$Typer.typedByValueExpr(Typers.scala:5703)[0m
[0m[[0m[31merror[0m] [0m[0mscala.tools.nsc.typechecker.Typers$Typer.typedStat$1(Typers.scala:3129)[0m
[0m[[0m[31merror[0m] [0m[0mscala.tools.nsc.typechecker.Typers$Typer.$anonfun$typedStats$10(Typers.scala:3274)[0m
[0m[[0m[31merror[0m] [0m[0mscala.tools.nsc.typechecker.Typers$Typer.typedStats(Typers.scala:3274)[0m
[0m[[0m[31merror[0m] [0m[0mscala.tools.nsc.typechecker.Typers$Typer.typedPackageDef$1(Typers.scala:5262)[0m
[0m[[0m[31merror[0m] [0m[0mscala.tools.nsc.typechecker.Typers$Typer.typedMemberDef$1(Typers.scala:5555)[0m
[0m[[0m[31merror[0m] [0m[0mscala.tools.nsc.typechecker.Typers$Typer.typed1(Typers.scala:5602)[0m
[0m[[0m[31merror[0m] [0m[0mscala.tools.nsc.typechecker.Typers$Typer.runTyper$1(Typers.scala:5640)[0m
[0m[[0m[31merror[0m] [0m[0mscala.tools.nsc.typechecker.Typers$Typer.typedInternal(Typers.scala:5672)[0m
[0m[[0m[31merror[0m] [0m[0mscala.tools.nsc.typechecker.Typers$Typer.body$2(Typers.scala:5613)[0m
[0m[[0m[31merror[0m] [0m[0mscala.tools.nsc.typechecker.Typers$Typer.typed(Typers.scala:5618)[0m
[0m[[0m[31merror[0m] [0m[0mscala.tools.nsc.typechecker.Typers$Typer.typed(Typers.scala:5699)[0m
[0m[[0m[31merror[0m] [0m[0mscala.tools.nsc.typechecker.Analyzer$typerFactory$$anon$3.apply(Analyzer.scala:104)[0m
[0m[[0m[31merror[0m] [0m[0mscala.tools.nsc.Global$GlobalPhase.$anonfun$applyPhase$1(Global.scala:426)[0m
[0m[[0m[31merror[0m] [0m[0mscala.tools.nsc.Global$GlobalPhase.applyPhase(Global.scala:419)[0m
[0m[[0m[31merror[0m] [0m[0mscala.tools.nsc.typechecker.Analyzer$typerFactory$$anon$3.$anonfun$run$1(Analyzer.scala:94)[0m
[0m[[0m[31merror[0m] [0m[0mscala.tools.nsc.typechecker.Analyzer$typerFactory$$anon$3.$anonfun$run$1$adapted(Analyzer.scala:93)[0m
[0m[[0m[31merror[0m] [0m[0mscala.collection.Iterator.foreach(Iterator.scala:944)[0m
[0m[[0m[31merror[0m] [0m[0mscala.collection.Iterator.foreach$(Iterator.scala:944)[0m
[0m[[0m[31merror[0m] [0m[0mscala.collection.AbstractIterator.foreach(Iterator.scala:1432)[0m
[0m[[0m[31merror[0m] [0m[0mscala.tools.nsc.typechecker.Analyzer$typerFactory$$anon$3.run(Analyzer.scala:93)[0m
[0m[[0m[31merror[0m] [0m[0mscala.tools.nsc.Global$Run.compileUnitsInternal(Global.scala:1446)[0m
[0m[[0m[31merror[0m] [0m[0mscala.tools.nsc.Global$Run.compileUnits(Global.scala:1430)[0m
[0m[[0m[31merror[0m] [0m[0mscala.tools.nsc.Global$Run.compileSources(Global.scala:1423)[0m
[0m[[0m[31merror[0m] [0m[0mscala.tools.nsc.Global$Run.compileFiles(Global.scala:1524)[0m
[0m[[0m[31merror[0m] [0m[0mxsbt.CachedCompiler0.run(CompilerBridge.scala:163)[0m
[0m[[0m[31merror[0m] [0m[0mxsbt.CachedCompiler0.run(CompilerBridge.scala:134)[0m
[0m[[0m[31merror[0m] [0m[0mxsbt.CompilerBridge.run(CompilerBridge.scala:39)[0m
[0m[[0m[31merror[0m] [0m[0msbt.internal.inc.AnalyzingCompiler.compile(AnalyzingCompiler.scala:92)[0m
[0m[[0m[31merror[0m] [0m[0msbt.internal.inc.MixedAnalyzingCompiler.$anonfun$compile$7(MixedAnalyzingCompiler.scala:186)[0m
[0m[[0m[31merror[0m] [0m[0mscala.runtime.java8.JFunction0$mcV$sp.apply(JFunction0$mcV$sp.java:23)[0m
[0m[[0m[31merror[0m] [0m[0msbt.internal.inc.MixedAnalyzingCompiler.timed(MixedAnalyzingCompiler.scala:241)[0m
[0m[[0m[31merror[0m] [0m[0msbt.internal.inc.MixedAnalyzingCompiler.$anonfun$compile$4(MixedAnalyzingCompiler.scala:176)[0m
[0m[[0m[31merror[0m] [0m[0msbt.internal.inc.MixedAnalyzingCompiler.$anonfun$compile$4$adapted(MixedAnalyzingCompiler.scala:157)[0m
[0m[[0m[31merror[0m] [0m[0msbt.internal.inc.JarUtils$.withPreviousJar(JarUtils.scala:239)[0m
[0m[[0m[31merror[0m] [0m[0msbt.internal.inc.MixedAnalyzingCompiler.compileScala$1(MixedAnalyzingCompiler.scala:157)[0m
[0m[[0m[31merror[0m] [0m[0msbt.internal.inc.MixedAnalyzingCompiler.compile(MixedAnalyzingCompiler.scala:204)[0m
[0m[[0m[31merror[0m] [0m[0msbt.internal.inc.IncrementalCompilerImpl.$anonfun$compileInternal$1(IncrementalCompilerImpl.scala:573)[0m
[0m[[0m[31merror[0m] [0m[0msbt.internal.inc.IncrementalCompilerImpl.$anonfun$compileInternal$1$adapted(IncrementalCompilerImpl.scala:573)[0m
[0m[[0m[31merror[0m] [0m[0msbt.internal.inc.Incremental$.$anonfun$apply$5(Incremental.scala:174)[0m
[0m[[0m[31merror[0m] [0m[0msbt.internal.inc.Incremental$.$anonfun$apply$5$adapted(Incremental.scala:172)[0m
[0m[[0m[31merror[0m] [0m[0msbt.internal.inc.Incremental$$anon$2.run(Incremental.scala:459)[0m
[0m[[0m[31merror[0m] [0m[0msbt.internal.inc.IncrementalCommon$CycleState.next(IncrementalCommon.scala:116)[0m
[0m[[0m[31merror[0m] [0m[0msbt.internal.inc.IncrementalCommon$$anon$1.next(IncrementalCommon.scala:56)[0m
[0m[[0m[31merror[0m] [0m[0msbt.internal.inc.IncrementalCommon$$anon$1.next(IncrementalCommon.scala:52)[0m
[0m[[0m[31merror[0m] [0m[0msbt.internal.inc.IncrementalCommon.cycle(IncrementalCommon.scala:261)[0m
[0m[[0m[31merror[0m] [0m[0msbt.internal.inc.Incremental$.$anonfun$incrementalCompile$8(Incremental.scala:414)[0m
[0m[[0m[31merror[0m] [0m[0msbt.internal.inc.Incremental$.withClassfileManager(Incremental.scala:499)[0m
[0m[[0m[31merror[0m] [0m[0msbt.internal.inc.Incremental$.incrementalCompile(Incremental.scala:401)[0m
[0m[[0m[31merror[0m] [0m[0msbt.internal.inc.Incremental$.apply(Incremental.scala:166)[0m
[0m[[0m[31merror[0m] [0m[0msbt.internal.inc.IncrementalCompilerImpl.compileInternal(IncrementalCompilerImpl.scala:573)[0m
[0m[[0m[31merror[0m] [0m[0msbt.internal.inc.IncrementalCompilerImpl.$anonfun$compileIncrementally$1(IncrementalCompilerImpl.scala:491)[0m
[0m[[0m[31merror[0m] [0m[0msbt.internal.inc.IncrementalCompilerImpl.handleCompilationError(IncrementalCompilerImpl.scala:332)[0m
[0m[[0m[31merror[0m] [0m[0msbt.internal.inc.IncrementalCompilerImpl.compileIncrementally(IncrementalCompilerImpl.scala:420)[0m
[0m[[0m[31merror[0m] [0m[0msbt.internal.inc.IncrementalCompilerImpl.compile(IncrementalCompilerImpl.scala:137)[0m
[0m[[0m[31merror[0m] [0m[0msbt.Defaults$.compileIncrementalTaskImpl(Defaults.scala:2177)[0m
[0m[[0m[31merror[0m] [0m[0msbt.Defaults$.$anonfun$compileIncrementalTask$2(Defaults.scala:2134)[0m
[0m[[0m[31merror[0m] [0m[0msbt.internal.io.Retry$.apply(Retry.scala:40)[0m
[0m[[0m[31merror[0m] [0m[0msbt.internal.io.Retry$.apply(Retry.scala:23)[0m
[0m[[0m[31merror[0m] [0m[0msbt.internal.server.BspCompileTask$.compute(BspCompileTask.scala:31)[0m
[0m[[0m[31merror[0m] [0m[0msbt.Defaults$.$anonfun$compileIncrementalTask$1(Defaults.scala:2130)[0m
[0m[[0m[31merror[0m] [0m[0mscala.Function1.$anonfun$compose$1(Function1.scala:49)[0m
[0m[[0m[31merror[0m] [0m[0msbt.internal.util.$tilde$greater.$anonfun$$u2219$1(TypeFunctions.scala:62)[0m
[0m[[0m[31merror[0m] [0m[0msbt.std.Transform$$anon$4.work(Transform.scala:68)[0m
[0m[[0m[31merror[0m] [0m[0msbt.Execute.$anonfun$submit$2(Execute.scala:282)[0m
[0m[[0m[31merror[0m] [0m[0msbt.internal.util.ErrorHandling$.wideConvert(ErrorHandling.scala:23)[0m
[0m[[0m[31merror[0m] [0m[0msbt.Execute.work(Execute.scala:291)[0m
[0m[[0m[31merror[0m] [0m[0msbt.Execute.$anonfun$submit$1(Execute.scala:282)[0m
[0m[[0m[31merror[0m] [0m[0msbt.ConcurrentRestrictions$$anon$4.$anonfun$submitValid$1(ConcurrentRestrictions.scala:265)[0m
[0m[[0m[31merror[0m] [0m[0msbt.CompletionService$$anon$2.call(CompletionService.scala:64)[0m
[0m[[0m[31merror[0m] [0m[0mjava.base/java.util.concurrent.FutureTask.run(FutureTask.java:264)[0m
[0m[[0m[31merror[0m] [0m[0mjava.base/java.util.concurrent.Executors$RunnableAdapter.call(Executors.java:515)[0m
[0m[[0m[31merror[0m] [0m[0mjava.base/java.util.concurrent.FutureTask.run(FutureTask.java:264)[0m
[0m[[0m[31merror[0m] [0m[0mjava.base/java.util.concurrent.ThreadPoolExecutor.runWorker(ThreadPoolExecutor.java:1130)[0m
[0m[[0m[31merror[0m] [0m[0mjava.base/java.util.concurrent.ThreadPoolExecutor$Worker.run(ThreadPoolExecutor.java:630)[0m
[0m[[0m[31merror[0m] [0m[0mjava.base/java.lang.Thread.run(Thread.java:832)[0m
[0m[[0m[31merror[0m] [0m[0m           [0m
