[debug] > Exec(early(addDefaultCommands), None, None)
[debug] > Exec(addDefaultCommands, None, None)
[debug] > Exec(early(initialize), None, None)
[debug] > Exec(initialize, None, None)
[debug] > Exec(boot, None, None)
[debug] > Exec(writeSbtVersion, None, None)
[debug] > Exec(reload, None, None)
[debug] > Exec(sbtStashOnFailure, None, None)
[debug] > Exec(onFailure loadFailed, None, None)
[debug] > Exec(loadp, None, None)
[info] welcome to sbt 1.4.7 (Oracle Corporation Java 1.8.0_241)
[debug]       Load.loadUnit: plugins took 237.598767ms
[debug]       Load.loadUnit: defsScala took 0.413562ms
[debug] [Loading] Scanning directory /Users/bsnbk/.sbt/1.0/plugins
[debug] [Loading] Found non-root projects 
[debug] [Loading] Done in /Users/bsnbk/.sbt/1.0/plugins, returning: ()
[debug] deducing auto plugins based on known facts Set(Atom(sbt.plugins.CorePlugin)) and clauses Clauses(List(Clause(Atom(sbt.plugins.JvmPlugin),Set(Atom(sbt.plugins.IvyPlugin))), Clause(Atom(sbt.ScriptedPlugin),Set(Atom(sbt.plugins.JvmPlugin))), Clause(Atom(sbt.plugins.SbtPlugin),Set(Atom(sbt.ScriptedPlugin))), Clause(Atom(sbt.plugins.SemanticdbPlugin),Set(Atom(sbt.plugins.JvmPlugin))), Clause(Atom(sbt.plugins.JUnitXmlReportPlugin),Set(Atom(sbt.plugins.JvmPlugin))), Clause(Atom(sbt.plugins.MiniDependencyTreePlugin),Set(Atom(sbt.plugins.JvmPlugin))), Clause(Atom(sbt.plugins.CorePlugin),Set(Atom(sbt.plugins.IvyPlugin))), Clause(Atom(sbt.plugins.IvyPlugin),Set(Atom(sbt.plugins.JvmPlugin))), Clause(Atom(sbt.plugins.JvmPlugin),Set(Atom(sbt.plugins.SemanticdbPlugin))), Clause(Atom(sbt.plugins.JvmPlugin),Set(Atom(sbt.plugins.JUnitXmlReportPlugin))), Clause(Atom(sbt.plugins.CorePlugin),Set(Atom(sbt.plugins.Giter8TemplatePlugin))), Clause(Atom(sbt.plugins.JvmPlugin),Set(Atom(sbt.plugins.MiniDependencyTreePlugin)))))
[debug]   :: deduced result: Matched(sbt.plugins.CorePlugin,sbt.plugins.Giter8TemplatePlugin,sbt.plugins.IvyPlugin,sbt.plugins.JvmPlugin,sbt.plugins.MiniDependencyTreePlugin,sbt.plugins.JUnitXmlReportPlugin,sbt.plugins.SemanticdbPlugin)
[debug] Plugins.deducer#function took 34.755803 ms
[debug]           Load.resolveProject(global-plugins) took 66.140659ms
[debug]         Load.loadTransitive: finalizeProject(Project(id global-plugins, base: /Users/bsnbk/.sbt/1.0/plugins, plugins: List(<none>))) took 140.769429ms
[debug] [Loading] Done in /Users/bsnbk/.sbt/1.0/plugins, returning: (global-plugins)
[debug]       Load.loadUnit: loadedProjectsRaw took 174.904202ms
[debug]       Load.loadUnit: cleanEvalClasses took 0.562862ms
[debug]     Load.loadUnit(file:/Users/bsnbk/.sbt/1.0/plugins/, ...) took 425.099102ms
[debug]   Load.apply: load took 5889.369371ms
[debug]   Load.apply: resolveProjects took 10.25342ms
[debug]   Load.apply: finalTransforms took 69.094509ms
[debug]   Load.apply: config.delegates took 8.999325ms
[debug]   Load.apply: Def.make(settings)... took 427.631727ms
[debug]   Load.apply: structureIndex took 103.078371ms
[debug]   Load.apply: mkStreams took 1.890819ms
[info] loading global plugins from /Users/bsnbk/.sbt/1.0/plugins
[debug] Running task... Cancel: Signal, check cycles: false, forcegc: true
[debug] Load.defaultLoad until apply took 13331.84533ms
[debug]           Load.loadUnit: plugins took 17.333032ms
[debug]           Load.loadUnit: defsScala took 0.00392ms
[debug] [Loading] Scanning directory /Users/bsnbk/Documents/KBTU/BE/Week10/project
[debug] [Loading] Found non-root projects 
[debug] [Loading] Done in /Users/bsnbk/Documents/KBTU/BE/Week10/project, returning: ()
[debug] deducing auto plugins based on known facts Set(Atom(sbt.plugins.CorePlugin)) and clauses Clauses(List(Clause(Atom(sbt.plugins.JvmPlugin),Set(Atom(sbt.plugins.IvyPlugin))), Clause(Atom(sbt.ScriptedPlugin),Set(Atom(sbt.plugins.JvmPlugin))), Clause(Atom(sbt.plugins.SbtPlugin),Set(Atom(sbt.ScriptedPlugin))), Clause(Atom(sbt.plugins.SemanticdbPlugin),Set(Atom(sbt.plugins.JvmPlugin))), Clause(Atom(sbt.plugins.JUnitXmlReportPlugin),Set(Atom(sbt.plugins.JvmPlugin))), Clause(Atom(sbt.plugins.MiniDependencyTreePlugin),Set(Atom(sbt.plugins.JvmPlugin))), Clause(Atom(sbt.plugins.CorePlugin),Set(Atom(sbt.plugins.IvyPlugin))), Clause(Atom(sbt.plugins.IvyPlugin),Set(Atom(sbt.plugins.JvmPlugin))), Clause(Atom(sbt.plugins.JvmPlugin),Set(Atom(sbt.plugins.SemanticdbPlugin))), Clause(Atom(sbt.plugins.JvmPlugin),Set(Atom(sbt.plugins.JUnitXmlReportPlugin))), Clause(Atom(sbt.plugins.CorePlugin),Set(Atom(sbt.plugins.Giter8TemplatePlugin))), Clause(Atom(sbt.plugins.JvmPlugin),Set(Atom(sbt.plugins.MiniDependencyTreePlugin)))))
[debug]   :: deduced result: Matched(sbt.plugins.CorePlugin,sbt.plugins.Giter8TemplatePlugin,sbt.plugins.IvyPlugin,sbt.plugins.JvmPlugin,sbt.plugins.MiniDependencyTreePlugin,sbt.plugins.JUnitXmlReportPlugin,sbt.plugins.SemanticdbPlugin)
[debug] Plugins.deducer#function took 3.310304 ms
[debug]               Load.resolveProject(week10-build) took 1.233839ms
[debug]             Load.loadTransitive: finalizeProject(Project(id week10-build, base: /Users/bsnbk/Documents/KBTU/BE/Week10/project, plugins: List(<none>))) took 5.171988ms
[debug] [Loading] Done in /Users/bsnbk/Documents/KBTU/BE/Week10/project, returning: (week10-build)
[debug]           Load.loadUnit: loadedProjectsRaw took 7.13483ms
[debug]           Load.loadUnit: cleanEvalClasses took 0.009564ms
[debug]         Load.loadUnit(file:/Users/bsnbk/Documents/KBTU/BE/Week10/project/, ...) took 25.274818ms
[debug]       Load.apply: load took 26.600988ms
[debug]       Load.apply: resolveProjects took 0.108979ms
[debug]       Load.apply: finalTransforms took 10.242274ms
[debug]       Load.apply: config.delegates took 0.638997ms
[debug]       Load.apply: Def.make(settings)... took 69.376427ms
[debug]       Load.apply: structureIndex took 25.107143ms
[debug]       Load.apply: mkStreams took 0.002618ms
[info] loading project definition from /Users/bsnbk/Documents/KBTU/BE/Week10/project
[debug] Running task... Cancel: Signal, check cycles: false, forcegc: true
[debug]     Load.loadUnit: plugins took 285.793985ms
[debug]     Load.loadUnit: defsScala took 0.010945ms
[debug] [Loading] Scanning directory /Users/bsnbk/Documents/KBTU/BE/Week10
[debug]       Load.loadUnit: mkEval took 9.16621ms
[debug] [Loading] Found non-root projects 
[debug] [Loading] Done in /Users/bsnbk/Documents/KBTU/BE/Week10, returning: ()
[debug] deducing auto plugins based on known facts Set(Atom(sbt.plugins.CorePlugin)) and clauses Clauses(List(Clause(Atom(sbt.plugins.JvmPlugin),Set(Atom(sbt.plugins.IvyPlugin))), Clause(Atom(sbt.ScriptedPlugin),Set(Atom(sbt.plugins.JvmPlugin))), Clause(Atom(sbt.plugins.SbtPlugin),Set(Atom(sbt.ScriptedPlugin))), Clause(Atom(sbt.plugins.SemanticdbPlugin),Set(Atom(sbt.plugins.JvmPlugin))), Clause(Atom(sbt.plugins.JUnitXmlReportPlugin),Set(Atom(sbt.plugins.JvmPlugin))), Clause(Atom(sbt.plugins.MiniDependencyTreePlugin),Set(Atom(sbt.plugins.JvmPlugin))), Clause(Atom(sbt.plugins.CorePlugin),Set(Atom(sbt.plugins.IvyPlugin))), Clause(Atom(sbt.plugins.IvyPlugin),Set(Atom(sbt.plugins.JvmPlugin))), Clause(Atom(sbt.plugins.JvmPlugin),Set(Atom(sbt.plugins.SemanticdbPlugin))), Clause(Atom(sbt.plugins.JvmPlugin),Set(Atom(sbt.plugins.JUnitXmlReportPlugin))), Clause(Atom(sbt.plugins.CorePlugin),Set(Atom(sbt.plugins.Giter8TemplatePlugin))), Clause(Atom(sbt.plugins.JvmPlugin),Set(Atom(sbt.plugins.MiniDependencyTreePlugin)))))
[debug]   :: deduced result: Matched(sbt.plugins.CorePlugin,sbt.plugins.Giter8TemplatePlugin,sbt.plugins.IvyPlugin,sbt.plugins.JvmPlugin,sbt.plugins.MiniDependencyTreePlugin,sbt.plugins.JUnitXmlReportPlugin,sbt.plugins.SemanticdbPlugin)
[debug] Plugins.deducer#function took 1.923944 ms
[info] loading settings for project week10 from build.sbt ...
[debug]         Load.resolveProject(week10) took 3.107596ms
[debug]       Load.loadTransitive: finalizeProject(Project(id week10, base: /Users/bsnbk/Documents/KBTU/BE/Week10, plugins: List(<none>))) took 5.880039ms
[debug] [Loading] Done in /Users/bsnbk/Documents/KBTU/BE/Week10, returning: (week10)
[debug]     Load.loadUnit: loadedProjectsRaw took 181.490325ms
[debug]     Load.loadUnit: cleanEvalClasses took 7.652968ms
[debug]   Load.loadUnit(file:/Users/bsnbk/Documents/KBTU/BE/Week10/, ...) took 506.930308ms
[debug] Load.apply: load took 508.39484ms
[debug] Load.apply: resolveProjects took 0.120978ms
[debug] Load.apply: finalTransforms took 6.743299ms
[debug] Load.apply: config.delegates took 0.547744ms
[debug] Load.apply: Def.make(settings)... took 113.971067ms
[debug] Load.apply: structureIndex took 23.174712ms
[debug] Load.apply: mkStreams took 0.002438ms
[info] set current project to Week10 (in build file:/Users/bsnbk/Documents/KBTU/BE/Week10/)
[debug] > Exec(sbtPopOnFailure, None, None)
[debug] > Exec(resumeFromFailure, None, None)
[debug] > Exec(notifyUsersAboutShell, None, None)
[debug] > Exec(iflast shell, None, None)
[debug] > Exec(run, None, None)
[debug] Evaluating tasks: Compile / run
[debug] Running task... Cancel: Signal, check cycles: false, forcegc: true
[info] compiling 1 Scala source to /Users/bsnbk/Documents/KBTU/BE/Week10/target/scala-2.12/classes ...
[info] done compiling
