[debug] > Exec(early(addDefaultCommands), None, None)
[debug] > Exec(addDefaultCommands, None, None)
[debug] > Exec(early(initialize), None, None)
[debug] > Exec(initialize, None, None)
[debug] > Exec(boot, None, None)
[debug] > Exec(writeSbtVersion, None, None)
[debug] > Exec(reload, None, None)
[debug] > Exec(sbtStashOnFailure, None, None)
[debug] > Exec(onFailure loadFailed, None, None)
[debug] > Exec(loadp, None, None)
[info] welcome to sbt 1.4.7 (Oracle Corporation Java 1.8.0_241)
[debug]       Load.loadUnit: plugins took 94.124243ms
[debug]       Load.loadUnit: defsScala took 0.461847ms
[debug] [Loading] Scanning directory /Users/bsnbk/.sbt/1.0/plugins
[debug] [Loading] Found non-root projects 
[debug] [Loading] Done in /Users/bsnbk/.sbt/1.0/plugins, returning: ()
[debug] deducing auto plugins based on known facts Set(Atom(sbt.plugins.CorePlugin)) and clauses Clauses(List(Clause(Atom(sbt.plugins.JvmPlugin),Set(Atom(sbt.plugins.IvyPlugin))), Clause(Atom(sbt.ScriptedPlugin),Set(Atom(sbt.plugins.JvmPlugin))), Clause(Atom(sbt.plugins.SbtPlugin),Set(Atom(sbt.ScriptedPlugin))), Clause(Atom(sbt.plugins.SemanticdbPlugin),Set(Atom(sbt.plugins.JvmPlugin))), Clause(Atom(sbt.plugins.JUnitXmlReportPlugin),Set(Atom(sbt.plugins.JvmPlugin))), Clause(Atom(sbt.plugins.MiniDependencyTreePlugin),Set(Atom(sbt.plugins.JvmPlugin))), Clause(Atom(sbt.plugins.CorePlugin),Set(Atom(sbt.plugins.IvyPlugin))), Clause(Atom(sbt.plugins.IvyPlugin),Set(Atom(sbt.plugins.JvmPlugin))), Clause(Atom(sbt.plugins.JvmPlugin),Set(Atom(sbt.plugins.SemanticdbPlugin))), Clause(Atom(sbt.plugins.JvmPlugin),Set(Atom(sbt.plugins.JUnitXmlReportPlugin))), Clause(Atom(sbt.plugins.CorePlugin),Set(Atom(sbt.plugins.Giter8TemplatePlugin))), Clause(Atom(sbt.plugins.JvmPlugin),Set(Atom(sbt.plugins.MiniDependencyTreePlugin)))))
[debug]   :: deduced result: Matched(sbt.plugins.CorePlugin,sbt.plugins.Giter8TemplatePlugin,sbt.plugins.IvyPlugin,sbt.plugins.JvmPlugin,sbt.plugins.MiniDependencyTreePlugin,sbt.plugins.JUnitXmlReportPlugin,sbt.plugins.SemanticdbPlugin)
[debug] Plugins.deducer#function took 32.337159 ms
[debug]           Load.resolveProject(global-plugins) took 57.183597ms
[debug]         Load.loadTransitive: finalizeProject(Project(id global-plugins, base: /Users/bsnbk/.sbt/1.0/plugins, plugins: List(<none>))) took 126.973327ms
[debug] [Loading] Done in /Users/bsnbk/.sbt/1.0/plugins, returning: (global-plugins)
[debug]       Load.loadUnit: loadedProjectsRaw took 250.627182ms
[debug]       Load.loadUnit: cleanEvalClasses took 0.397366ms
[debug]     Load.loadUnit(file:/Users/bsnbk/.sbt/1.0/plugins/, ...) took 355.404224ms
[debug]   Load.apply: load took 5651.404661ms
[debug]   Load.apply: resolveProjects took 6.447511ms
[debug]   Load.apply: finalTransforms took 57.864557ms
[debug]   Load.apply: config.delegates took 7.924683ms
[debug]   Load.apply: Def.make(settings)... took 425.987614ms
[debug]   Load.apply: structureIndex took 134.690981ms
[debug]   Load.apply: mkStreams took 2.610763ms
[info] loading global plugins from /Users/bsnbk/.sbt/1.0/plugins
[debug] Running task... Cancel: Signal, check cycles: false, forcegc: true
[debug] Load.defaultLoad until apply took 12852.997406ms
[debug]           Load.loadUnit: plugins took 15.800701ms
[debug]           Load.loadUnit: defsScala took 0.004307ms
[debug] [Loading] Scanning directory /Users/bsnbk/Documents/KBTU/BE/Week10/project
[debug] [Loading] Found non-root projects 
[debug] [Loading] Done in /Users/bsnbk/Documents/KBTU/BE/Week10/project, returning: ()
[debug] deducing auto plugins based on known facts Set(Atom(sbt.plugins.CorePlugin)) and clauses Clauses(List(Clause(Atom(sbt.plugins.JvmPlugin),Set(Atom(sbt.plugins.IvyPlugin))), Clause(Atom(sbt.ScriptedPlugin),Set(Atom(sbt.plugins.JvmPlugin))), Clause(Atom(sbt.plugins.SbtPlugin),Set(Atom(sbt.ScriptedPlugin))), Clause(Atom(sbt.plugins.SemanticdbPlugin),Set(Atom(sbt.plugins.JvmPlugin))), Clause(Atom(sbt.plugins.JUnitXmlReportPlugin),Set(Atom(sbt.plugins.JvmPlugin))), Clause(Atom(sbt.plugins.MiniDependencyTreePlugin),Set(Atom(sbt.plugins.JvmPlugin))), Clause(Atom(sbt.plugins.CorePlugin),Set(Atom(sbt.plugins.IvyPlugin))), Clause(Atom(sbt.plugins.IvyPlugin),Set(Atom(sbt.plugins.JvmPlugin))), Clause(Atom(sbt.plugins.JvmPlugin),Set(Atom(sbt.plugins.SemanticdbPlugin))), Clause(Atom(sbt.plugins.JvmPlugin),Set(Atom(sbt.plugins.JUnitXmlReportPlugin))), Clause(Atom(sbt.plugins.CorePlugin),Set(Atom(sbt.plugins.Giter8TemplatePlugin))), Clause(Atom(sbt.plugins.JvmPlugin),Set(Atom(sbt.plugins.MiniDependencyTreePlugin)))))
[debug]   :: deduced result: Matched(sbt.plugins.CorePlugin,sbt.plugins.Giter8TemplatePlugin,sbt.plugins.IvyPlugin,sbt.plugins.JvmPlugin,sbt.plugins.MiniDependencyTreePlugin,sbt.plugins.JUnitXmlReportPlugin,sbt.plugins.SemanticdbPlugin)
[debug] Plugins.deducer#function took 2.213292 ms
[debug]               Load.resolveProject(week10-build) took 1.21626ms
[debug]             Load.loadTransitive: finalizeProject(Project(id week10-build, base: /Users/bsnbk/Documents/KBTU/BE/Week10/project, plugins: List(<none>))) took 4.10497ms
[debug] [Loading] Done in /Users/bsnbk/Documents/KBTU/BE/Week10/project, returning: (week10-build)
[debug]           Load.loadUnit: loadedProjectsRaw took 6.159124ms
[debug]           Load.loadUnit: cleanEvalClasses took 0.011883ms
[debug]         Load.loadUnit(file:/Users/bsnbk/Documents/KBTU/BE/Week10/project/, ...) took 22.759152ms
[debug]       Load.apply: load took 24.006253ms
[debug]       Load.apply: resolveProjects took 0.13348ms
[debug]       Load.apply: finalTransforms took 10.815616ms
[debug]       Load.apply: config.delegates took 0.507597ms
[debug]       Load.apply: Def.make(settings)... took 69.027882ms
[debug]       Load.apply: structureIndex took 24.792436ms
[debug]       Load.apply: mkStreams took 0.002353ms
[info] loading project definition from /Users/bsnbk/Documents/KBTU/BE/Week10/project
[debug] Running task... Cancel: Signal, check cycles: false, forcegc: true
[debug]     Load.loadUnit: plugins took 248.489201ms
[debug]     Load.loadUnit: defsScala took 0.003278ms
[debug] [Loading] Scanning directory /Users/bsnbk/Documents/KBTU/BE/Week10
[debug]       Load.loadUnit: mkEval took 7.861473ms
[debug] [Loading] Found non-root projects 
[debug] [Loading] Done in /Users/bsnbk/Documents/KBTU/BE/Week10, returning: ()
[debug] deducing auto plugins based on known facts Set(Atom(sbt.plugins.CorePlugin)) and clauses Clauses(List(Clause(Atom(sbt.plugins.JvmPlugin),Set(Atom(sbt.plugins.IvyPlugin))), Clause(Atom(sbt.ScriptedPlugin),Set(Atom(sbt.plugins.JvmPlugin))), Clause(Atom(sbt.plugins.SbtPlugin),Set(Atom(sbt.ScriptedPlugin))), Clause(Atom(sbt.plugins.SemanticdbPlugin),Set(Atom(sbt.plugins.JvmPlugin))), Clause(Atom(sbt.plugins.JUnitXmlReportPlugin),Set(Atom(sbt.plugins.JvmPlugin))), Clause(Atom(sbt.plugins.MiniDependencyTreePlugin),Set(Atom(sbt.plugins.JvmPlugin))), Clause(Atom(sbt.plugins.CorePlugin),Set(Atom(sbt.plugins.IvyPlugin))), Clause(Atom(sbt.plugins.IvyPlugin),Set(Atom(sbt.plugins.JvmPlugin))), Clause(Atom(sbt.plugins.JvmPlugin),Set(Atom(sbt.plugins.SemanticdbPlugin))), Clause(Atom(sbt.plugins.JvmPlugin),Set(Atom(sbt.plugins.JUnitXmlReportPlugin))), Clause(Atom(sbt.plugins.CorePlugin),Set(Atom(sbt.plugins.Giter8TemplatePlugin))), Clause(Atom(sbt.plugins.JvmPlugin),Set(Atom(sbt.plugins.MiniDependencyTreePlugin)))))
[debug]   :: deduced result: Matched(sbt.plugins.CorePlugin,sbt.plugins.Giter8TemplatePlugin,sbt.plugins.IvyPlugin,sbt.plugins.JvmPlugin,sbt.plugins.MiniDependencyTreePlugin,sbt.plugins.JUnitXmlReportPlugin,sbt.plugins.SemanticdbPlugin)
[debug] Plugins.deducer#function took 1.823897 ms
[info] loading settings for project week10 from build.sbt ...
[debug]         Load.resolveProject(week10) took 2.583031ms
[debug]       Load.loadTransitive: finalizeProject(Project(id week10, base: /Users/bsnbk/Documents/KBTU/BE/Week10, plugins: List(<none>))) took 4.925371ms
[debug] [Loading] Done in /Users/bsnbk/Documents/KBTU/BE/Week10, returning: (week10)
[debug]     Load.loadUnit: loadedProjectsRaw took 152.022215ms
[debug]     Load.loadUnit: cleanEvalClasses took 4.880366ms
[debug]   Load.loadUnit(file:/Users/bsnbk/Documents/KBTU/BE/Week10/, ...) took 406.094566ms
[debug] Load.apply: load took 407.307621ms
[debug] Load.apply: resolveProjects took 0.110038ms
[debug] Load.apply: finalTransforms took 6.728117ms
[debug] Load.apply: config.delegates took 0.460197ms
[debug] Load.apply: Def.make(settings)... took 98.696479ms
[debug] Load.apply: structureIndex took 20.176069ms
[debug] Load.apply: mkStreams took 0.002151ms
[info] set current project to Week10 (in build file:/Users/bsnbk/Documents/KBTU/BE/Week10/)
[debug] > Exec(sbtPopOnFailure, None, None)
[debug] > Exec(resumeFromFailure, None, None)
[debug] > Exec(notifyUsersAboutShell, None, None)
[debug] > Exec(iflast shell, None, None)
[debug] > Exec(run, None, None)
[debug] Evaluating tasks: Compile / run
[debug] Running task... Cancel: Signal, check cycles: false, forcegc: true
[info] compiling 3 Scala sources to /Users/bsnbk/Documents/KBTU/BE/Week10/target/scala-2.12/classes ...
[info] done compiling
[info] compiling 1 Scala source to /Users/bsnbk/Documents/KBTU/BE/Week10/target/scala-2.12/classes ...
[info] done compiling
