[debug] > Exec(early(addDefaultCommands), None, None)
[debug] > Exec(addDefaultCommands, None, None)
[debug] > Exec(early(initialize), None, None)
[debug] > Exec(initialize, None, None)
[debug] > Exec(boot, None, None)
[debug] > Exec(writeSbtVersion, None, None)
[debug] > Exec(reload, None, None)
[debug] > Exec(sbtStashOnFailure, None, None)
[debug] > Exec(onFailure loadFailed, None, None)
[debug] > Exec(loadp, None, None)
[info] welcome to sbt 1.4.7 (Oracle Corporation Java 1.8.0_241)
[debug]       Load.loadUnit: plugins took 233.219575ms
[debug]       Load.loadUnit: defsScala took 0.564933ms
[debug] [Loading] Scanning directory /Users/bsnbk/.sbt/1.0/plugins
[debug] [Loading] Found non-root projects 
[debug] [Loading] Done in /Users/bsnbk/.sbt/1.0/plugins, returning: ()
[debug] deducing auto plugins based on known facts Set(Atom(sbt.plugins.CorePlugin)) and clauses Clauses(List(Clause(Atom(sbt.plugins.JvmPlugin),Set(Atom(sbt.plugins.IvyPlugin))), Clause(Atom(sbt.ScriptedPlugin),Set(Atom(sbt.plugins.JvmPlugin))), Clause(Atom(sbt.plugins.SbtPlugin),Set(Atom(sbt.ScriptedPlugin))), Clause(Atom(sbt.plugins.SemanticdbPlugin),Set(Atom(sbt.plugins.JvmPlugin))), Clause(Atom(sbt.plugins.JUnitXmlReportPlugin),Set(Atom(sbt.plugins.JvmPlugin))), Clause(Atom(sbt.plugins.MiniDependencyTreePlugin),Set(Atom(sbt.plugins.JvmPlugin))), Clause(Atom(sbt.plugins.CorePlugin),Set(Atom(sbt.plugins.IvyPlugin))), Clause(Atom(sbt.plugins.IvyPlugin),Set(Atom(sbt.plugins.JvmPlugin))), Clause(Atom(sbt.plugins.JvmPlugin),Set(Atom(sbt.plugins.SemanticdbPlugin))), Clause(Atom(sbt.plugins.JvmPlugin),Set(Atom(sbt.plugins.JUnitXmlReportPlugin))), Clause(Atom(sbt.plugins.CorePlugin),Set(Atom(sbt.plugins.Giter8TemplatePlugin))), Clause(Atom(sbt.plugins.JvmPlugin),Set(Atom(sbt.plugins.MiniDependencyTreePlugin)))))
[debug]   :: deduced result: Matched(sbt.plugins.CorePlugin,sbt.plugins.Giter8TemplatePlugin,sbt.plugins.IvyPlugin,sbt.plugins.JvmPlugin,sbt.plugins.MiniDependencyTreePlugin,sbt.plugins.JUnitXmlReportPlugin,sbt.plugins.SemanticdbPlugin)
[debug] Plugins.deducer#function took 34.813121 ms
[debug]           Load.resolveProject(global-plugins) took 65.470277ms
[debug]         Load.loadTransitive: finalizeProject(Project(id global-plugins, base: /Users/bsnbk/.sbt/1.0/plugins, plugins: List(<none>))) took 138.317199ms
[debug] [Loading] Done in /Users/bsnbk/.sbt/1.0/plugins, returning: (global-plugins)
[debug]       Load.loadUnit: loadedProjectsRaw took 171.383472ms
[debug]       Load.loadUnit: cleanEvalClasses took 0.468028ms
[debug]     Load.loadUnit(file:/Users/bsnbk/.sbt/1.0/plugins/, ...) took 418.305016ms
[debug]   Load.apply: load took 5879.586881ms
[debug]   Load.apply: resolveProjects took 8.874203ms
[debug]   Load.apply: finalTransforms took 67.984666ms
[debug]   Load.apply: config.delegates took 9.498358ms
[debug]   Load.apply: Def.make(settings)... took 434.335146ms
[debug]   Load.apply: structureIndex took 117.480179ms
[debug]   Load.apply: mkStreams took 3.158956ms
[info] loading global plugins from /Users/bsnbk/.sbt/1.0/plugins
[debug] Running task... Cancel: Signal, check cycles: false, forcegc: true
[debug] Load.defaultLoad until apply took 13314.167321ms
[debug]           Load.loadUnit: plugins took 17.357142ms
[debug]           Load.loadUnit: defsScala took 0.003874ms
[debug] [Loading] Scanning directory /Users/bsnbk/Documents/KBTU/BE/Week10/project
[debug] [Loading] Found non-root projects 
[debug] [Loading] Done in /Users/bsnbk/Documents/KBTU/BE/Week10/project, returning: ()
[debug] deducing auto plugins based on known facts Set(Atom(sbt.plugins.CorePlugin)) and clauses Clauses(List(Clause(Atom(sbt.plugins.JvmPlugin),Set(Atom(sbt.plugins.IvyPlugin))), Clause(Atom(sbt.ScriptedPlugin),Set(Atom(sbt.plugins.JvmPlugin))), Clause(Atom(sbt.plugins.SbtPlugin),Set(Atom(sbt.ScriptedPlugin))), Clause(Atom(sbt.plugins.SemanticdbPlugin),Set(Atom(sbt.plugins.JvmPlugin))), Clause(Atom(sbt.plugins.JUnitXmlReportPlugin),Set(Atom(sbt.plugins.JvmPlugin))), Clause(Atom(sbt.plugins.MiniDependencyTreePlugin),Set(Atom(sbt.plugins.JvmPlugin))), Clause(Atom(sbt.plugins.CorePlugin),Set(Atom(sbt.plugins.IvyPlugin))), Clause(Atom(sbt.plugins.IvyPlugin),Set(Atom(sbt.plugins.JvmPlugin))), Clause(Atom(sbt.plugins.JvmPlugin),Set(Atom(sbt.plugins.SemanticdbPlugin))), Clause(Atom(sbt.plugins.JvmPlugin),Set(Atom(sbt.plugins.JUnitXmlReportPlugin))), Clause(Atom(sbt.plugins.CorePlugin),Set(Atom(sbt.plugins.Giter8TemplatePlugin))), Clause(Atom(sbt.plugins.JvmPlugin),Set(Atom(sbt.plugins.MiniDependencyTreePlugin)))))
[debug]   :: deduced result: Matched(sbt.plugins.CorePlugin,sbt.plugins.Giter8TemplatePlugin,sbt.plugins.IvyPlugin,sbt.plugins.JvmPlugin,sbt.plugins.MiniDependencyTreePlugin,sbt.plugins.JUnitXmlReportPlugin,sbt.plugins.SemanticdbPlugin)
[debug] Plugins.deducer#function took 1.938596 ms
[debug]               Load.resolveProject(week10-build) took 1.214745ms
[debug]             Load.loadTransitive: finalizeProject(Project(id week10-build, base: /Users/bsnbk/Documents/KBTU/BE/Week10/project, plugins: List(<none>))) took 3.734047ms
[debug] [Loading] Done in /Users/bsnbk/Documents/KBTU/BE/Week10/project, returning: (week10-build)
[debug]           Load.loadUnit: loadedProjectsRaw took 5.608477ms
[debug]           Load.loadUnit: cleanEvalClasses took 0.009024ms
[debug]         Load.loadUnit(file:/Users/bsnbk/Documents/KBTU/BE/Week10/project/, ...) took 23.742985ms
[debug]       Load.apply: load took 24.950376ms
[debug]       Load.apply: resolveProjects took 0.12585ms
[debug]       Load.apply: finalTransforms took 9.158114ms
[debug]       Load.apply: config.delegates took 0.514897ms
[debug]       Load.apply: Def.make(settings)... took 70.348176ms
[debug]       Load.apply: structureIndex took 23.322458ms
[debug]       Load.apply: mkStreams took 0.002095ms
[info] loading project definition from /Users/bsnbk/Documents/KBTU/BE/Week10/project
[debug] Running task... Cancel: Signal, check cycles: false, forcegc: true
[debug]     Load.loadUnit: plugins took 338.790769ms
[debug]     Load.loadUnit: defsScala took 0.003612ms
[debug] [Loading] Scanning directory /Users/bsnbk/Documents/KBTU/BE/Week10
[debug]       Load.loadUnit: mkEval took 9.17476ms
[debug] [Loading] Found non-root projects 
[debug] [Loading] Done in /Users/bsnbk/Documents/KBTU/BE/Week10, returning: ()
[debug] deducing auto plugins based on known facts Set(Atom(sbt.plugins.CorePlugin)) and clauses Clauses(List(Clause(Atom(sbt.plugins.JvmPlugin),Set(Atom(sbt.plugins.IvyPlugin))), Clause(Atom(sbt.ScriptedPlugin),Set(Atom(sbt.plugins.JvmPlugin))), Clause(Atom(sbt.plugins.SbtPlugin),Set(Atom(sbt.ScriptedPlugin))), Clause(Atom(sbt.plugins.SemanticdbPlugin),Set(Atom(sbt.plugins.JvmPlugin))), Clause(Atom(sbt.plugins.JUnitXmlReportPlugin),Set(Atom(sbt.plugins.JvmPlugin))), Clause(Atom(sbt.plugins.MiniDependencyTreePlugin),Set(Atom(sbt.plugins.JvmPlugin))), Clause(Atom(sbt.plugins.CorePlugin),Set(Atom(sbt.plugins.IvyPlugin))), Clause(Atom(sbt.plugins.IvyPlugin),Set(Atom(sbt.plugins.JvmPlugin))), Clause(Atom(sbt.plugins.JvmPlugin),Set(Atom(sbt.plugins.SemanticdbPlugin))), Clause(Atom(sbt.plugins.JvmPlugin),Set(Atom(sbt.plugins.JUnitXmlReportPlugin))), Clause(Atom(sbt.plugins.CorePlugin),Set(Atom(sbt.plugins.Giter8TemplatePlugin))), Clause(Atom(sbt.plugins.JvmPlugin),Set(Atom(sbt.plugins.MiniDependencyTreePlugin)))))
[debug]   :: deduced result: Matched(sbt.plugins.CorePlugin,sbt.plugins.Giter8TemplatePlugin,sbt.plugins.IvyPlugin,sbt.plugins.JvmPlugin,sbt.plugins.MiniDependencyTreePlugin,sbt.plugins.JUnitXmlReportPlugin,sbt.plugins.SemanticdbPlugin)
[debug] Plugins.deducer#function took 2.400557 ms
[info] loading settings for project week10 from build.sbt ...
[debug]         Load.resolveProject(week10) took 3.020346ms
[debug]       Load.loadTransitive: finalizeProject(Project(id week10, base: /Users/bsnbk/Documents/KBTU/BE/Week10, plugins: List(<none>))) took 6.045127ms
[debug] [Loading] Done in /Users/bsnbk/Documents/KBTU/BE/Week10, returning: (week10)
[debug]     Load.loadUnit: loadedProjectsRaw took 192.393095ms
[debug]     Load.loadUnit: cleanEvalClasses took 7.569126ms
[debug]   Load.loadUnit(file:/Users/bsnbk/Documents/KBTU/BE/Week10/, ...) took 539.562539ms
[debug] Load.apply: load took 540.722125ms
[debug] Load.apply: resolveProjects took 0.108525ms
[debug] Load.apply: finalTransforms took 6.077796ms
[debug] Load.apply: config.delegates took 0.368475ms
[debug] Load.apply: Def.make(settings)... took 116.36563ms
[debug] Load.apply: structureIndex took 21.146976ms
[debug] Load.apply: mkStreams took 0.003739ms
[info] set current project to Week10 (in build file:/Users/bsnbk/Documents/KBTU/BE/Week10/)
[debug] > Exec(sbtPopOnFailure, None, None)
[debug] > Exec(resumeFromFailure, None, None)
[debug] > Exec(notifyUsersAboutShell, None, None)
[debug] > Exec(iflast shell, None, None)
[debug] > Exec(run, None, None)
[debug] Evaluating tasks: Compile / run
[debug] Running task... Cancel: Signal, check cycles: false, forcegc: true
[info] compiling 6 Scala sources to /Users/bsnbk/Documents/KBTU/BE/Week10/target/scala-2.12/classes ...
[info] done compiling
