[debug] > Exec(early(addDefaultCommands), None, None)
[debug] > Exec(addDefaultCommands, None, None)
[debug] > Exec(early(initialize), None, None)
[debug] > Exec(initialize, None, None)
[debug] > Exec(boot, None, None)
[debug] > Exec(writeSbtVersion, None, None)
[debug] > Exec(reload, None, None)
[debug] > Exec(sbtStashOnFailure, None, None)
[debug] > Exec(onFailure loadFailed, None, None)
[debug] > Exec(loadp, None, None)
[info] welcome to sbt 1.4.7 (Oracle Corporation Java 1.8.0_241)
[debug]       Load.loadUnit: plugins took 104.5464ms
[debug]       Load.loadUnit: defsScala took 0.723564ms
[debug] [Loading] Scanning directory /Users/bsnbk/.sbt/1.0/plugins
[debug] [Loading] Found non-root projects 
[debug] [Loading] Done in /Users/bsnbk/.sbt/1.0/plugins, returning: ()
[debug] deducing auto plugins based on known facts Set(Atom(sbt.plugins.CorePlugin)) and clauses Clauses(List(Clause(Atom(sbt.plugins.JvmPlugin),Set(Atom(sbt.plugins.IvyPlugin))), Clause(Atom(sbt.ScriptedPlugin),Set(Atom(sbt.plugins.JvmPlugin))), Clause(Atom(sbt.plugins.SbtPlugin),Set(Atom(sbt.ScriptedPlugin))), Clause(Atom(sbt.plugins.SemanticdbPlugin),Set(Atom(sbt.plugins.JvmPlugin))), Clause(Atom(sbt.plugins.JUnitXmlReportPlugin),Set(Atom(sbt.plugins.JvmPlugin))), Clause(Atom(sbt.plugins.MiniDependencyTreePlugin),Set(Atom(sbt.plugins.JvmPlugin))), Clause(Atom(sbt.plugins.CorePlugin),Set(Atom(sbt.plugins.IvyPlugin))), Clause(Atom(sbt.plugins.IvyPlugin),Set(Atom(sbt.plugins.JvmPlugin))), Clause(Atom(sbt.plugins.JvmPlugin),Set(Atom(sbt.plugins.SemanticdbPlugin))), Clause(Atom(sbt.plugins.JvmPlugin),Set(Atom(sbt.plugins.JUnitXmlReportPlugin))), Clause(Atom(sbt.plugins.CorePlugin),Set(Atom(sbt.plugins.Giter8TemplatePlugin))), Clause(Atom(sbt.plugins.JvmPlugin),Set(Atom(sbt.plugins.MiniDependencyTreePlugin)))))
[debug]   :: deduced result: Matched(sbt.plugins.CorePlugin,sbt.plugins.Giter8TemplatePlugin,sbt.plugins.IvyPlugin,sbt.plugins.JvmPlugin,sbt.plugins.MiniDependencyTreePlugin,sbt.plugins.JUnitXmlReportPlugin,sbt.plugins.SemanticdbPlugin)
[debug] Plugins.deducer#function took 30.45592 ms
[debug]           Load.resolveProject(global-plugins) took 60.233276ms
[debug]         Load.loadTransitive: finalizeProject(Project(id global-plugins, base: /Users/bsnbk/.sbt/1.0/plugins, plugins: List(<none>))) took 230.701196ms
[debug] [Loading] Done in /Users/bsnbk/.sbt/1.0/plugins, returning: (global-plugins)
[debug]       Load.loadUnit: loadedProjectsRaw took 260.105361ms
[debug]       Load.loadUnit: cleanEvalClasses took 0.297354ms
[debug]     Load.loadUnit(file:/Users/bsnbk/.sbt/1.0/plugins/, ...) took 376.32098ms
[debug]   Load.apply: load took 5968.794526ms
[debug]   Load.apply: resolveProjects took 6.909965ms
[debug]   Load.apply: finalTransforms took 57.547697ms
[debug]   Load.apply: config.delegates took 7.537302ms
[debug]   Load.apply: Def.make(settings)... took 380.540623ms
[debug]   Load.apply: structureIndex took 97.697721ms
[debug]   Load.apply: mkStreams took 1.595665ms
[info] loading global plugins from /Users/bsnbk/.sbt/1.0/plugins
[debug] Running task... Cancel: Signal, check cycles: false, forcegc: true
[debug] Load.defaultLoad until apply took 12912.760322ms
[debug]           Load.loadUnit: plugins took 13.941191ms
[debug]           Load.loadUnit: defsScala took 0.003821ms
[debug] [Loading] Scanning directory /Users/bsnbk/Documents/KBTU/BE/Week6part2/project
[debug] [Loading] Found non-root projects 
[debug] [Loading] Done in /Users/bsnbk/Documents/KBTU/BE/Week6part2/project, returning: ()
[debug] deducing auto plugins based on known facts Set(Atom(sbt.plugins.CorePlugin)) and clauses Clauses(List(Clause(Atom(sbt.plugins.JvmPlugin),Set(Atom(sbt.plugins.IvyPlugin))), Clause(Atom(sbt.ScriptedPlugin),Set(Atom(sbt.plugins.JvmPlugin))), Clause(Atom(sbt.plugins.SbtPlugin),Set(Atom(sbt.ScriptedPlugin))), Clause(Atom(sbt.plugins.SemanticdbPlugin),Set(Atom(sbt.plugins.JvmPlugin))), Clause(Atom(sbt.plugins.JUnitXmlReportPlugin),Set(Atom(sbt.plugins.JvmPlugin))), Clause(Atom(sbt.plugins.MiniDependencyTreePlugin),Set(Atom(sbt.plugins.JvmPlugin))), Clause(Atom(sbt.plugins.CorePlugin),Set(Atom(sbt.plugins.IvyPlugin))), Clause(Atom(sbt.plugins.IvyPlugin),Set(Atom(sbt.plugins.JvmPlugin))), Clause(Atom(sbt.plugins.JvmPlugin),Set(Atom(sbt.plugins.SemanticdbPlugin))), Clause(Atom(sbt.plugins.JvmPlugin),Set(Atom(sbt.plugins.JUnitXmlReportPlugin))), Clause(Atom(sbt.plugins.CorePlugin),Set(Atom(sbt.plugins.Giter8TemplatePlugin))), Clause(Atom(sbt.plugins.JvmPlugin),Set(Atom(sbt.plugins.MiniDependencyTreePlugin)))))
[debug]   :: deduced result: Matched(sbt.plugins.CorePlugin,sbt.plugins.Giter8TemplatePlugin,sbt.plugins.IvyPlugin,sbt.plugins.JvmPlugin,sbt.plugins.MiniDependencyTreePlugin,sbt.plugins.JUnitXmlReportPlugin,sbt.plugins.SemanticdbPlugin)
[debug] Plugins.deducer#function took 1.956394 ms
[debug]               Load.resolveProject(week6part2-build) took 1.295453ms
[debug]             Load.loadTransitive: finalizeProject(Project(id week6part2-build, base: /Users/bsnbk/Documents/KBTU/BE/Week6part2/project, plugins: List(<none>))) took 3.797174ms
[debug] [Loading] Done in /Users/bsnbk/Documents/KBTU/BE/Week6part2/project, returning: (week6part2-build)
[debug]           Load.loadUnit: loadedProjectsRaw took 5.51547ms
[debug]           Load.loadUnit: cleanEvalClasses took 0.010061ms
[debug]         Load.loadUnit(file:/Users/bsnbk/Documents/KBTU/BE/Week6part2/project/, ...) took 20.250321ms
[debug]       Load.apply: load took 21.522204ms
[debug]       Load.apply: resolveProjects took 0.123775ms
[debug]       Load.apply: finalTransforms took 7.946275ms
[debug]       Load.apply: config.delegates took 0.369729ms
[debug]       Load.apply: Def.make(settings)... took 92.537347ms
[debug]       Load.apply: structureIndex took 25.688689ms
[debug]       Load.apply: mkStreams took 0.002829ms
[info] loading project definition from /Users/bsnbk/Documents/KBTU/BE/Week6part2/project
[debug] Running task... Cancel: Signal, check cycles: false, forcegc: true
[debug]     Load.loadUnit: plugins took 282.016715ms
[debug]     Load.loadUnit: defsScala took 0.002762ms
[debug] [Loading] Scanning directory /Users/bsnbk/Documents/KBTU/BE/Week6part2
[debug]       Load.loadUnit: mkEval took 7.939096ms
[debug] [Loading] Found non-root projects 
[debug] [Loading] Done in /Users/bsnbk/Documents/KBTU/BE/Week6part2, returning: ()
[debug] deducing auto plugins based on known facts Set(Atom(sbt.plugins.CorePlugin)) and clauses Clauses(List(Clause(Atom(sbt.plugins.JvmPlugin),Set(Atom(sbt.plugins.IvyPlugin))), Clause(Atom(sbt.ScriptedPlugin),Set(Atom(sbt.plugins.JvmPlugin))), Clause(Atom(sbt.plugins.SbtPlugin),Set(Atom(sbt.ScriptedPlugin))), Clause(Atom(sbt.plugins.SemanticdbPlugin),Set(Atom(sbt.plugins.JvmPlugin))), Clause(Atom(sbt.plugins.JUnitXmlReportPlugin),Set(Atom(sbt.plugins.JvmPlugin))), Clause(Atom(sbt.plugins.MiniDependencyTreePlugin),Set(Atom(sbt.plugins.JvmPlugin))), Clause(Atom(sbt.plugins.CorePlugin),Set(Atom(sbt.plugins.IvyPlugin))), Clause(Atom(sbt.plugins.IvyPlugin),Set(Atom(sbt.plugins.JvmPlugin))), Clause(Atom(sbt.plugins.JvmPlugin),Set(Atom(sbt.plugins.SemanticdbPlugin))), Clause(Atom(sbt.plugins.JvmPlugin),Set(Atom(sbt.plugins.JUnitXmlReportPlugin))), Clause(Atom(sbt.plugins.CorePlugin),Set(Atom(sbt.plugins.Giter8TemplatePlugin))), Clause(Atom(sbt.plugins.JvmPlugin),Set(Atom(sbt.plugins.MiniDependencyTreePlugin)))))
[debug]   :: deduced result: Matched(sbt.plugins.CorePlugin,sbt.plugins.Giter8TemplatePlugin,sbt.plugins.IvyPlugin,sbt.plugins.JvmPlugin,sbt.plugins.MiniDependencyTreePlugin,sbt.plugins.JUnitXmlReportPlugin,sbt.plugins.SemanticdbPlugin)
[debug] Plugins.deducer#function took 2.632133 ms
[info] loading settings for project week6part2 from build.sbt ...
[debug]         Load.resolveProject(week6part2) took 2.671893ms
[debug]       Load.loadTransitive: finalizeProject(Project(id week6part2, base: /Users/bsnbk/Documents/KBTU/BE/Week6part2, plugins: List(<none>))) took 5.86823ms
[debug] [Loading] Done in /Users/bsnbk/Documents/KBTU/BE/Week6part2, returning: (week6part2)
[debug]     Load.loadUnit: loadedProjectsRaw took 135.575909ms
[debug]     Load.loadUnit: cleanEvalClasses took 5.157215ms
[debug]   Load.loadUnit(file:/Users/bsnbk/Documents/KBTU/BE/Week6part2/, ...) took 423.514775ms
[debug] Load.apply: load took 424.628126ms
[debug] Load.apply: resolveProjects took 0.111328ms
[debug] Load.apply: finalTransforms took 6.344773ms
[debug] Load.apply: config.delegates took 0.315108ms
[debug] Load.apply: Def.make(settings)... took 87.342855ms
[debug] Load.apply: structureIndex took 19.704756ms
[debug] Load.apply: mkStreams took 0.003331ms
[info] set current project to Week6part2 (in build file:/Users/bsnbk/Documents/KBTU/BE/Week6part2/)
[debug] > Exec(sbtPopOnFailure, None, None)
[debug] > Exec(resumeFromFailure, None, None)
[debug] > Exec(notifyUsersAboutShell, None, None)
[debug] > Exec(iflast shell, None, None)
[debug] > Exec(run, None, None)
[debug] Evaluating tasks: Compile / run
[debug] Running task... Cancel: Signal, check cycles: false, forcegc: true
[info] compiling 1 Scala source to /Users/bsnbk/Documents/KBTU/BE/Week6part2/target/scala-2.13/classes ...
[info] done compiling
