[debug] > Exec(early(addDefaultCommands), None, None)
[debug] > Exec(addDefaultCommands, None, None)
[debug] > Exec(early(initialize), None, None)
[debug] > Exec(initialize, None, None)
[debug] > Exec(boot, None, None)
[debug] > Exec(writeSbtVersion, None, None)
[debug] > Exec(reload, None, None)
[debug] > Exec(sbtStashOnFailure, None, None)
[debug] > Exec(onFailure loadFailed, None, None)
[debug] > Exec(loadp, None, None)
[info] welcome to sbt 1.4.7 (Oracle Corporation Java 1.8.0_241)
[debug]       Load.loadUnit: plugins took 93.996557ms
[debug]       Load.loadUnit: defsScala took 0.352072ms
[debug] [Loading] Scanning directory /Users/bsnbk/.sbt/1.0/plugins
[debug] [Loading] Found non-root projects 
[debug] [Loading] Done in /Users/bsnbk/.sbt/1.0/plugins, returning: ()
[debug] deducing auto plugins based on known facts Set(Atom(sbt.plugins.CorePlugin)) and clauses Clauses(List(Clause(Atom(sbt.plugins.JvmPlugin),Set(Atom(sbt.plugins.IvyPlugin))), Clause(Atom(sbt.ScriptedPlugin),Set(Atom(sbt.plugins.JvmPlugin))), Clause(Atom(sbt.plugins.SbtPlugin),Set(Atom(sbt.ScriptedPlugin))), Clause(Atom(sbt.plugins.SemanticdbPlugin),Set(Atom(sbt.plugins.JvmPlugin))), Clause(Atom(sbt.plugins.JUnitXmlReportPlugin),Set(Atom(sbt.plugins.JvmPlugin))), Clause(Atom(sbt.plugins.MiniDependencyTreePlugin),Set(Atom(sbt.plugins.JvmPlugin))), Clause(Atom(sbt.plugins.CorePlugin),Set(Atom(sbt.plugins.IvyPlugin))), Clause(Atom(sbt.plugins.IvyPlugin),Set(Atom(sbt.plugins.JvmPlugin))), Clause(Atom(sbt.plugins.JvmPlugin),Set(Atom(sbt.plugins.SemanticdbPlugin))), Clause(Atom(sbt.plugins.JvmPlugin),Set(Atom(sbt.plugins.JUnitXmlReportPlugin))), Clause(Atom(sbt.plugins.CorePlugin),Set(Atom(sbt.plugins.Giter8TemplatePlugin))), Clause(Atom(sbt.plugins.JvmPlugin),Set(Atom(sbt.plugins.MiniDependencyTreePlugin)))))
[debug]   :: deduced result: Matched(sbt.plugins.CorePlugin,sbt.plugins.Giter8TemplatePlugin,sbt.plugins.IvyPlugin,sbt.plugins.JvmPlugin,sbt.plugins.MiniDependencyTreePlugin,sbt.plugins.JUnitXmlReportPlugin,sbt.plugins.SemanticdbPlugin)
[debug] Plugins.deducer#function took 144.347148 ms
[debug]           Load.resolveProject(global-plugins) took 65.525491ms
[debug]         Load.loadTransitive: finalizeProject(Project(id global-plugins, base: /Users/bsnbk/.sbt/1.0/plugins, plugins: List(<none>))) took 245.457122ms
[debug] [Loading] Done in /Users/bsnbk/.sbt/1.0/plugins, returning: (global-plugins)
[debug]       Load.loadUnit: loadedProjectsRaw took 275.562829ms
[debug]       Load.loadUnit: cleanEvalClasses took 0.341829ms
[debug]     Load.loadUnit(file:/Users/bsnbk/.sbt/1.0/plugins/, ...) took 380.28809ms
[debug]   Load.apply: load took 6013.385053ms
[debug]   Load.apply: resolveProjects took 7.796246ms
[debug]   Load.apply: finalTransforms took 70.070433ms
[debug]   Load.apply: config.delegates took 9.409758ms
[debug]   Load.apply: Def.make(settings)... took 491.562479ms
[debug]   Load.apply: structureIndex took 120.792102ms
[debug]   Load.apply: mkStreams took 2.667028ms
[info] loading global plugins from /Users/bsnbk/.sbt/1.0/plugins
[debug] Running task... Cancel: Signal, check cycles: false, forcegc: true
[debug] Load.defaultLoad until apply took 13582.853597ms
[debug]           Load.loadUnit: plugins took 23.025418ms
[debug]           Load.loadUnit: defsScala took 0.004806ms
[debug] [Loading] Scanning directory /Users/bsnbk/Documents/KBTU/BE/Week6part2/project
[debug] [Loading] Found non-root projects 
[debug] [Loading] Done in /Users/bsnbk/Documents/KBTU/BE/Week6part2/project, returning: ()
[debug] deducing auto plugins based on known facts Set(Atom(sbt.plugins.CorePlugin)) and clauses Clauses(List(Clause(Atom(sbt.plugins.JvmPlugin),Set(Atom(sbt.plugins.IvyPlugin))), Clause(Atom(sbt.ScriptedPlugin),Set(Atom(sbt.plugins.JvmPlugin))), Clause(Atom(sbt.plugins.SbtPlugin),Set(Atom(sbt.ScriptedPlugin))), Clause(Atom(sbt.plugins.SemanticdbPlugin),Set(Atom(sbt.plugins.JvmPlugin))), Clause(Atom(sbt.plugins.JUnitXmlReportPlugin),Set(Atom(sbt.plugins.JvmPlugin))), Clause(Atom(sbt.plugins.MiniDependencyTreePlugin),Set(Atom(sbt.plugins.JvmPlugin))), Clause(Atom(sbt.plugins.CorePlugin),Set(Atom(sbt.plugins.IvyPlugin))), Clause(Atom(sbt.plugins.IvyPlugin),Set(Atom(sbt.plugins.JvmPlugin))), Clause(Atom(sbt.plugins.JvmPlugin),Set(Atom(sbt.plugins.SemanticdbPlugin))), Clause(Atom(sbt.plugins.JvmPlugin),Set(Atom(sbt.plugins.JUnitXmlReportPlugin))), Clause(Atom(sbt.plugins.CorePlugin),Set(Atom(sbt.plugins.Giter8TemplatePlugin))), Clause(Atom(sbt.plugins.JvmPlugin),Set(Atom(sbt.plugins.MiniDependencyTreePlugin)))))
[debug]   :: deduced result: Matched(sbt.plugins.CorePlugin,sbt.plugins.Giter8TemplatePlugin,sbt.plugins.IvyPlugin,sbt.plugins.JvmPlugin,sbt.plugins.MiniDependencyTreePlugin,sbt.plugins.JUnitXmlReportPlugin,sbt.plugins.SemanticdbPlugin)
[debug] Plugins.deducer#function took 2.549582 ms
[debug]               Load.resolveProject(week6part2-build) took 1.40522ms
[debug]             Load.loadTransitive: finalizeProject(Project(id week6part2-build, base: /Users/bsnbk/Documents/KBTU/BE/Week6part2/project, plugins: List(<none>))) took 4.516287ms
[debug] [Loading] Done in /Users/bsnbk/Documents/KBTU/BE/Week6part2/project, returning: (week6part2-build)
[debug]           Load.loadUnit: loadedProjectsRaw took 6.509886ms
[debug]           Load.loadUnit: cleanEvalClasses took 0.008291ms
[debug]         Load.loadUnit(file:/Users/bsnbk/Documents/KBTU/BE/Week6part2/project/, ...) took 30.320032ms
[debug]       Load.apply: load took 31.474133ms
[debug]       Load.apply: resolveProjects took 0.120756ms
[debug]       Load.apply: finalTransforms took 29.263451ms
[debug]       Load.apply: config.delegates took 0.636666ms
[debug]       Load.apply: Def.make(settings)... took 74.319101ms
[debug]       Load.apply: structureIndex took 28.815753ms
[debug]       Load.apply: mkStreams took 0.002483ms
[info] loading project definition from /Users/bsnbk/Documents/KBTU/BE/Week6part2/project
[debug] Running task... Cancel: Signal, check cycles: false, forcegc: true
[debug]     Load.loadUnit: plugins took 310.101063ms
[debug]     Load.loadUnit: defsScala took 0.00352ms
[debug] [Loading] Scanning directory /Users/bsnbk/Documents/KBTU/BE/Week6part2
[debug]       Load.loadUnit: mkEval took 13.829055ms
[debug] [Loading] Found non-root projects 
[debug] [Loading] Done in /Users/bsnbk/Documents/KBTU/BE/Week6part2, returning: ()
[debug] deducing auto plugins based on known facts Set(Atom(sbt.plugins.CorePlugin)) and clauses Clauses(List(Clause(Atom(sbt.plugins.JvmPlugin),Set(Atom(sbt.plugins.IvyPlugin))), Clause(Atom(sbt.ScriptedPlugin),Set(Atom(sbt.plugins.JvmPlugin))), Clause(Atom(sbt.plugins.SbtPlugin),Set(Atom(sbt.ScriptedPlugin))), Clause(Atom(sbt.plugins.SemanticdbPlugin),Set(Atom(sbt.plugins.JvmPlugin))), Clause(Atom(sbt.plugins.JUnitXmlReportPlugin),Set(Atom(sbt.plugins.JvmPlugin))), Clause(Atom(sbt.plugins.MiniDependencyTreePlugin),Set(Atom(sbt.plugins.JvmPlugin))), Clause(Atom(sbt.plugins.CorePlugin),Set(Atom(sbt.plugins.IvyPlugin))), Clause(Atom(sbt.plugins.IvyPlugin),Set(Atom(sbt.plugins.JvmPlugin))), Clause(Atom(sbt.plugins.JvmPlugin),Set(Atom(sbt.plugins.SemanticdbPlugin))), Clause(Atom(sbt.plugins.JvmPlugin),Set(Atom(sbt.plugins.JUnitXmlReportPlugin))), Clause(Atom(sbt.plugins.CorePlugin),Set(Atom(sbt.plugins.Giter8TemplatePlugin))), Clause(Atom(sbt.plugins.JvmPlugin),Set(Atom(sbt.plugins.MiniDependencyTreePlugin)))))
[debug]   :: deduced result: Matched(sbt.plugins.CorePlugin,sbt.plugins.Giter8TemplatePlugin,sbt.plugins.IvyPlugin,sbt.plugins.JvmPlugin,sbt.plugins.MiniDependencyTreePlugin,sbt.plugins.JUnitXmlReportPlugin,sbt.plugins.SemanticdbPlugin)
[debug] Plugins.deducer#function took 1.919221 ms
[info] loading settings for project week6part2 from build.sbt ...
[debug]         Load.resolveProject(week6part2) took 2.693222ms
[debug]       Load.loadTransitive: finalizeProject(Project(id week6part2, base: /Users/bsnbk/Documents/KBTU/BE/Week6part2, plugins: List(<none>))) took 5.139827ms
[debug] [Loading] Done in /Users/bsnbk/Documents/KBTU/BE/Week6part2, returning: (week6part2)
[debug]     Load.loadUnit: loadedProjectsRaw took 177.999816ms
[debug]     Load.loadUnit: cleanEvalClasses took 5.372182ms
[debug]   Load.loadUnit(file:/Users/bsnbk/Documents/KBTU/BE/Week6part2/, ...) took 494.238167ms
[debug] Load.apply: load took 495.428303ms
[debug] Load.apply: resolveProjects took 0.145908ms
[debug] Load.apply: finalTransforms took 6.047895ms
[debug] Load.apply: config.delegates took 0.324809ms
[debug] Load.apply: Def.make(settings)... took 112.293742ms
[debug] Load.apply: structureIndex took 21.573557ms
[debug] Load.apply: mkStreams took 0.002953ms
[info] set current project to Week6part2 (in build file:/Users/bsnbk/Documents/KBTU/BE/Week6part2/)
[debug] > Exec(sbtPopOnFailure, None, None)
[debug] > Exec(resumeFromFailure, None, None)
[debug] > Exec(notifyUsersAboutShell, None, None)
[debug] > Exec(iflast shell, None, None)
[debug] > Exec(run, None, None)
[debug] Evaluating tasks: Compile / run
[debug] Running task... Cancel: Signal, check cycles: false, forcegc: true
