[debug] > Exec(early(addDefaultCommands), None, None)
[debug] > Exec(addDefaultCommands, None, None)
[debug] > Exec(early(initialize), None, None)
[debug] > Exec(initialize, None, None)
[debug] > Exec(boot, None, None)
[debug] > Exec(writeSbtVersion, None, None)
[debug] > Exec(reload, None, None)
[debug] > Exec(sbtStashOnFailure, None, None)
[debug] > Exec(onFailure loadFailed, None, None)
[debug] > Exec(loadp, None, None)
[info] welcome to sbt 1.4.7 (Oracle Corporation Java 1.8.0_241)
[debug]       Load.loadUnit: plugins took 89.738277ms
[debug]       Load.loadUnit: defsScala took 0.361017ms
[debug] [Loading] Scanning directory /Users/bsnbk/.sbt/1.0/plugins
[debug] [Loading] Found non-root projects 
[debug] [Loading] Done in /Users/bsnbk/.sbt/1.0/plugins, returning: ()
[debug] deducing auto plugins based on known facts Set(Atom(sbt.plugins.CorePlugin)) and clauses Clauses(List(Clause(Atom(sbt.plugins.JvmPlugin),Set(Atom(sbt.plugins.IvyPlugin))), Clause(Atom(sbt.ScriptedPlugin),Set(Atom(sbt.plugins.JvmPlugin))), Clause(Atom(sbt.plugins.SbtPlugin),Set(Atom(sbt.ScriptedPlugin))), Clause(Atom(sbt.plugins.SemanticdbPlugin),Set(Atom(sbt.plugins.JvmPlugin))), Clause(Atom(sbt.plugins.JUnitXmlReportPlugin),Set(Atom(sbt.plugins.JvmPlugin))), Clause(Atom(sbt.plugins.MiniDependencyTreePlugin),Set(Atom(sbt.plugins.JvmPlugin))), Clause(Atom(sbt.plugins.CorePlugin),Set(Atom(sbt.plugins.IvyPlugin))), Clause(Atom(sbt.plugins.IvyPlugin),Set(Atom(sbt.plugins.JvmPlugin))), Clause(Atom(sbt.plugins.JvmPlugin),Set(Atom(sbt.plugins.SemanticdbPlugin))), Clause(Atom(sbt.plugins.JvmPlugin),Set(Atom(sbt.plugins.JUnitXmlReportPlugin))), Clause(Atom(sbt.plugins.CorePlugin),Set(Atom(sbt.plugins.Giter8TemplatePlugin))), Clause(Atom(sbt.plugins.JvmPlugin),Set(Atom(sbt.plugins.MiniDependencyTreePlugin)))))
[debug]   :: deduced result: Matched(sbt.plugins.CorePlugin,sbt.plugins.Giter8TemplatePlugin,sbt.plugins.IvyPlugin,sbt.plugins.JvmPlugin,sbt.plugins.MiniDependencyTreePlugin,sbt.plugins.JUnitXmlReportPlugin,sbt.plugins.SemanticdbPlugin)
[debug] Plugins.deducer#function took 26.703981 ms
[debug]           Load.resolveProject(global-plugins) took 53.047767ms
[debug]         Load.loadTransitive: finalizeProject(Project(id global-plugins, base: /Users/bsnbk/.sbt/1.0/plugins, plugins: List(<none>))) took 216.987721ms
[debug] [Loading] Done in /Users/bsnbk/.sbt/1.0/plugins, returning: (global-plugins)
[debug]       Load.loadUnit: loadedProjectsRaw took 241.236985ms
[debug]       Load.loadUnit: cleanEvalClasses took 0.333913ms
[debug]     Load.loadUnit(file:/Users/bsnbk/.sbt/1.0/plugins/, ...) took 339.868594ms
[debug]   Load.apply: load took 6146.522518ms
[debug]   Load.apply: resolveProjects took 6.544176ms
[debug]   Load.apply: finalTransforms took 55.332255ms
[debug]   Load.apply: config.delegates took 7.633807ms
[debug]   Load.apply: Def.make(settings)... took 368.202138ms
[debug]   Load.apply: structureIndex took 92.240716ms
[debug]   Load.apply: mkStreams took 1.64432ms
[info] loading global plugins from /Users/bsnbk/.sbt/1.0/plugins
[debug] Running task... Cancel: Signal, check cycles: false, forcegc: true
[debug] Load.defaultLoad until apply took 12994.71638ms
[debug]           Load.loadUnit: plugins took 18.213466ms
[debug]           Load.loadUnit: defsScala took 0.004592ms
[debug] [Loading] Scanning directory /Users/bsnbk/Documents/KBTU/BE/Week6part2/project
[debug] [Loading] Found non-root projects 
[debug] [Loading] Done in /Users/bsnbk/Documents/KBTU/BE/Week6part2/project, returning: ()
[debug] deducing auto plugins based on known facts Set(Atom(sbt.plugins.CorePlugin)) and clauses Clauses(List(Clause(Atom(sbt.plugins.JvmPlugin),Set(Atom(sbt.plugins.IvyPlugin))), Clause(Atom(sbt.ScriptedPlugin),Set(Atom(sbt.plugins.JvmPlugin))), Clause(Atom(sbt.plugins.SbtPlugin),Set(Atom(sbt.ScriptedPlugin))), Clause(Atom(sbt.plugins.SemanticdbPlugin),Set(Atom(sbt.plugins.JvmPlugin))), Clause(Atom(sbt.plugins.JUnitXmlReportPlugin),Set(Atom(sbt.plugins.JvmPlugin))), Clause(Atom(sbt.plugins.MiniDependencyTreePlugin),Set(Atom(sbt.plugins.JvmPlugin))), Clause(Atom(sbt.plugins.CorePlugin),Set(Atom(sbt.plugins.IvyPlugin))), Clause(Atom(sbt.plugins.IvyPlugin),Set(Atom(sbt.plugins.JvmPlugin))), Clause(Atom(sbt.plugins.JvmPlugin),Set(Atom(sbt.plugins.SemanticdbPlugin))), Clause(Atom(sbt.plugins.JvmPlugin),Set(Atom(sbt.plugins.JUnitXmlReportPlugin))), Clause(Atom(sbt.plugins.CorePlugin),Set(Atom(sbt.plugins.Giter8TemplatePlugin))), Clause(Atom(sbt.plugins.JvmPlugin),Set(Atom(sbt.plugins.MiniDependencyTreePlugin)))))
[debug]   :: deduced result: Matched(sbt.plugins.CorePlugin,sbt.plugins.Giter8TemplatePlugin,sbt.plugins.IvyPlugin,sbt.plugins.JvmPlugin,sbt.plugins.MiniDependencyTreePlugin,sbt.plugins.JUnitXmlReportPlugin,sbt.plugins.SemanticdbPlugin)
[debug] Plugins.deducer#function took 1.987286 ms
[debug]               Load.resolveProject(week6part2-build) took 2.193298ms
[debug]             Load.loadTransitive: finalizeProject(Project(id week6part2-build, base: /Users/bsnbk/Documents/KBTU/BE/Week6part2/project, plugins: List(<none>))) took 4.771959ms
[debug] [Loading] Done in /Users/bsnbk/Documents/KBTU/BE/Week6part2/project, returning: (week6part2-build)
[debug]           Load.loadUnit: loadedProjectsRaw took 6.690821ms
[debug]           Load.loadUnit: cleanEvalClasses took 0.011934ms
[debug]         Load.loadUnit(file:/Users/bsnbk/Documents/KBTU/BE/Week6part2/project/, ...) took 25.773345ms
[debug]       Load.apply: load took 27.062818ms
[debug]       Load.apply: resolveProjects took 0.11991ms
[debug]       Load.apply: finalTransforms took 7.583019ms
[debug]       Load.apply: config.delegates took 0.403719ms
[debug]       Load.apply: Def.make(settings)... took 62.459604ms
[debug]       Load.apply: structureIndex took 23.353181ms
[debug]       Load.apply: mkStreams took 0.00245ms
[info] loading project definition from /Users/bsnbk/Documents/KBTU/BE/Week6part2/project
[debug] Running task... Cancel: Signal, check cycles: false, forcegc: true
[debug]     Load.loadUnit: plugins took 245.639234ms
[debug]     Load.loadUnit: defsScala took 0.003131ms
[debug] [Loading] Scanning directory /Users/bsnbk/Documents/KBTU/BE/Week6part2
[debug]       Load.loadUnit: mkEval took 7.834209ms
[debug] [Loading] Found non-root projects 
[debug] [Loading] Done in /Users/bsnbk/Documents/KBTU/BE/Week6part2, returning: ()
[debug] deducing auto plugins based on known facts Set(Atom(sbt.plugins.CorePlugin)) and clauses Clauses(List(Clause(Atom(sbt.plugins.JvmPlugin),Set(Atom(sbt.plugins.IvyPlugin))), Clause(Atom(sbt.ScriptedPlugin),Set(Atom(sbt.plugins.JvmPlugin))), Clause(Atom(sbt.plugins.SbtPlugin),Set(Atom(sbt.ScriptedPlugin))), Clause(Atom(sbt.plugins.SemanticdbPlugin),Set(Atom(sbt.plugins.JvmPlugin))), Clause(Atom(sbt.plugins.JUnitXmlReportPlugin),Set(Atom(sbt.plugins.JvmPlugin))), Clause(Atom(sbt.plugins.MiniDependencyTreePlugin),Set(Atom(sbt.plugins.JvmPlugin))), Clause(Atom(sbt.plugins.CorePlugin),Set(Atom(sbt.plugins.IvyPlugin))), Clause(Atom(sbt.plugins.IvyPlugin),Set(Atom(sbt.plugins.JvmPlugin))), Clause(Atom(sbt.plugins.JvmPlugin),Set(Atom(sbt.plugins.SemanticdbPlugin))), Clause(Atom(sbt.plugins.JvmPlugin),Set(Atom(sbt.plugins.JUnitXmlReportPlugin))), Clause(Atom(sbt.plugins.CorePlugin),Set(Atom(sbt.plugins.Giter8TemplatePlugin))), Clause(Atom(sbt.plugins.JvmPlugin),Set(Atom(sbt.plugins.MiniDependencyTreePlugin)))))
[debug]   :: deduced result: Matched(sbt.plugins.CorePlugin,sbt.plugins.Giter8TemplatePlugin,sbt.plugins.IvyPlugin,sbt.plugins.JvmPlugin,sbt.plugins.MiniDependencyTreePlugin,sbt.plugins.JUnitXmlReportPlugin,sbt.plugins.SemanticdbPlugin)
[debug] Plugins.deducer#function took 2.27532 ms
[info] loading settings for project week6part2 from build.sbt ...
[debug]         Load.resolveProject(week6part2) took 2.790866ms
[debug]       Load.loadTransitive: finalizeProject(Project(id week6part2, base: /Users/bsnbk/Documents/KBTU/BE/Week6part2, plugins: List(<none>))) took 5.611911ms
[debug] [Loading] Done in /Users/bsnbk/Documents/KBTU/BE/Week6part2, returning: (week6part2)
[debug]     Load.loadUnit: loadedProjectsRaw took 145.259885ms
[debug]     Load.loadUnit: cleanEvalClasses took 7.882491ms
[debug]   Load.loadUnit(file:/Users/bsnbk/Documents/KBTU/BE/Week6part2/, ...) took 399.477511ms
[debug] Load.apply: load took 400.886554ms
[debug] Load.apply: resolveProjects took 0.13993ms
[debug] Load.apply: finalTransforms took 6.193956ms
[debug] Load.apply: config.delegates took 0.332219ms
[debug] Load.apply: Def.make(settings)... took 95.455509ms
[debug] Load.apply: structureIndex took 18.178037ms
[debug] Load.apply: mkStreams took 0.002243ms
[info] set current project to Week6part2 (in build file:/Users/bsnbk/Documents/KBTU/BE/Week6part2/)
[debug] > Exec(sbtPopOnFailure, None, None)
[debug] > Exec(resumeFromFailure, None, None)
[debug] > Exec(notifyUsersAboutShell, None, None)
[debug] > Exec(iflast shell, None, None)
[debug] > Exec(run, None, None)
[debug] Evaluating tasks: Compile / run
[debug] Running task... Cancel: Signal, check cycles: false, forcegc: true
[info] compiling 5 Scala sources to /Users/bsnbk/Documents/KBTU/BE/Week6part2/target/scala-2.13/classes ...
[info] done compiling
